2024-09-17 14:47:01.258 [info] [main] Log level: Info
2024-09-17 14:47:01.258 [info] [main] Validating found git in: "git"
2024-09-17 14:47:01.258 [info] [main] Using git "2.34.1" from "git"
2024-09-17 14:47:01.258 [info] [Model][doInitialScan] Initial repository scan started
2024-09-17 14:47:01.258 [info] > git rev-parse --show-toplevel [91ms]
2024-09-17 14:47:01.258 [info] > git rev-parse --git-dir --git-common-dir [4ms]
2024-09-17 14:47:01.258 [info] [Model][openRepository] Opened repository: /home/teresayuexinzhang
2024-09-17 14:47:01.258 [info] > git rev-parse --show-toplevel [5ms]
2024-09-17 14:47:01.258 [info] > git config --get commit.template [8ms]
2024-09-17 14:47:01.339 [info] > git rev-parse --show-toplevel [119ms]
2024-09-17 14:47:01.345 [info] [Model][doInitialScan] Initial repository scan completed - repositories (1), closed repositories (0), parent repositories (0), unsafe repositories (0)
2024-09-17 14:47:01.358 [info] > git for-each-ref --format=%(refname)%00%(upstream:short)%00%(objectname)%00%(upstream:track)%00%(upstream:remotename)%00%(upstream:remoteref) refs/heads/main refs/remotes/main [95ms]
2024-09-17 14:47:01.675 [info] > git status -z -uall [300ms]
2024-09-17 14:47:01.814 [info] > git for-each-ref --format=%(refname)%00%(upstream:short)%00%(objectname)%00%(upstream:track)%00%(upstream:remotename)%00%(upstream:remoteref) refs/heads/main refs/remotes/main [103ms]
2024-09-17 14:47:02.320 [info] > git config --local branch.main.vscode-merge-base [500ms]
2024-09-17 14:47:02.320 [warning] [Git][config] git config failed: Failed to execute git
2024-09-17 14:47:02.325 [info] > git config --get commit.template [521ms]
2024-09-17 14:47:02.420 [info] > git check-ignore -v -z --stdin [87ms]
2024-09-17 14:47:02.422 [info] > git for-each-ref --format=%(refname)%00%(upstream:short)%00%(objectname)%00%(upstream:track)%00%(upstream:remotename)%00%(upstream:remoteref) refs/heads/main refs/remotes/main [10ms]
2024-09-17 14:47:02.427 [info] > git reflog main --grep-reflog=branch: Created from *. [102ms]
2024-09-17 14:47:02.462 [info] > git symbolic-ref --short refs/remotes/origin/HEAD [31ms]
2024-09-17 14:47:02.462 [info] fatal: ref refs/remotes/origin/HEAD is not a symbolic ref
2024-09-17 14:47:02.488 [info] > git merge-base refs/heads/main refs/remotes/origin/main [16ms]
2024-09-17 14:47:02.511 [info] > git rev-list --count --left-right refs/heads/main...refs/remotes/origin/main [9ms]
2024-09-17 14:47:02.675 [info] > git show --textconv :CSCE313_PA1/client.cpp [138ms]
2024-09-17 14:47:02.676 [info] > git diff --name-status -z --diff-filter=ADMR 07f41e9a57c6d9acfb3e5e99054ac543a7902304...refs/remotes/origin/main [145ms]
2024-09-17 14:47:02.688 [info] > git ls-files --stage -- /home/teresayuexinzhang/CSCE313_PA1/client.cpp [141ms]
2024-09-17 14:47:02.691 [info] > git status -z -uall [232ms]
2024-09-17 14:47:02.764 [info] > git for-each-ref --format=%(refname)%00%(upstream:short)%00%(objectname)%00%(upstream:track)%00%(upstream:remotename)%00%(upstream:remoteref) refs/heads/main refs/remotes/main [52ms]
2024-09-17 14:47:02.770 [info] > git config --local branch.main.vscode-merge-base [2ms]
2024-09-17 14:47:02.770 [warning] [Git][config] git config failed: Failed to execute git
2024-09-17 14:47:02.777 [info] > git reflog main --grep-reflog=branch: Created from *. [3ms]
2024-09-17 14:47:02.782 [info] > git symbolic-ref --short refs/remotes/origin/HEAD [1ms]
2024-09-17 14:47:02.782 [info] fatal: ref refs/remotes/origin/HEAD is not a symbolic ref
2024-09-17 14:47:05.664 [info] > git config --get commit.template [3ms]
2024-09-17 14:47:05.670 [info] > git for-each-ref --format=%(refname)%00%(upstream:short)%00%(objectname)%00%(upstream:track)%00%(upstream:remotename)%00%(upstream:remoteref) refs/heads/main refs/remotes/main [2ms]
2024-09-17 14:47:05.731 [info] > git status -z -uall [57ms]
2024-09-17 14:47:05.766 [info] > git for-each-ref --format=%(refname)%00%(upstream:short)%00%(objectname)%00%(upstream:track)%00%(upstream:remotename)%00%(upstream:remoteref) refs/heads/main refs/remotes/main [27ms]
2024-09-17 14:47:05.774 [info] > git config --local branch.main.vscode-merge-base [2ms]
2024-09-17 14:47:05.774 [warning] [Git][config] git config failed: Failed to execute git
2024-09-17 14:47:05.781 [info] > git reflog main --grep-reflog=branch: Created from *. [3ms]
2024-09-17 14:47:05.786 [info] > git symbolic-ref --short refs/remotes/origin/HEAD [2ms]
2024-09-17 14:47:05.786 [info] fatal: ref refs/remotes/origin/HEAD is not a symbolic ref
2024-09-17 14:47:10.774 [info] > git config --get commit.template [5ms]
2024-09-17 14:47:10.775 [info] > git for-each-ref --format=%(refname)%00%(upstream:short)%00%(objectname)%00%(upstream:track)%00%(upstream:remotename)%00%(upstream:remoteref) refs/heads/main refs/remotes/main [3ms]
2024-09-17 14:47:10.825 [info] > git status -z -uall [46ms]
2024-09-17 14:47:10.866 [info] > git for-each-ref --format=%(refname)%00%(upstream:short)%00%(objectname)%00%(upstream:track)%00%(upstream:remotename)%00%(upstream:remoteref) refs/heads/main refs/remotes/main [33ms]
2024-09-17 14:47:10.872 [info] > git config --local branch.main.vscode-merge-base [1ms]
2024-09-17 14:47:10.872 [warning] [Git][config] git config failed: Failed to execute git
2024-09-17 14:47:10.878 [info] > git reflog main --grep-reflog=branch: Created from *. [3ms]
2024-09-17 14:47:10.884 [info] > git symbolic-ref --short refs/remotes/origin/HEAD [0ms]
2024-09-17 14:47:10.884 [info] fatal: ref refs/remotes/origin/HEAD is not a symbolic ref
2024-09-17 14:47:14.601 [info] > git ls-files --stage -- /home/teresayuexinzhang/CSCE313_PA1/client.cpp [3ms]
2024-09-17 14:47:14.657 [info] > git show --textconv :CSCE313_PA1/client.cpp [3ms]
2024-09-17 14:47:16.667 [info] > git config --get commit.template [2ms]
2024-09-17 14:47:16.674 [info] > git for-each-ref --format=%(refname)%00%(upstream:short)%00%(objectname)%00%(upstream:track)%00%(upstream:remotename)%00%(upstream:remoteref) refs/heads/main refs/remotes/main [2ms]
2024-09-17 14:47:16.735 [info] > git status -z -uall [56ms]
2024-09-17 14:47:16.775 [info] > git for-each-ref --format=%(refname)%00%(upstream:short)%00%(objectname)%00%(upstream:track)%00%(upstream:remotename)%00%(upstream:remoteref) refs/heads/main refs/remotes/main [25ms]
2024-09-17 14:47:16.782 [info] > git config --local branch.main.vscode-merge-base [2ms]
2024-09-17 14:47:16.782 [warning] [Git][config] git config failed: Failed to execute git
2024-09-17 14:47:16.789 [info] > git reflog main --grep-reflog=branch: Created from *. [3ms]
2024-09-17 14:47:16.798 [info] > git symbolic-ref --short refs/remotes/origin/HEAD [4ms]
2024-09-17 14:47:16.798 [info] fatal: ref refs/remotes/origin/HEAD is not a symbolic ref
