2024-09-08 18:45:44.385 [info] Extension host with pid 196905 started
2024-09-08 18:45:44.429 [info] Lock '/home/teresayuexinzhang/.vscode-server/data/User/workspaceStorage/1edc432ddeeaa44b759379ac5b717ffb/vscode.lock': Lock acquired.
2024-09-08 18:45:44.925 [info] ExtensionService#_doActivateExtension vscode.emmet, startup: false, activationEvent: 'onLanguage'
2024-09-08 18:45:44.929 [info] ExtensionService#_doActivateExtension vscode.git-base, startup: false, activationEvent: '*', root cause: vscode.git
2024-09-08 18:45:45.379 [info] ExtensionService#_doActivateExtension vscode.git, startup: false, activationEvent: '*'
2024-09-08 18:45:45.379 [info] ExtensionService#_doActivateExtension vscode.github, startup: false, activationEvent: '*'
2024-09-08 18:45:45.916 [info] Eager extensions activated
2024-09-08 18:45:45.916 [info] ExtensionService#_doActivateExtension vscode.debug-auto-launch, startup: false, activationEvent: 'onStartupFinished'
2024-09-08 18:45:45.917 [info] ExtensionService#_doActivateExtension vscode.merge-conflict, startup: false, activationEvent: 'onStartupFinished'
2024-09-08 18:45:46.448 [warning] [Decorations] CAPPING events from decorations provider vscode.git 1359
2024-09-08 18:45:47.153 [warning] [Decorations] CAPPING events from decorations provider vscode.git 1359
2024-09-09 08:13:36.399 [info] Extension host terminating: renderer disconnected for too long (1)
2024-09-09 08:13:36.427 [info] Lock '/home/teresayuexinzhang/.vscode-server/data/User/workspaceStorage/1edc432ddeeaa44b759379ac5b717ffb/vscode.lock': Marking the lockfile as scheduled to be released in 6000 ms.
2024-09-09 08:13:36.547 [error] Canceled: Canceled
	at new D (/home/teresayuexinzhang/.vscode-server/cli/servers/Stable-4849ca9bdf9666755eb463db297b69e5385090e3/server/out/vs/workbench/api/node/extensionHostProcess.js:151:35235)
	at y.U (/home/teresayuexinzhang/.vscode-server/cli/servers/Stable-4849ca9bdf9666755eb463db297b69e5385090e3/server/out/vs/workbench/api/node/extensionHostProcess.js:158:6005)
	at V.<computed>.F.charCodeAt.A.CharCode.DollarSign.V.<computed> (/home/teresayuexinzhang/.vscode-server/cli/servers/Stable-4849ca9bdf9666755eb463db297b69e5385090e3/server/out/vs/workbench/api/node/extensionHostProcess.js:158:3107)
	at h.g (/home/teresayuexinzhang/.vscode-server/cli/servers/Stable-4849ca9bdf9666755eb463db297b69e5385090e3/server/out/vs/workbench/api/node/extensionHostProcess.js:161:210015)
	at h.executeCommand (/home/teresayuexinzhang/.vscode-server/cli/servers/Stable-4849ca9bdf9666755eb463db297b69e5385090e3/server/out/vs/workbench/api/node/extensionHostProcess.js:161:209453)
	at C.registerCommand.description (/home/teresayuexinzhang/.vscode-server/cli/servers/Stable-4849ca9bdf9666755eb463db297b69e5385090e3/server/out/vs/workbench/api/node/extensionHostProcess.js:161:208777)
	at h (/home/teresayuexinzhang/.vscode-server/cli/servers/Stable-4849ca9bdf9666755eb463db297b69e5385090e3/server/out/vs/workbench/api/node/extensionHostProcess.js:161:210554)
	at h.g (/home/teresayuexinzhang/.vscode-server/cli/servers/Stable-4849ca9bdf9666755eb463db297b69e5385090e3/server/out/vs/workbench/api/node/extensionHostProcess.js:161:209546)
	at h.executeCommand (/home/teresayuexinzhang/.vscode-server/cli/servers/Stable-4849ca9bdf9666755eb463db297b69e5385090e3/server/out/vs/workbench/api/node/extensionHostProcess.js:161:209453)
	at Object.executeCommand (/home/teresayuexinzhang/.vscode-server/cli/servers/Stable-4849ca9bdf9666755eb463db297b69e5385090e3/server/out/vs/workbench/api/node/extensionHostProcess.js:171:30683)
	at i.O [as value] (/home/teresayuexinzhang/.vscode-server/cli/servers/Stable-4849ca9bdf9666755eb463db297b69e5385090e3/server/extensions/git/dist/main.js:2:952009)
	at r.B (/home/teresayuexinzhang/.vscode-server/cli/servers/Stable-4849ca9bdf9666755eb463db297b69e5385090e3/server/out/vs/workbench/api/node/extensionHostProcess.js:90:732)
	at r.C (/home/teresayuexinzhang/.vscode-server/cli/servers/Stable-4849ca9bdf9666755eb463db297b69e5385090e3/server/out/vs/workbench/api/node/extensionHostProcess.js:90:802)
	at r.fire (/home/teresayuexinzhang/.vscode-server/cli/servers/Stable-4849ca9bdf9666755eb463db297b69e5385090e3/server/out/vs/workbench/api/node/extensionHostProcess.js:90:1018)
	at Object.p [as dispose] (/home/teresayuexinzhang/.vscode-server/cli/servers/Stable-4849ca9bdf9666755eb463db297b69e5385090e3/server/extensions/git/dist/main.js:2:972587)
	at /home/teresayuexinzhang/.vscode-server/cli/servers/Stable-4849ca9bdf9666755eb463db297b69e5385090e3/server/extensions/git/dist/main.js:2:978709
	at Array.forEach (<anonymous>)
	at f.dispose (/home/teresayuexinzhang/.vscode-server/cli/servers/Stable-4849ca9bdf9666755eb463db297b69e5385090e3/server/extensions/git/dist/main.js:2:978695)
	at o.<anonymous> (/home/teresayuexinzhang/.vscode-server/cli/servers/Stable-4849ca9bdf9666755eb463db297b69e5385090e3/server/out/vs/workbench/api/node/extensionHostProcess.js:159:4176)
	at o.dispose (/home/teresayuexinzhang/.vscode-server/cli/servers/Stable-4849ca9bdf9666755eb463db297b69e5385090e3/server/out/vs/workbench/api/node/extensionHostProcess.js:159:4273)
	at o.<anonymous> (/home/teresayuexinzhang/.vscode-server/cli/servers/Stable-4849ca9bdf9666755eb463db297b69e5385090e3/server/extensions/git/dist/main.js:2:954307)
	at o.dispose (/home/teresayuexinzhang/.vscode-server/cli/servers/Stable-4849ca9bdf9666755eb463db297b69e5385090e3/server/out/vs/workbench/api/node/extensionHostProcess.js:159:4273)
	at $ (/home/teresayuexinzhang/.vscode-server/cli/servers/Stable-4849ca9bdf9666755eb463db297b69e5385090e3/server/out/vs/workbench/api/node/extensionHostProcess.js:30:744)
	at /home/teresayuexinzhang/.vscode-server/cli/servers/Stable-4849ca9bdf9666755eb463db297b69e5385090e3/server/out/vs/workbench/api/node/extensionHostProcess.js:167:13607
	at /home/teresayuexinzhang/.vscode-server/cli/servers/Stable-4849ca9bdf9666755eb463db297b69e5385090e3/server/out/vs/workbench/api/node/extensionHostProcess.js:30:1112
	at Object.dispose (/home/teresayuexinzhang/.vscode-server/cli/servers/Stable-4849ca9bdf9666755eb463db297b69e5385090e3/server/out/vs/workbench/api/node/extensionHostProcess.js:11:11463)
	at m.eb (/home/teresayuexinzhang/.vscode-server/cli/servers/Stable-4849ca9bdf9666755eb463db297b69e5385090e3/server/out/vs/workbench/api/node/extensionHostProcess.js:167:10282)
	at /home/teresayuexinzhang/.vscode-server/cli/servers/Stable-4849ca9bdf9666755eb463db297b69e5385090e3/server/out/vs/workbench/api/node/extensionHostProcess.js:167:8153
	at Array.map (<anonymous>)
	at m.$ (/home/teresayuexinzhang/.vscode-server/cli/servers/Stable-4849ca9bdf9666755eb463db297b69e5385090e3/server/out/vs/workbench/api/node/extensionHostProcess.js:167:8140)
	at m.terminate (/home/teresayuexinzhang/.vscode-server/cli/servers/Stable-4849ca9bdf9666755eb463db297b69e5385090e3/server/out/vs/workbench/api/node/extensionHostProcess.js:167:8413)
	at $.terminate (/home/teresayuexinzhang/.vscode-server/cli/servers/Stable-4849ca9bdf9666755eb463db297b69e5385090e3/server/out/vs/workbench/api/node/extensionHostProcess.js:171:1513)
	at n (/home/teresayuexinzhang/.vscode-server/cli/servers/Stable-4849ca9bdf9666755eb463db297b69e5385090e3/server/out/vs/workbench/api/node/extensionHostProcess.js:184:10613)
	at F.a (/home/teresayuexinzhang/.vscode-server/cli/servers/Stable-4849ca9bdf9666755eb463db297b69e5385090e3/server/out/vs/workbench/api/node/extensionHostProcess.js:184:7218)
	at F.h (/home/teresayuexinzhang/.vscode-server/cli/servers/Stable-4849ca9bdf9666755eb463db297b69e5385090e3/server/out/vs/workbench/api/node/extensionHostProcess.js:107:22030)
	at listOnTimeout (node:internal/timers:573:17)
	at process.processTimers (node:internal/timers:514:7) setContext undefined
2024-09-09 08:13:36.550 [error] Canceled: Canceled
	at new D (/home/teresayuexinzhang/.vscode-server/cli/servers/Stable-4849ca9bdf9666755eb463db297b69e5385090e3/server/out/vs/workbench/api/node/extensionHostProcess.js:151:35235)
	at y.U (/home/teresayuexinzhang/.vscode-server/cli/servers/Stable-4849ca9bdf9666755eb463db297b69e5385090e3/server/out/vs/workbench/api/node/extensionHostProcess.js:158:6005)
	at V.<computed>.F.charCodeAt.A.CharCode.DollarSign.V.<computed> (/home/teresayuexinzhang/.vscode-server/cli/servers/Stable-4849ca9bdf9666755eb463db297b69e5385090e3/server/out/vs/workbench/api/node/extensionHostProcess.js:158:3107)
	at h.g (/home/teresayuexinzhang/.vscode-server/cli/servers/Stable-4849ca9bdf9666755eb463db297b69e5385090e3/server/out/vs/workbench/api/node/extensionHostProcess.js:161:210015)
	at h.executeCommand (/home/teresayuexinzhang/.vscode-server/cli/servers/Stable-4849ca9bdf9666755eb463db297b69e5385090e3/server/out/vs/workbench/api/node/extensionHostProcess.js:161:209453)
	at C.registerCommand.description (/home/teresayuexinzhang/.vscode-server/cli/servers/Stable-4849ca9bdf9666755eb463db297b69e5385090e3/server/out/vs/workbench/api/node/extensionHostProcess.js:161:208777)
	at h (/home/teresayuexinzhang/.vscode-server/cli/servers/Stable-4849ca9bdf9666755eb463db297b69e5385090e3/server/out/vs/workbench/api/node/extensionHostProcess.js:161:210554)
	at h.g (/home/teresayuexinzhang/.vscode-server/cli/servers/Stable-4849ca9bdf9666755eb463db297b69e5385090e3/server/out/vs/workbench/api/node/extensionHostProcess.js:161:209546)
	at h.executeCommand (/home/teresayuexinzhang/.vscode-server/cli/servers/Stable-4849ca9bdf9666755eb463db297b69e5385090e3/server/out/vs/workbench/api/node/extensionHostProcess.js:161:209453)
	at Object.executeCommand (/home/teresayuexinzhang/.vscode-server/cli/servers/Stable-4849ca9bdf9666755eb463db297b69e5385090e3/server/out/vs/workbench/api/node/extensionHostProcess.js:171:30683)
	at set hasGitHubRepositories [as hasGitHubRepositories] (/home/teresayuexinzhang/.vscode-server/cli/servers/Stable-4849ca9bdf9666755eb463db297b69e5385090e3/server/extensions/github/dist/extension.js:2:322969)
	at /home/teresayuexinzhang/.vscode-server/cli/servers/Stable-4849ca9bdf9666755eb463db297b69e5385090e3/server/extensions/github/dist/extension.js:2:323928
	at i.value (/home/teresayuexinzhang/.vscode-server/cli/servers/Stable-4849ca9bdf9666755eb463db297b69e5385090e3/server/extensions/git/dist/main.js:2:1060944)
	at r.B (/home/teresayuexinzhang/.vscode-server/cli/servers/Stable-4849ca9bdf9666755eb463db297b69e5385090e3/server/out/vs/workbench/api/node/extensionHostProcess.js:90:732)
	at r.C (/home/teresayuexinzhang/.vscode-server/cli/servers/Stable-4849ca9bdf9666755eb463db297b69e5385090e3/server/out/vs/workbench/api/node/extensionHostProcess.js:90:802)
	at r.fire (/home/teresayuexinzhang/.vscode-server/cli/servers/Stable-4849ca9bdf9666755eb463db297b69e5385090e3/server/out/vs/workbench/api/node/extensionHostProcess.js:90:1018)
	at Object.p [as dispose] (/home/teresayuexinzhang/.vscode-server/cli/servers/Stable-4849ca9bdf9666755eb463db297b69e5385090e3/server/extensions/git/dist/main.js:2:972587)
	at /home/teresayuexinzhang/.vscode-server/cli/servers/Stable-4849ca9bdf9666755eb463db297b69e5385090e3/server/extensions/git/dist/main.js:2:978709
	at Array.forEach (<anonymous>)
	at f.dispose (/home/teresayuexinzhang/.vscode-server/cli/servers/Stable-4849ca9bdf9666755eb463db297b69e5385090e3/server/extensions/git/dist/main.js:2:978695)
	at o.<anonymous> (/home/teresayuexinzhang/.vscode-server/cli/servers/Stable-4849ca9bdf9666755eb463db297b69e5385090e3/server/out/vs/workbench/api/node/extensionHostProcess.js:159:4176)
	at o.dispose (/home/teresayuexinzhang/.vscode-server/cli/servers/Stable-4849ca9bdf9666755eb463db297b69e5385090e3/server/out/vs/workbench/api/node/extensionHostProcess.js:159:4273)
	at o.<anonymous> (/home/teresayuexinzhang/.vscode-server/cli/servers/Stable-4849ca9bdf9666755eb463db297b69e5385090e3/server/extensions/git/dist/main.js:2:954307)
	at o.dispose (/home/teresayuexinzhang/.vscode-server/cli/servers/Stable-4849ca9bdf9666755eb463db297b69e5385090e3/server/out/vs/workbench/api/node/extensionHostProcess.js:159:4273)
	at $ (/home/teresayuexinzhang/.vscode-server/cli/servers/Stable-4849ca9bdf9666755eb463db297b69e5385090e3/server/out/vs/workbench/api/node/extensionHostProcess.js:30:744)
	at /home/teresayuexinzhang/.vscode-server/cli/servers/Stable-4849ca9bdf9666755eb463db297b69e5385090e3/server/out/vs/workbench/api/node/extensionHostProcess.js:167:13607
	at /home/teresayuexinzhang/.vscode-server/cli/servers/Stable-4849ca9bdf9666755eb463db297b69e5385090e3/server/out/vs/workbench/api/node/extensionHostProcess.js:30:1112
	at Object.dispose (/home/teresayuexinzhang/.vscode-server/cli/servers/Stable-4849ca9bdf9666755eb463db297b69e5385090e3/server/out/vs/workbench/api/node/extensionHostProcess.js:11:11463)
	at m.eb (/home/teresayuexinzhang/.vscode-server/cli/servers/Stable-4849ca9bdf9666755eb463db297b69e5385090e3/server/out/vs/workbench/api/node/extensionHostProcess.js:167:10282)
	at /home/teresayuexinzhang/.vscode-server/cli/servers/Stable-4849ca9bdf9666755eb463db297b69e5385090e3/server/out/vs/workbench/api/node/extensionHostProcess.js:167:8153
	at Array.map (<anonymous>)
	at m.$ (/home/teresayuexinzhang/.vscode-server/cli/servers/Stable-4849ca9bdf9666755eb463db297b69e5385090e3/server/out/vs/workbench/api/node/extensionHostProcess.js:167:8140)
	at m.terminate (/home/teresayuexinzhang/.vscode-server/cli/servers/Stable-4849ca9bdf9666755eb463db297b69e5385090e3/server/out/vs/workbench/api/node/extensionHostProcess.js:167:8413)
	at $.terminate (/home/teresayuexinzhang/.vscode-server/cli/servers/Stable-4849ca9bdf9666755eb463db297b69e5385090e3/server/out/vs/workbench/api/node/extensionHostProcess.js:171:1513)
	at n (/home/teresayuexinzhang/.vscode-server/cli/servers/Stable-4849ca9bdf9666755eb463db297b69e5385090e3/server/out/vs/workbench/api/node/extensionHostProcess.js:184:10613)
	at F.a (/home/teresayuexinzhang/.vscode-server/cli/servers/Stable-4849ca9bdf9666755eb463db297b69e5385090e3/server/out/vs/workbench/api/node/extensionHostProcess.js:184:7218)
	at F.h (/home/teresayuexinzhang/.vscode-server/cli/servers/Stable-4849ca9bdf9666755eb463db297b69e5385090e3/server/out/vs/workbench/api/node/extensionHostProcess.js:107:22030)
	at listOnTimeout (node:internal/timers:573:17)
	at process.processTimers (node:internal/timers:514:7) setContext undefined
2024-09-09 08:13:36.551 [info] Extension host with pid 196905 exiting with code 0
