2024-08-27 19:39:07.406 [info] [main] Log level: Info
2024-08-27 19:39:07.406 [info] [main] Validating found git in: "git"
2024-08-27 19:39:07.406 [info] [main] Using git "2.34.1" from "git"
2024-08-27 19:39:07.406 [info] [Model][doInitialScan] Initial repository scan started
2024-08-27 19:39:07.406 [info] > git rev-parse --show-toplevel [4ms]
2024-08-27 19:39:07.417 [info] > git rev-parse --git-dir --git-common-dir [20ms]
2024-08-27 19:39:07.440 [info] [Model][openRepository] Opened repository: /home/teresayuexinzhang
2024-08-27 19:39:07.462 [info] > git config --get commit.template [10ms]
2024-08-27 19:39:07.475 [info] > git rev-parse --show-toplevel [16ms]
2024-08-27 19:39:07.488 [info] > git for-each-ref --format=%(refname)%00%(upstream:short)%00%(objectname)%00%(upstream:track)%00%(upstream:remotename)%00%(upstream:remoteref) refs/heads/main refs/remotes/main [16ms]
2024-08-27 19:39:07.496 [info] > git rev-parse --show-toplevel [9ms]
2024-08-27 19:39:07.508 [info] > git rev-parse --show-toplevel [5ms]
2024-08-27 19:39:07.518 [info] > git rev-parse --show-toplevel [5ms]
2024-08-27 19:39:07.529 [info] > git status -z -uall [36ms]
2024-08-27 19:39:07.556 [info] > git for-each-ref --format=%(refname)%00%(upstream:short)%00%(objectname)%00%(upstream:track)%00%(upstream:remotename)%00%(upstream:remoteref) refs/heads/main refs/remotes/main [18ms]
2024-08-27 19:39:07.565 [info] > git rev-parse --show-toplevel [41ms]
2024-08-27 19:39:07.607 [info] > git config --local branch.main.vscode-merge-base [45ms]
2024-08-27 19:39:07.607 [warning] [Git][config] git config failed: Failed to execute git
2024-08-27 19:39:07.612 [info] > git config --get commit.template [58ms]
2024-08-27 19:39:07.625 [info] > git rev-parse --show-toplevel [56ms]
2024-08-27 19:39:07.635 [info] > git reflog main --grep-reflog=branch: Created from *. [23ms]
2024-08-27 19:39:07.663 [info] > git symbolic-ref --short refs/remotes/origin/HEAD [25ms]
2024-08-27 19:39:07.663 [info] fatal: ref refs/remotes/origin/HEAD is not a symbolic ref
2024-08-27 19:39:07.664 [info] > git rev-parse --show-toplevel [29ms]
2024-08-27 19:39:07.668 [info] [Model][doInitialScan] Initial repository scan completed - repositories (1), closed repositories (0), parent repositories (0), unsafe repositories (0)
2024-08-27 19:39:07.668 [info] > git for-each-ref --format=%(refname)%00%(upstream:short)%00%(objectname)%00%(upstream:track)%00%(upstream:remotename)%00%(upstream:remoteref) refs/heads/main refs/remotes/main [39ms]
2024-08-27 19:39:07.697 [info] > git status -z -uall [24ms]
2024-08-27 19:39:07.707 [info] > git for-each-ref --format=%(refname)%00%(upstream:short)%00%(objectname)%00%(upstream:track)%00%(upstream:remotename)%00%(upstream:remoteref) refs/heads/main refs/remotes/main [6ms]
2024-08-27 19:39:07.714 [info] > git config --local branch.main.vscode-merge-base [2ms]
2024-08-27 19:39:07.714 [warning] [Git][config] git config failed: Failed to execute git
2024-08-27 19:39:07.721 [info] > git reflog main --grep-reflog=branch: Created from *. [3ms]
2024-08-27 19:39:07.727 [info] > git symbolic-ref --short refs/remotes/origin/HEAD [2ms]
2024-08-27 19:39:07.728 [info] fatal: ref refs/remotes/origin/HEAD is not a symbolic ref
2024-08-27 19:39:08.095 [info] > git check-ignore -v -z --stdin [11ms]
2024-08-27 19:39:10.457 [info] > git check-ignore -v -z --stdin [5ms]
2024-08-27 19:39:11.832 [info] > git check-ignore -v -z --stdin [3ms]
2024-08-27 19:39:13.121 [info] > git check-ignore -v -z --stdin [3ms]
2024-08-27 19:39:15.187 [info] > git check-ignore -v -z --stdin [3ms]
2024-08-27 19:39:25.106 [info] > git check-ignore -v -z --stdin [4ms]
2024-08-27 19:39:31.325 [info] > git check-ignore -v -z --stdin [3ms]
2024-08-27 19:39:42.677 [info] > git ls-files --stage -- /home/teresayuexinzhang/.ssh/authorized_keys [30ms]
2024-08-27 19:39:42.690 [info] > git show --textconv :.ssh/authorized_keys [51ms]
2024-08-27 19:39:42.692 [info] > git cat-file -s 2d777bacc7529544a5ef3ec783f316865b11d627 [3ms]
2024-08-27 19:39:45.155 [info] > git check-ignore -v -z --stdin [5ms]
2024-08-27 19:39:47.520 [info] > git check-ignore -v -z --stdin [3ms]
2024-08-27 19:39:53.873 [info] > git show --textconv :.bash_history [9ms]
2024-08-27 19:39:53.874 [info] > git ls-files --stage -- /home/teresayuexinzhang/.bash_history [4ms]
2024-08-27 19:39:53.881 [info] > git cat-file -s 00cb69e3a317ac532be5e4b9f45a2af233225f26 [3ms]
2024-08-27 19:39:56.834 [info] > git show --textconv :.bash_logout [6ms]
2024-08-27 19:39:56.837 [info] > git ls-files --stage -- /home/teresayuexinzhang/.bash_logout [4ms]
2024-08-27 19:39:56.842 [info] > git cat-file -s de4f5f75d7ccd3a5b62bd2ce683ed678a5cb72c2 [3ms]
2024-08-27 19:39:59.287 [info] > git show --textconv :.bashrc [6ms]
2024-08-27 19:39:59.291 [info] > git ls-files --stage -- /home/teresayuexinzhang/.bashrc [5ms]
2024-08-27 19:39:59.297 [info] > git cat-file -s b488fcc4cee656840d7a756298456eaa243b3e46 [3ms]
2024-08-27 19:40:00.536 [info] > git show --textconv :.bash_logout [6ms]
2024-08-27 19:40:00.539 [info] > git ls-files --stage -- /home/teresayuexinzhang/.bash_logout [4ms]
2024-08-27 19:40:00.545 [info] > git cat-file -s de4f5f75d7ccd3a5b62bd2ce683ed678a5cb72c2 [2ms]
2024-08-27 19:40:01.343 [info] > git show --textconv :.gitconfig [5ms]
2024-08-27 19:40:01.346 [info] > git ls-files --stage -- /home/teresayuexinzhang/.gitconfig [4ms]
2024-08-27 19:40:02.412 [info] > git show --textconv :.bash_history [6ms]
2024-08-27 19:40:02.414 [info] > git ls-files --stage -- /home/teresayuexinzhang/.bash_history [3ms]
2024-08-27 19:40:02.419 [info] > git cat-file -s 00cb69e3a317ac532be5e4b9f45a2af233225f26 [3ms]
2024-08-27 19:40:08.491 [info] > git show --textconv :.viminfo [8ms]
2024-08-27 19:40:08.492 [info] > git ls-files --stage -- /home/teresayuexinzhang/.viminfo [5ms]
2024-08-27 19:40:08.497 [info] > git cat-file -s 2a5bc010b320a7454aa8f33013b001b40612d9f0 [2ms]
2024-08-27 19:40:10.527 [info] > git show --textconv :.wget-hsts [7ms]
2024-08-27 19:40:10.528 [info] > git ls-files --stage -- /home/teresayuexinzhang/.wget-hsts [3ms]
2024-08-27 19:40:10.533 [info] > git cat-file -s ab105b0075d12fa77d6b8265933b2f5acd0d4a21 [2ms]
2024-08-27 19:40:14.507 [info] > git show --textconv :debug_buggy.c [6ms]
2024-08-27 19:40:14.508 [info] > git ls-files --stage -- /home/teresayuexinzhang/debug_buggy.c [3ms]
2024-08-27 19:40:14.513 [info] > git cat-file -s 551ad9e8ff0ff55e64a388c097fd6a7da50d9284 [2ms]
2024-08-27 19:40:16.017 [info] > git show --textconv :.wget-hsts [6ms]
2024-08-27 19:40:16.019 [info] > git ls-files --stage -- /home/teresayuexinzhang/.wget-hsts [3ms]
2024-08-27 19:40:16.026 [info] > git cat-file -s ab105b0075d12fa77d6b8265933b2f5acd0d4a21 [3ms]
2024-08-27 19:40:35.097 [info] > git show --textconv :debug_buggy.c [5ms]
2024-08-27 19:40:35.099 [info] > git ls-files --stage -- /home/teresayuexinzhang/debug_buggy.c [4ms]
2024-08-27 19:40:35.103 [info] > git cat-file -s 551ad9e8ff0ff55e64a388c097fd6a7da50d9284 [2ms]
2024-08-27 19:40:41.990 [info] > git show --textconv :debug_buggy.c [5ms]
2024-08-27 19:40:41.993 [info] > git ls-files --stage -- /home/teresayuexinzhang/debug_buggy.c [4ms]
2024-08-27 19:40:41.998 [info] > git cat-file -s 551ad9e8ff0ff55e64a388c097fd6a7da50d9284 [2ms]
2024-08-27 19:40:55.654 [info] > git check-ignore -v -z --stdin [3ms]
2024-08-27 19:41:11.824 [info] > git check-ignore -v -z --stdin [2ms]
2024-08-27 19:41:14.868 [info] > git show --textconv :Pre_CSCE331/debug_buggy.c [9ms]
2024-08-27 19:41:14.870 [info] > git ls-files --stage -- /home/teresayuexinzhang/Pre_CSCE331/debug_buggy.c [5ms]
2024-08-27 19:41:15.082 [info] > git check-ignore -v -z --stdin [3ms]
2024-08-27 19:41:41.907 [info] > git ls-files --stage -- /home/teresayuexinzhang/Pre_CSCE331/debug_buggy.c [3ms]
2024-08-27 19:41:41.967 [info] > git show --textconv :Pre_CSCE331/debug_buggy.c [2ms]
2024-08-27 19:42:19.274 [info] > git ls-files --stage -- /home/teresayuexinzhang/Pre_CSCE331/debug_buggy.c [3ms]
2024-08-27 19:42:19.333 [info] > git show --textconv :Pre_CSCE331/debug_buggy.c [3ms]
