2024-09-10 18:11:27.281 [info] [main] Log level: Info
2024-09-10 18:11:27.281 [info] [main] Validating found git in: "git"
2024-09-10 18:11:27.281 [info] [main] Using git "2.34.1" from "git"
2024-09-10 18:11:27.281 [info] [Model][doInitialScan] Initial repository scan started
2024-09-10 18:11:27.281 [info] > git rev-parse --show-toplevel [66ms]
2024-09-10 18:11:27.281 [info] > git rev-parse --git-dir --git-common-dir [50ms]
2024-09-10 18:11:27.281 [info] [Model][openRepository] Opened repository: /home/teresayuexinzhang
2024-09-10 18:11:27.285 [info] > git config --get commit.template [7ms]
2024-09-10 18:11:27.285 [info] > git rev-parse --show-toplevel [5ms]
2024-09-10 18:11:27.299 [info] [Model][doInitialScan] Initial repository scan completed - repositories (1), closed repositories (0), parent repositories (0), unsafe repositories (0)
2024-09-10 18:11:27.311 [info] > git for-each-ref --format=%(refname)%00%(upstream:short)%00%(objectname)%00%(upstream:track)%00%(upstream:remotename)%00%(upstream:remoteref) refs/heads/main refs/remotes/main [6ms]
2024-09-10 18:11:27.558 [info] > git status -z -uall [240ms]
2024-09-10 18:11:27.594 [info] > git for-each-ref --format=%(refname)%00%(upstream:short)%00%(objectname)%00%(upstream:track)%00%(upstream:remotename)%00%(upstream:remoteref) refs/heads/main refs/remotes/main [21ms]
2024-09-10 18:11:27.605 [info] > git config --get commit.template [11ms]
2024-09-10 18:11:27.614 [info] > git config --local branch.main.vscode-merge-base [11ms]
2024-09-10 18:11:27.614 [warning] [Git][config] git config failed: Failed to execute git
2024-09-10 18:11:27.630 [info] > git for-each-ref --format=%(refname)%00%(upstream:short)%00%(objectname)%00%(upstream:track)%00%(upstream:remotename)%00%(upstream:remoteref) refs/heads/main refs/remotes/main [18ms]
2024-09-10 18:11:27.645 [info] > git reflog main --grep-reflog=branch: Created from *. [19ms]
2024-09-10 18:11:27.749 [info] > git status -z -uall [104ms]
2024-09-10 18:11:27.759 [info] > git symbolic-ref --short refs/remotes/origin/HEAD [104ms]
2024-09-10 18:11:27.760 [info] fatal: ref refs/remotes/origin/HEAD is not a symbolic ref
2024-09-10 18:11:27.979 [info] > git show --textconv :Lab2/shell.cpp [201ms]
2024-09-10 18:11:27.980 [info] > git for-each-ref --format=%(refname)%00%(upstream:short)%00%(objectname)%00%(upstream:track)%00%(upstream:remotename)%00%(upstream:remoteref) refs/heads/main refs/remotes/main [225ms]
2024-09-10 18:11:28.012 [info] > git config --local branch.main.vscode-merge-base [21ms]
2024-09-10 18:11:28.012 [warning] [Git][config] git config failed: Failed to execute git
2024-09-10 18:11:28.020 [info] > git ls-files --stage -- /home/teresayuexinzhang/Lab2/shell.cpp [233ms]
2024-09-10 18:11:28.029 [info] > git merge-base refs/heads/main refs/remotes/origin/main [261ms]
2024-09-10 18:11:28.052 [info] > git check-ignore -v -z --stdin [53ms]
2024-09-10 18:11:28.053 [info] > git cat-file -s 933daa0d1cfc0d5e92252829e4c2e2f0b4f7c39d [25ms]
2024-09-10 18:11:28.057 [info] > git reflog main --grep-reflog=branch: Created from *. [38ms]
2024-09-10 18:11:28.063 [info] > git rev-list --count --left-right refs/heads/main...refs/remotes/origin/main [15ms]
2024-09-10 18:11:28.111 [info] > git symbolic-ref --short refs/remotes/origin/HEAD [50ms]
2024-09-10 18:11:28.111 [info] fatal: ref refs/remotes/origin/HEAD is not a symbolic ref
2024-09-10 18:11:28.112 [info] > git diff --name-status -z --diff-filter=ADMR 63472a1f986fecc1f8519020c5a72faa15a039cf...refs/remotes/origin/main [43ms]
2024-09-10 18:26:09.498 [info] > git config --get commit.template [19ms]
2024-09-10 18:26:09.505 [info] > git for-each-ref --format=%(refname)%00%(upstream:short)%00%(objectname)%00%(upstream:track)%00%(upstream:remotename)%00%(upstream:remoteref) refs/heads/main refs/remotes/main [19ms]
2024-09-10 18:26:09.723 [info] > git status -z -uall [210ms]
2024-09-10 18:26:09.735 [info] > git for-each-ref --format=%(refname)%00%(upstream:short)%00%(objectname)%00%(upstream:track)%00%(upstream:remotename)%00%(upstream:remoteref) refs/heads/main refs/remotes/main [5ms]
2024-09-10 18:26:09.743 [info] > git config --local branch.main.vscode-merge-base [2ms]
2024-09-10 18:26:09.744 [warning] [Git][config] git config failed: Failed to execute git
2024-09-10 18:26:09.770 [info] > git reflog main --grep-reflog=branch: Created from *. [20ms]
2024-09-10 18:26:09.780 [info] > git symbolic-ref --short refs/remotes/origin/HEAD [5ms]
2024-09-10 18:26:09.780 [info] fatal: ref refs/remotes/origin/HEAD is not a symbolic ref
2024-09-10 18:26:14.747 [info] > git config --get commit.template [5ms]
2024-09-10 18:26:14.748 [info] > git for-each-ref --format=%(refname)%00%(upstream:short)%00%(objectname)%00%(upstream:track)%00%(upstream:remotename)%00%(upstream:remoteref) refs/heads/main refs/remotes/main [2ms]
2024-09-10 18:26:14.790 [info] > git status -z -uall [37ms]
2024-09-10 18:26:14.800 [info] > git for-each-ref --format=%(refname)%00%(upstream:short)%00%(objectname)%00%(upstream:track)%00%(upstream:remotename)%00%(upstream:remoteref) refs/heads/main refs/remotes/main [3ms]
2024-09-10 18:26:14.807 [info] > git config --local branch.main.vscode-merge-base [3ms]
2024-09-10 18:26:14.807 [warning] [Git][config] git config failed: Failed to execute git
2024-09-10 18:26:14.814 [info] > git reflog main --grep-reflog=branch: Created from *. [3ms]
2024-09-10 18:26:14.820 [info] > git symbolic-ref --short refs/remotes/origin/HEAD [2ms]
2024-09-10 18:26:14.820 [info] fatal: ref refs/remotes/origin/HEAD is not a symbolic ref
2024-09-10 18:26:19.809 [info] > git config --get commit.template [3ms]
2024-09-10 18:26:19.817 [info] > git for-each-ref --format=%(refname)%00%(upstream:short)%00%(objectname)%00%(upstream:track)%00%(upstream:remotename)%00%(upstream:remoteref) refs/heads/main refs/remotes/main [3ms]
2024-09-10 18:26:19.860 [info] > git status -z -uall [37ms]
2024-09-10 18:26:19.878 [info] > git for-each-ref --format=%(refname)%00%(upstream:short)%00%(objectname)%00%(upstream:track)%00%(upstream:remotename)%00%(upstream:remoteref) refs/heads/main refs/remotes/main [10ms]
2024-09-10 18:26:19.887 [info] > git config --local branch.main.vscode-merge-base [4ms]
2024-09-10 18:26:19.887 [warning] [Git][config] git config failed: Failed to execute git
2024-09-10 18:26:19.906 [info] > git reflog main --grep-reflog=branch: Created from *. [13ms]
2024-09-10 18:26:19.916 [info] > git symbolic-ref --short refs/remotes/origin/HEAD [5ms]
2024-09-10 18:26:19.916 [info] fatal: ref refs/remotes/origin/HEAD is not a symbolic ref
