2024-09-08 18:45:46.013 [info] [main] Log level: Info
2024-09-08 18:45:46.013 [info] [main] Validating found git in: "git"
2024-09-08 18:45:46.013 [info] [main] Using git "2.34.1" from "git"
2024-09-08 18:45:46.013 [info] [Model][doInitialScan] Initial repository scan started
2024-09-08 18:45:46.013 [info] > git rev-parse --show-toplevel [51ms]
2024-09-08 18:45:46.013 [info] > git rev-parse --git-dir --git-common-dir [3ms]
2024-09-08 18:45:46.013 [info] [Model][openRepository] Opened repository: /home/teresayuexinzhang
2024-09-08 18:45:46.013 [info] [Model][doInitialScan] Initial repository scan completed - repositories (1), closed repositories (0), parent repositories (0), unsafe repositories (0)
2024-09-08 18:45:46.013 [info] > git config --get commit.template [9ms]
2024-09-08 18:45:46.081 [info] > git for-each-ref --format=%(refname)%00%(upstream:short)%00%(objectname)%00%(upstream:track)%00%(upstream:remotename)%00%(upstream:remoteref) refs/heads/main refs/remotes/main [63ms]
2024-09-08 18:45:46.349 [info] > git status -z -uall [262ms]
2024-09-08 18:45:46.474 [info] > git for-each-ref --format=%(refname)%00%(upstream:short)%00%(objectname)%00%(upstream:track)%00%(upstream:remotename)%00%(upstream:remoteref) refs/heads/main refs/remotes/main [88ms]
2024-09-08 18:45:47.013 [info] > git config --local branch.main.vscode-merge-base [532ms]
2024-09-08 18:45:47.014 [warning] [Git][config] git config failed: Failed to execute git
2024-09-08 18:45:47.021 [info] > git config --get commit.template [548ms]
2024-09-08 18:45:47.040 [info] > git check-ignore -v -z --stdin [14ms]
2024-09-08 18:45:47.065 [info] > git for-each-ref --format=%(refname)%00%(upstream:short)%00%(objectname)%00%(upstream:track)%00%(upstream:remotename)%00%(upstream:remoteref) refs/heads/main refs/remotes/main [27ms]
2024-09-08 18:45:47.069 [info] > git reflog main --grep-reflog=branch: Created from *. [48ms]
2024-09-08 18:45:47.078 [info] > git symbolic-ref --short refs/remotes/origin/HEAD [6ms]
2024-09-08 18:45:47.079 [info] fatal: ref refs/remotes/origin/HEAD is not a symbolic ref
2024-09-08 18:45:47.091 [info] > git merge-base refs/heads/main refs/remotes/origin/main [5ms]
2024-09-08 18:45:47.103 [info] > git rev-list --count --left-right refs/heads/main...refs/remotes/origin/main [4ms]
2024-09-08 18:45:47.112 [info] > git diff --name-status -z --diff-filter=ADMR 06caf4a1c3804689c3feeb0509dd53a2370af48b...refs/remotes/origin/main [4ms]
2024-09-08 18:45:47.119 [info] > git status -z -uall [42ms]
2024-09-08 18:45:47.294 [info] > git for-each-ref --format=%(refname)%00%(upstream:short)%00%(objectname)%00%(upstream:track)%00%(upstream:remotename)%00%(upstream:remoteref) refs/heads/main refs/remotes/main [163ms]
2024-09-08 18:45:47.576 [info] > git config --local branch.main.vscode-merge-base [278ms]
2024-09-08 18:45:47.576 [warning] [Git][config] git config failed: Failed to execute git
2024-09-08 18:45:47.586 [info] > git reflog main --grep-reflog=branch: Created from *. [4ms]
2024-09-08 18:45:47.593 [info] > git symbolic-ref --short refs/remotes/origin/HEAD [2ms]
2024-09-08 18:45:47.593 [info] fatal: ref refs/remotes/origin/HEAD is not a symbolic ref
