2024-09-25 01:26:47.719 [info] [main] Log level: Info
2024-09-25 01:26:47.719 [info] [main] Validating found git in: "git"
2024-09-25 01:26:47.719 [info] [main] Using git "2.34.1" from "git"
2024-09-25 01:26:47.719 [info] [Model][doInitialScan] Initial repository scan started
2024-09-25 01:26:47.719 [info] > git rev-parse --show-toplevel [58ms]
2024-09-25 01:26:47.719 [info] > git rev-parse --git-dir --git-common-dir [3ms]
2024-09-25 01:26:47.719 [info] [Model][openRepository] Opened repository: /home/teresayuexinzhang
2024-09-25 01:26:47.762 [info] > git rev-parse --show-toplevel [35ms]
2024-09-25 01:26:47.764 [info] > git config --get commit.template [39ms]
2024-09-25 01:26:47.777 [info] > git rev-parse --show-toplevel [10ms]
2024-09-25 01:26:47.785 [info] > git for-each-ref --format=%(refname)%00%(upstream:short)%00%(objectname)%00%(upstream:track)%00%(upstream:remotename)%00%(upstream:remoteref) refs/heads/main refs/remotes/main [13ms]
2024-09-25 01:26:47.801 [info] > git rev-parse --show-toplevel [17ms]
2024-09-25 01:26:47.831 [info] > git rev-parse --show-toplevel [7ms]
2024-09-25 01:26:47.837 [info] [Model][doInitialScan] Initial repository scan completed - repositories (1), closed repositories (0), parent repositories (0), unsafe repositories (0)
2024-09-25 01:26:47.957 [info] > git status -z -uall [159ms]
2024-09-25 01:26:48.036 [info] > git for-each-ref --format=%(refname)%00%(upstream:short)%00%(objectname)%00%(upstream:track)%00%(upstream:remotename)%00%(upstream:remoteref) refs/heads/main refs/remotes/main [64ms]
2024-09-25 01:26:48.046 [info] > git config --get commit.template [17ms]
2024-09-25 01:26:48.053 [info] > git config --local branch.main.vscode-merge-base [9ms]
2024-09-25 01:26:48.054 [warning] [Git][config] git config failed: Failed to execute git
2024-09-25 01:26:48.066 [info] > git for-each-ref --format=%(refname)%00%(upstream:short)%00%(objectname)%00%(upstream:track)%00%(upstream:remotename)%00%(upstream:remoteref) refs/heads/main refs/remotes/main [14ms]
2024-09-25 01:26:48.237 [info] > git reflog main --grep-reflog=branch: Created from *. [173ms]
2024-09-25 01:26:48.250 [info] > git symbolic-ref --short refs/remotes/origin/HEAD [9ms]
2024-09-25 01:26:48.250 [info] fatal: ref refs/remotes/origin/HEAD is not a symbolic ref
2024-09-25 01:26:48.290 [info] > git merge-base refs/heads/main refs/remotes/origin/main [30ms]
2024-09-25 01:26:48.511 [info] > git status -z -uall [263ms]
2024-09-25 01:26:48.511 [info] > git check-ignore -v -z --stdin [224ms]
2024-09-25 01:26:48.513 [info] > git rev-list --count --left-right refs/heads/main...refs/remotes/origin/main [202ms]
2024-09-25 01:26:48.609 [info] > git show --textconv :CSCE313_PA1/client1.cpp [81ms]
2024-09-25 01:26:48.609 [info] > git show --textconv :CSCE313_PA1/client.cpp [73ms]
2024-09-25 01:26:48.609 [info] > git for-each-ref --format=%(refname)%00%(upstream:short)%00%(objectname)%00%(upstream:track)%00%(upstream:remotename)%00%(upstream:remoteref) refs/heads/main refs/remotes/main [29ms]
2024-09-25 01:26:48.625 [info] > git ls-files --stage -- /home/teresayuexinzhang/CSCE313_PA1/client.cpp [70ms]
2024-09-25 01:26:48.631 [info] > git ls-files --stage -- /home/teresayuexinzhang/CSCE313_PA1/client1.cpp [84ms]
2024-09-25 01:26:48.633 [info] > git diff --name-status -z --diff-filter=ADMR 0cd50804bee2e1a885c878f3d0759bb4fedcbc26...refs/remotes/origin/main [116ms]
2024-09-25 01:26:48.673 [info] > git config --local branch.main.vscode-merge-base [49ms]
2024-09-25 01:26:48.673 [warning] [Git][config] git config failed: Failed to execute git
2024-09-25 01:26:48.866 [info] > git reflog main --grep-reflog=branch: Created from *. [184ms]
2024-09-25 01:26:48.871 [info] > git cat-file -s 5eb82bfd320f0b51aa9c922b67f3ee6ba355b83c [239ms]
2024-09-25 01:26:48.874 [info] > git symbolic-ref --short refs/remotes/origin/HEAD [4ms]
2024-09-25 01:26:48.874 [info] fatal: ref refs/remotes/origin/HEAD is not a symbolic ref
2024-09-25 01:29:27.305 [info] > git config --get commit.template [239ms]
2024-09-25 01:29:27.313 [info] > git for-each-ref --format=%(refname)%00%(upstream:short)%00%(objectname)%00%(upstream:track)%00%(upstream:remotename)%00%(upstream:remoteref) refs/heads/main refs/remotes/main [12ms]
2024-09-25 01:29:29.560 [info] > git status -z -uall [2242ms]
2024-09-25 01:29:31.317 [info] > git for-each-ref --format=%(refname)%00%(upstream:short)%00%(objectname)%00%(upstream:track)%00%(upstream:remotename)%00%(upstream:remoteref) refs/heads/main refs/remotes/main [1511ms]
2024-09-25 01:29:31.803 [info] > git config --local branch.main.vscode-merge-base [227ms]
2024-09-25 01:29:31.804 [warning] [Git][config] git config failed: Failed to execute git
2024-09-25 01:29:31.826 [info] > git reflog main --grep-reflog=branch: Created from *. [17ms]
2024-09-25 01:29:32.055 [info] > git symbolic-ref --short refs/remotes/origin/HEAD [5ms]
2024-09-25 01:29:32.055 [info] fatal: ref refs/remotes/origin/HEAD is not a symbolic ref
2024-09-25 01:30:56.941 [info] > git config --get commit.template [8ms]
2024-09-25 01:30:56.943 [info] > git for-each-ref --format=%(refname)%00%(upstream:short)%00%(objectname)%00%(upstream:track)%00%(upstream:remotename)%00%(upstream:remoteref) refs/heads/main refs/remotes/main [3ms]
2024-09-25 01:30:57.010 [info] > git status -z -uall [62ms]
2024-09-25 01:30:57.045 [info] > git for-each-ref --format=%(refname)%00%(upstream:short)%00%(objectname)%00%(upstream:track)%00%(upstream:remotename)%00%(upstream:remoteref) refs/heads/main refs/remotes/main [24ms]
2024-09-25 01:30:57.054 [info] > git config --local branch.main.vscode-merge-base [5ms]
2024-09-25 01:30:57.054 [warning] [Git][config] git config failed: Failed to execute git
2024-09-25 01:30:57.062 [info] > git reflog main --grep-reflog=branch: Created from *. [3ms]
2024-09-25 01:30:57.067 [info] > git symbolic-ref --short refs/remotes/origin/HEAD [2ms]
2024-09-25 01:30:57.067 [info] fatal: ref refs/remotes/origin/HEAD is not a symbolic ref
2024-09-25 01:31:02.055 [info] > git config --get commit.template [5ms]
2024-09-25 01:31:02.057 [info] > git for-each-ref --format=%(refname)%00%(upstream:short)%00%(objectname)%00%(upstream:track)%00%(upstream:remotename)%00%(upstream:remoteref) refs/heads/main refs/remotes/main [3ms]
2024-09-25 01:31:02.110 [info] > git status -z -uall [49ms]
2024-09-25 01:31:02.129 [info] > git for-each-ref --format=%(refname)%00%(upstream:short)%00%(objectname)%00%(upstream:track)%00%(upstream:remotename)%00%(upstream:remoteref) refs/heads/main refs/remotes/main [10ms]
2024-09-25 01:31:02.134 [info] > git config --local branch.main.vscode-merge-base [2ms]
2024-09-25 01:31:02.134 [warning] [Git][config] git config failed: Failed to execute git
2024-09-25 01:31:02.141 [info] > git reflog main --grep-reflog=branch: Created from *. [3ms]
2024-09-25 01:31:02.147 [info] > git symbolic-ref --short refs/remotes/origin/HEAD [2ms]
2024-09-25 01:31:02.147 [info] fatal: ref refs/remotes/origin/HEAD is not a symbolic ref
2024-09-25 01:31:07.142 [info] > git config --get commit.template [8ms]
2024-09-25 01:31:07.143 [info] > git for-each-ref --format=%(refname)%00%(upstream:short)%00%(objectname)%00%(upstream:track)%00%(upstream:remotename)%00%(upstream:remoteref) refs/heads/main refs/remotes/main [4ms]
2024-09-25 01:31:07.204 [info] > git status -z -uall [55ms]
2024-09-25 01:31:07.231 [info] > git for-each-ref --format=%(refname)%00%(upstream:short)%00%(objectname)%00%(upstream:track)%00%(upstream:remotename)%00%(upstream:remoteref) refs/heads/main refs/remotes/main [14ms]
2024-09-25 01:31:07.242 [info] > git config --local branch.main.vscode-merge-base [4ms]
2024-09-25 01:31:07.242 [warning] [Git][config] git config failed: Failed to execute git
2024-09-25 01:31:07.254 [info] > git reflog main --grep-reflog=branch: Created from *. [6ms]
2024-09-25 01:31:07.261 [info] > git symbolic-ref --short refs/remotes/origin/HEAD [2ms]
2024-09-25 01:31:07.261 [info] fatal: ref refs/remotes/origin/HEAD is not a symbolic ref
2024-09-25 01:31:12.242 [info] > git config --get commit.template [7ms]
2024-09-25 01:31:12.243 [info] > git for-each-ref --format=%(refname)%00%(upstream:short)%00%(objectname)%00%(upstream:track)%00%(upstream:remotename)%00%(upstream:remoteref) refs/heads/main refs/remotes/main [4ms]
2024-09-25 01:31:12.300 [info] > git status -z -uall [52ms]
2024-09-25 01:31:12.316 [info] > git for-each-ref --format=%(refname)%00%(upstream:short)%00%(objectname)%00%(upstream:track)%00%(upstream:remotename)%00%(upstream:remoteref) refs/heads/main refs/remotes/main [9ms]
2024-09-25 01:31:12.322 [info] > git config --local branch.main.vscode-merge-base [2ms]
2024-09-25 01:31:12.322 [warning] [Git][config] git config failed: Failed to execute git
2024-09-25 01:31:12.328 [info] > git reflog main --grep-reflog=branch: Created from *. [3ms]
2024-09-25 01:31:12.333 [info] > git symbolic-ref --short refs/remotes/origin/HEAD [2ms]
2024-09-25 01:31:12.333 [info] fatal: ref refs/remotes/origin/HEAD is not a symbolic ref
2024-09-25 01:31:17.328 [info] > git config --get commit.template [6ms]
2024-09-25 01:31:17.331 [info] > git for-each-ref --format=%(refname)%00%(upstream:short)%00%(objectname)%00%(upstream:track)%00%(upstream:remotename)%00%(upstream:remoteref) refs/heads/main refs/remotes/main [3ms]
2024-09-25 01:31:17.388 [info] > git status -z -uall [53ms]
2024-09-25 01:31:17.408 [info] > git for-each-ref --format=%(refname)%00%(upstream:short)%00%(objectname)%00%(upstream:track)%00%(upstream:remotename)%00%(upstream:remoteref) refs/heads/main refs/remotes/main [12ms]
2024-09-25 01:31:17.414 [info] > git config --local branch.main.vscode-merge-base [2ms]
2024-09-25 01:31:17.415 [warning] [Git][config] git config failed: Failed to execute git
2024-09-25 01:31:17.422 [info] > git reflog main --grep-reflog=branch: Created from *. [4ms]
2024-09-25 01:31:17.427 [info] > git symbolic-ref --short refs/remotes/origin/HEAD [2ms]
2024-09-25 01:31:17.427 [info] fatal: ref refs/remotes/origin/HEAD is not a symbolic ref
2024-09-25 01:31:22.415 [info] > git config --get commit.template [5ms]
2024-09-25 01:31:22.417 [info] > git for-each-ref --format=%(refname)%00%(upstream:short)%00%(objectname)%00%(upstream:track)%00%(upstream:remotename)%00%(upstream:remoteref) refs/heads/main refs/remotes/main [3ms]
2024-09-25 01:31:22.470 [info] > git status -z -uall [49ms]
2024-09-25 01:31:22.513 [info] > git for-each-ref --format=%(refname)%00%(upstream:short)%00%(objectname)%00%(upstream:track)%00%(upstream:remotename)%00%(upstream:remoteref) refs/heads/main refs/remotes/main [37ms]
2024-09-25 01:31:22.546 [info] > git config --local branch.main.vscode-merge-base [11ms]
2024-09-25 01:31:22.546 [warning] [Git][config] git config failed: Failed to execute git
2024-09-25 01:31:22.644 [info] > git reflog main --grep-reflog=branch: Created from *. [79ms]
2024-09-25 01:31:22.652 [info] > git symbolic-ref --short refs/remotes/origin/HEAD [5ms]
2024-09-25 01:31:22.652 [info] fatal: ref refs/remotes/origin/HEAD is not a symbolic ref
2024-09-25 01:31:27.498 [info] > git config --get commit.template [3ms]
2024-09-25 01:31:27.505 [info] > git for-each-ref --format=%(refname)%00%(upstream:short)%00%(objectname)%00%(upstream:track)%00%(upstream:remotename)%00%(upstream:remoteref) refs/heads/main refs/remotes/main [2ms]
2024-09-25 01:31:27.562 [info] > git status -z -uall [52ms]
2024-09-25 01:31:27.587 [info] > git for-each-ref --format=%(refname)%00%(upstream:short)%00%(objectname)%00%(upstream:track)%00%(upstream:remotename)%00%(upstream:remoteref) refs/heads/main refs/remotes/main [19ms]
2024-09-25 01:31:27.597 [info] > git config --local branch.main.vscode-merge-base [4ms]
2024-09-25 01:31:27.597 [warning] [Git][config] git config failed: Failed to execute git
2024-09-25 01:31:27.609 [info] > git reflog main --grep-reflog=branch: Created from *. [7ms]
2024-09-25 01:31:27.619 [info] > git symbolic-ref --short refs/remotes/origin/HEAD [3ms]
2024-09-25 01:31:27.619 [info] fatal: ref refs/remotes/origin/HEAD is not a symbolic ref
2024-09-25 01:31:33.965 [info] > git config --get commit.template [5ms]
2024-09-25 01:31:33.967 [info] > git for-each-ref --format=%(refname)%00%(upstream:short)%00%(objectname)%00%(upstream:track)%00%(upstream:remotename)%00%(upstream:remoteref) refs/heads/main refs/remotes/main [2ms]
2024-09-25 01:31:34.020 [info] > git status -z -uall [50ms]
2024-09-25 01:31:34.040 [info] > git for-each-ref --format=%(refname)%00%(upstream:short)%00%(objectname)%00%(upstream:track)%00%(upstream:remotename)%00%(upstream:remoteref) refs/heads/main refs/remotes/main [11ms]
2024-09-25 01:31:34.047 [info] > git config --local branch.main.vscode-merge-base [2ms]
2024-09-25 01:31:34.047 [warning] [Git][config] git config failed: Failed to execute git
2024-09-25 01:31:34.054 [info] > git reflog main --grep-reflog=branch: Created from *. [2ms]
2024-09-25 01:31:34.058 [info] > git symbolic-ref --short refs/remotes/origin/HEAD [2ms]
2024-09-25 01:31:34.058 [info] fatal: ref refs/remotes/origin/HEAD is not a symbolic ref
2024-09-25 01:31:39.051 [info] > git config --get commit.template [6ms]
2024-09-25 01:31:39.052 [info] > git for-each-ref --format=%(refname)%00%(upstream:short)%00%(objectname)%00%(upstream:track)%00%(upstream:remotename)%00%(upstream:remoteref) refs/heads/main refs/remotes/main [2ms]
2024-09-25 01:31:39.116 [info] > git status -z -uall [59ms]
2024-09-25 01:31:39.136 [info] > git for-each-ref --format=%(refname)%00%(upstream:short)%00%(objectname)%00%(upstream:track)%00%(upstream:remotename)%00%(upstream:remoteref) refs/heads/main refs/remotes/main [11ms]
2024-09-25 01:31:39.142 [info] > git config --local branch.main.vscode-merge-base [2ms]
2024-09-25 01:31:39.142 [warning] [Git][config] git config failed: Failed to execute git
2024-09-25 01:31:39.149 [info] > git reflog main --grep-reflog=branch: Created from *. [3ms]
2024-09-25 01:31:39.155 [info] > git symbolic-ref --short refs/remotes/origin/HEAD [2ms]
2024-09-25 01:31:39.155 [info] fatal: ref refs/remotes/origin/HEAD is not a symbolic ref
2024-09-25 01:31:44.145 [info] > git config --get commit.template [6ms]
2024-09-25 01:31:44.145 [info] > git for-each-ref --format=%(refname)%00%(upstream:short)%00%(objectname)%00%(upstream:track)%00%(upstream:remotename)%00%(upstream:remoteref) refs/heads/main refs/remotes/main [3ms]
2024-09-25 01:31:44.198 [info] > git status -z -uall [49ms]
2024-09-25 01:31:44.214 [info] > git for-each-ref --format=%(refname)%00%(upstream:short)%00%(objectname)%00%(upstream:track)%00%(upstream:remotename)%00%(upstream:remoteref) refs/heads/main refs/remotes/main [11ms]
2024-09-25 01:31:44.220 [info] > git config --local branch.main.vscode-merge-base [2ms]
2024-09-25 01:31:44.221 [warning] [Git][config] git config failed: Failed to execute git
2024-09-25 01:31:44.227 [info] > git reflog main --grep-reflog=branch: Created from *. [3ms]
2024-09-25 01:31:44.232 [info] > git symbolic-ref --short refs/remotes/origin/HEAD [2ms]
2024-09-25 01:31:44.232 [info] fatal: ref refs/remotes/origin/HEAD is not a symbolic ref
2024-09-25 01:31:49.224 [info] > git config --get commit.template [6ms]
2024-09-25 01:31:49.226 [info] > git for-each-ref --format=%(refname)%00%(upstream:short)%00%(objectname)%00%(upstream:track)%00%(upstream:remotename)%00%(upstream:remoteref) refs/heads/main refs/remotes/main [3ms]
2024-09-25 01:31:49.284 [info] > git status -z -uall [52ms]
2024-09-25 01:31:49.299 [info] > git for-each-ref --format=%(refname)%00%(upstream:short)%00%(objectname)%00%(upstream:track)%00%(upstream:remotename)%00%(upstream:remoteref) refs/heads/main refs/remotes/main [10ms]
2024-09-25 01:31:49.305 [info] > git config --local branch.main.vscode-merge-base [1ms]
2024-09-25 01:31:49.305 [warning] [Git][config] git config failed: Failed to execute git
2024-09-25 01:31:49.311 [info] > git reflog main --grep-reflog=branch: Created from *. [2ms]
2024-09-25 01:31:49.316 [info] > git symbolic-ref --short refs/remotes/origin/HEAD [2ms]
2024-09-25 01:31:49.316 [info] fatal: ref refs/remotes/origin/HEAD is not a symbolic ref
2024-09-25 01:31:54.309 [info] > git config --get commit.template [6ms]
2024-09-25 01:31:54.311 [info] > git for-each-ref --format=%(refname)%00%(upstream:short)%00%(objectname)%00%(upstream:track)%00%(upstream:remotename)%00%(upstream:remoteref) refs/heads/main refs/remotes/main [2ms]
2024-09-25 01:31:54.369 [info] > git status -z -uall [54ms]
2024-09-25 01:31:54.387 [info] > git for-each-ref --format=%(refname)%00%(upstream:short)%00%(objectname)%00%(upstream:track)%00%(upstream:remotename)%00%(upstream:remoteref) refs/heads/main refs/remotes/main [12ms]
2024-09-25 01:31:54.396 [info] > git config --local branch.main.vscode-merge-base [2ms]
2024-09-25 01:31:54.397 [warning] [Git][config] git config failed: Failed to execute git
2024-09-25 01:31:54.405 [info] > git reflog main --grep-reflog=branch: Created from *. [3ms]
2024-09-25 01:31:54.410 [info] > git symbolic-ref --short refs/remotes/origin/HEAD [2ms]
2024-09-25 01:31:54.410 [info] fatal: ref refs/remotes/origin/HEAD is not a symbolic ref
2024-09-25 01:31:59.399 [info] > git config --get commit.template [6ms]
2024-09-25 01:31:59.402 [info] > git for-each-ref --format=%(refname)%00%(upstream:short)%00%(objectname)%00%(upstream:track)%00%(upstream:remotename)%00%(upstream:remoteref) refs/heads/main refs/remotes/main [5ms]
2024-09-25 01:31:59.459 [info] > git status -z -uall [52ms]
2024-09-25 01:31:59.481 [info] > git for-each-ref --format=%(refname)%00%(upstream:short)%00%(objectname)%00%(upstream:track)%00%(upstream:remotename)%00%(upstream:remoteref) refs/heads/main refs/remotes/main [16ms]
2024-09-25 01:31:59.488 [info] > git config --local branch.main.vscode-merge-base [3ms]
2024-09-25 01:31:59.488 [warning] [Git][config] git config failed: Failed to execute git
2024-09-25 01:31:59.496 [info] > git reflog main --grep-reflog=branch: Created from *. [3ms]
2024-09-25 01:31:59.502 [info] > git symbolic-ref --short refs/remotes/origin/HEAD [2ms]
2024-09-25 01:31:59.502 [info] fatal: ref refs/remotes/origin/HEAD is not a symbolic ref
2024-09-25 01:32:04.490 [info] > git config --get commit.template [6ms]
2024-09-25 01:32:04.492 [info] > git for-each-ref --format=%(refname)%00%(upstream:short)%00%(objectname)%00%(upstream:track)%00%(upstream:remotename)%00%(upstream:remoteref) refs/heads/main refs/remotes/main [3ms]
2024-09-25 01:32:04.550 [info] > git status -z -uall [53ms]
2024-09-25 01:32:04.569 [info] > git for-each-ref --format=%(refname)%00%(upstream:short)%00%(objectname)%00%(upstream:track)%00%(upstream:remotename)%00%(upstream:remoteref) refs/heads/main refs/remotes/main [11ms]
2024-09-25 01:32:04.576 [info] > git config --local branch.main.vscode-merge-base [2ms]
2024-09-25 01:32:04.576 [warning] [Git][config] git config failed: Failed to execute git
2024-09-25 01:32:04.583 [info] > git reflog main --grep-reflog=branch: Created from *. [3ms]
2024-09-25 01:32:04.589 [info] > git symbolic-ref --short refs/remotes/origin/HEAD [2ms]
2024-09-25 01:32:04.589 [info] fatal: ref refs/remotes/origin/HEAD is not a symbolic ref
2024-09-25 01:32:09.577 [info] > git config --get commit.template [5ms]
2024-09-25 01:32:09.579 [info] > git for-each-ref --format=%(refname)%00%(upstream:short)%00%(objectname)%00%(upstream:track)%00%(upstream:remotename)%00%(upstream:remoteref) refs/heads/main refs/remotes/main [3ms]
2024-09-25 01:32:09.634 [info] > git status -z -uall [52ms]
2024-09-25 01:32:09.653 [info] > git for-each-ref --format=%(refname)%00%(upstream:short)%00%(objectname)%00%(upstream:track)%00%(upstream:remotename)%00%(upstream:remoteref) refs/heads/main refs/remotes/main [10ms]
2024-09-25 01:32:09.660 [info] > git config --local branch.main.vscode-merge-base [2ms]
2024-09-25 01:32:09.660 [warning] [Git][config] git config failed: Failed to execute git
2024-09-25 01:32:09.668 [info] > git reflog main --grep-reflog=branch: Created from *. [3ms]
2024-09-25 01:32:09.673 [info] > git symbolic-ref --short refs/remotes/origin/HEAD [1ms]
2024-09-25 01:32:09.673 [info] fatal: ref refs/remotes/origin/HEAD is not a symbolic ref
2024-09-25 01:32:14.664 [info] > git config --get commit.template [1ms]
2024-09-25 01:32:14.671 [info] > git for-each-ref --format=%(refname)%00%(upstream:short)%00%(objectname)%00%(upstream:track)%00%(upstream:remotename)%00%(upstream:remoteref) refs/heads/main refs/remotes/main [3ms]
2024-09-25 01:32:14.729 [info] > git status -z -uall [52ms]
2024-09-25 01:32:14.746 [info] > git for-each-ref --format=%(refname)%00%(upstream:short)%00%(objectname)%00%(upstream:track)%00%(upstream:remotename)%00%(upstream:remoteref) refs/heads/main refs/remotes/main [10ms]
2024-09-25 01:32:14.753 [info] > git config --local branch.main.vscode-merge-base [2ms]
2024-09-25 01:32:14.753 [warning] [Git][config] git config failed: Failed to execute git
2024-09-25 01:32:14.760 [info] > git reflog main --grep-reflog=branch: Created from *. [3ms]
2024-09-25 01:32:14.766 [info] > git symbolic-ref --short refs/remotes/origin/HEAD [2ms]
2024-09-25 01:32:14.766 [info] fatal: ref refs/remotes/origin/HEAD is not a symbolic ref
2024-09-25 01:32:19.757 [info] > git config --get commit.template [5ms]
2024-09-25 01:32:19.759 [info] > git for-each-ref --format=%(refname)%00%(upstream:short)%00%(objectname)%00%(upstream:track)%00%(upstream:remotename)%00%(upstream:remoteref) refs/heads/main refs/remotes/main [3ms]
2024-09-25 01:32:19.813 [info] > git status -z -uall [50ms]
2024-09-25 01:32:19.834 [info] > git for-each-ref --format=%(refname)%00%(upstream:short)%00%(objectname)%00%(upstream:track)%00%(upstream:remotename)%00%(upstream:remoteref) refs/heads/main refs/remotes/main [14ms]
2024-09-25 01:32:19.840 [info] > git config --local branch.main.vscode-merge-base [2ms]
2024-09-25 01:32:19.840 [warning] [Git][config] git config failed: Failed to execute git
2024-09-25 01:32:19.847 [info] > git reflog main --grep-reflog=branch: Created from *. [3ms]
2024-09-25 01:32:19.852 [info] > git symbolic-ref --short refs/remotes/origin/HEAD [1ms]
2024-09-25 01:32:19.852 [info] fatal: ref refs/remotes/origin/HEAD is not a symbolic ref
2024-09-25 01:32:24.843 [info] > git config --get commit.template [4ms]
2024-09-25 01:32:24.850 [info] > git for-each-ref --format=%(refname)%00%(upstream:short)%00%(objectname)%00%(upstream:track)%00%(upstream:remotename)%00%(upstream:remoteref) refs/heads/main refs/remotes/main [3ms]
2024-09-25 01:32:24.908 [info] > git status -z -uall [53ms]
2024-09-25 01:32:24.929 [info] > git for-each-ref --format=%(refname)%00%(upstream:short)%00%(objectname)%00%(upstream:track)%00%(upstream:remotename)%00%(upstream:remoteref) refs/heads/main refs/remotes/main [15ms]
2024-09-25 01:32:24.937 [info] > git config --local branch.main.vscode-merge-base [2ms]
2024-09-25 01:32:24.937 [warning] [Git][config] git config failed: Failed to execute git
2024-09-25 01:32:24.945 [info] > git reflog main --grep-reflog=branch: Created from *. [4ms]
2024-09-25 01:32:24.951 [info] > git symbolic-ref --short refs/remotes/origin/HEAD [2ms]
2024-09-25 01:32:24.952 [info] fatal: ref refs/remotes/origin/HEAD is not a symbolic ref
2024-09-25 01:32:29.944 [info] > git config --get commit.template [8ms]
2024-09-25 01:32:29.949 [info] > git for-each-ref --format=%(refname)%00%(upstream:short)%00%(objectname)%00%(upstream:track)%00%(upstream:remotename)%00%(upstream:remoteref) refs/heads/main refs/remotes/main [6ms]
2024-09-25 01:32:30.009 [info] > git status -z -uall [55ms]
2024-09-25 01:32:30.028 [info] > git for-each-ref --format=%(refname)%00%(upstream:short)%00%(objectname)%00%(upstream:track)%00%(upstream:remotename)%00%(upstream:remoteref) refs/heads/main refs/remotes/main [12ms]
2024-09-25 01:32:30.035 [info] > git config --local branch.main.vscode-merge-base [2ms]
2024-09-25 01:32:30.035 [warning] [Git][config] git config failed: Failed to execute git
2024-09-25 01:32:30.043 [info] > git reflog main --grep-reflog=branch: Created from *. [4ms]
2024-09-25 01:32:30.049 [info] > git symbolic-ref --short refs/remotes/origin/HEAD [2ms]
2024-09-25 01:32:30.049 [info] fatal: ref refs/remotes/origin/HEAD is not a symbolic ref
2024-09-25 01:32:35.041 [info] > git config --get commit.template [7ms]
2024-09-25 01:32:35.043 [info] > git for-each-ref --format=%(refname)%00%(upstream:short)%00%(objectname)%00%(upstream:track)%00%(upstream:remotename)%00%(upstream:remoteref) refs/heads/main refs/remotes/main [3ms]
2024-09-25 01:32:35.105 [info] > git status -z -uall [54ms]
2024-09-25 01:32:35.127 [info] > git for-each-ref --format=%(refname)%00%(upstream:short)%00%(objectname)%00%(upstream:track)%00%(upstream:remotename)%00%(upstream:remoteref) refs/heads/main refs/remotes/main [14ms]
2024-09-25 01:32:35.156 [info] > git config --local branch.main.vscode-merge-base [21ms]
2024-09-25 01:32:35.156 [warning] [Git][config] git config failed: Failed to execute git
2024-09-25 01:32:35.193 [info] > git reflog main --grep-reflog=branch: Created from *. [19ms]
2024-09-25 01:32:35.289 [info] > git symbolic-ref --short refs/remotes/origin/HEAD [91ms]
2024-09-25 01:32:35.289 [info] fatal: ref refs/remotes/origin/HEAD is not a symbolic ref
2024-09-25 01:32:40.138 [info] > git config --get commit.template [6ms]
2024-09-25 01:32:40.139 [info] > git for-each-ref --format=%(refname)%00%(upstream:short)%00%(objectname)%00%(upstream:track)%00%(upstream:remotename)%00%(upstream:remoteref) refs/heads/main refs/remotes/main [3ms]
2024-09-25 01:32:40.198 [info] > git status -z -uall [53ms]
2024-09-25 01:32:40.215 [info] > git for-each-ref --format=%(refname)%00%(upstream:short)%00%(objectname)%00%(upstream:track)%00%(upstream:remotename)%00%(upstream:remoteref) refs/heads/main refs/remotes/main [11ms]
2024-09-25 01:32:40.222 [info] > git config --local branch.main.vscode-merge-base [2ms]
2024-09-25 01:32:40.222 [warning] [Git][config] git config failed: Failed to execute git
2024-09-25 01:32:40.229 [info] > git reflog main --grep-reflog=branch: Created from *. [3ms]
2024-09-25 01:32:40.235 [info] > git symbolic-ref --short refs/remotes/origin/HEAD [2ms]
2024-09-25 01:32:40.235 [info] fatal: ref refs/remotes/origin/HEAD is not a symbolic ref
2024-09-25 01:32:45.224 [info] > git config --get commit.template [5ms]
2024-09-25 01:32:45.225 [info] > git for-each-ref --format=%(refname)%00%(upstream:short)%00%(objectname)%00%(upstream:track)%00%(upstream:remotename)%00%(upstream:remoteref) refs/heads/main refs/remotes/main [2ms]
2024-09-25 01:32:45.280 [info] > git status -z -uall [51ms]
2024-09-25 01:32:45.296 [info] > git for-each-ref --format=%(refname)%00%(upstream:short)%00%(objectname)%00%(upstream:track)%00%(upstream:remotename)%00%(upstream:remoteref) refs/heads/main refs/remotes/main [10ms]
2024-09-25 01:32:45.303 [info] > git config --local branch.main.vscode-merge-base [2ms]
2024-09-25 01:32:45.303 [warning] [Git][config] git config failed: Failed to execute git
2024-09-25 01:32:45.310 [info] > git reflog main --grep-reflog=branch: Created from *. [3ms]
2024-09-25 01:32:45.315 [info] > git symbolic-ref --short refs/remotes/origin/HEAD [2ms]
2024-09-25 01:32:45.315 [info] fatal: ref refs/remotes/origin/HEAD is not a symbolic ref
2024-09-25 01:32:50.309 [info] > git config --get commit.template [6ms]
2024-09-25 01:32:50.311 [info] > git for-each-ref --format=%(refname)%00%(upstream:short)%00%(objectname)%00%(upstream:track)%00%(upstream:remotename)%00%(upstream:remoteref) refs/heads/main refs/remotes/main [2ms]
2024-09-25 01:32:50.369 [info] > git status -z -uall [54ms]
2024-09-25 01:32:50.385 [info] > git for-each-ref --format=%(refname)%00%(upstream:short)%00%(objectname)%00%(upstream:track)%00%(upstream:remotename)%00%(upstream:remoteref) refs/heads/main refs/remotes/main [9ms]
2024-09-25 01:32:50.393 [info] > git config --local branch.main.vscode-merge-base [2ms]
2024-09-25 01:32:50.393 [warning] [Git][config] git config failed: Failed to execute git
2024-09-25 01:32:50.401 [info] > git reflog main --grep-reflog=branch: Created from *. [3ms]
2024-09-25 01:32:50.407 [info] > git symbolic-ref --short refs/remotes/origin/HEAD [2ms]
2024-09-25 01:32:50.408 [info] fatal: ref refs/remotes/origin/HEAD is not a symbolic ref
2024-09-25 01:32:55.398 [info] > git config --get commit.template [6ms]
2024-09-25 01:32:55.401 [info] > git for-each-ref --format=%(refname)%00%(upstream:short)%00%(objectname)%00%(upstream:track)%00%(upstream:remotename)%00%(upstream:remoteref) refs/heads/main refs/remotes/main [3ms]
2024-09-25 01:32:55.460 [info] > git status -z -uall [54ms]
2024-09-25 01:32:55.479 [info] > git for-each-ref --format=%(refname)%00%(upstream:short)%00%(objectname)%00%(upstream:track)%00%(upstream:remotename)%00%(upstream:remoteref) refs/heads/main refs/remotes/main [10ms]
2024-09-25 01:32:55.486 [info] > git config --local branch.main.vscode-merge-base [3ms]
2024-09-25 01:32:55.486 [warning] [Git][config] git config failed: Failed to execute git
2024-09-25 01:32:55.496 [info] > git reflog main --grep-reflog=branch: Created from *. [4ms]
2024-09-25 01:32:55.503 [info] > git symbolic-ref --short refs/remotes/origin/HEAD [3ms]
2024-09-25 01:32:55.503 [info] fatal: ref refs/remotes/origin/HEAD is not a symbolic ref
2024-09-25 01:33:00.490 [info] > git config --get commit.template [6ms]
2024-09-25 01:33:00.492 [info] > git for-each-ref --format=%(refname)%00%(upstream:short)%00%(objectname)%00%(upstream:track)%00%(upstream:remotename)%00%(upstream:remoteref) refs/heads/main refs/remotes/main [3ms]
2024-09-25 01:33:00.552 [info] > git status -z -uall [53ms]
2024-09-25 01:33:00.570 [info] > git for-each-ref --format=%(refname)%00%(upstream:short)%00%(objectname)%00%(upstream:track)%00%(upstream:remotename)%00%(upstream:remoteref) refs/heads/main refs/remotes/main [11ms]
2024-09-25 01:33:00.577 [info] > git config --local branch.main.vscode-merge-base [2ms]
2024-09-25 01:33:00.578 [warning] [Git][config] git config failed: Failed to execute git
2024-09-25 01:33:00.585 [info] > git reflog main --grep-reflog=branch: Created from *. [3ms]
2024-09-25 01:33:00.591 [info] > git symbolic-ref --short refs/remotes/origin/HEAD [2ms]
2024-09-25 01:33:00.591 [info] fatal: ref refs/remotes/origin/HEAD is not a symbolic ref
2024-09-25 01:33:05.583 [info] > git config --get commit.template [6ms]
2024-09-25 01:33:05.584 [info] > git for-each-ref --format=%(refname)%00%(upstream:short)%00%(objectname)%00%(upstream:track)%00%(upstream:remotename)%00%(upstream:remoteref) refs/heads/main refs/remotes/main [3ms]
2024-09-25 01:33:05.643 [info] > git status -z -uall [54ms]
2024-09-25 01:33:05.661 [info] > git for-each-ref --format=%(refname)%00%(upstream:short)%00%(objectname)%00%(upstream:track)%00%(upstream:remotename)%00%(upstream:remoteref) refs/heads/main refs/remotes/main [11ms]
2024-09-25 01:33:05.668 [info] > git config --local branch.main.vscode-merge-base [2ms]
2024-09-25 01:33:05.668 [warning] [Git][config] git config failed: Failed to execute git
2024-09-25 01:33:05.677 [info] > git reflog main --grep-reflog=branch: Created from *. [4ms]
2024-09-25 01:33:05.683 [info] > git symbolic-ref --short refs/remotes/origin/HEAD [2ms]
2024-09-25 01:33:05.683 [info] fatal: ref refs/remotes/origin/HEAD is not a symbolic ref
2024-09-25 01:33:12.050 [info] > git config --get commit.template [6ms]
2024-09-25 01:33:12.052 [info] > git for-each-ref --format=%(refname)%00%(upstream:short)%00%(objectname)%00%(upstream:track)%00%(upstream:remotename)%00%(upstream:remoteref) refs/heads/main refs/remotes/main [3ms]
2024-09-25 01:33:12.110 [info] > git status -z -uall [50ms]
2024-09-25 01:33:12.129 [info] > git for-each-ref --format=%(refname)%00%(upstream:short)%00%(objectname)%00%(upstream:track)%00%(upstream:remotename)%00%(upstream:remoteref) refs/heads/main refs/remotes/main [11ms]
2024-09-25 01:33:12.137 [info] > git config --local branch.main.vscode-merge-base [2ms]
2024-09-25 01:33:12.137 [warning] [Git][config] git config failed: Failed to execute git
2024-09-25 01:33:12.144 [info] > git reflog main --grep-reflog=branch: Created from *. [3ms]
2024-09-25 01:33:12.150 [info] > git symbolic-ref --short refs/remotes/origin/HEAD [1ms]
2024-09-25 01:33:12.150 [info] fatal: ref refs/remotes/origin/HEAD is not a symbolic ref
2024-09-25 01:33:17.142 [info] > git config --get commit.template [6ms]
2024-09-25 01:33:17.144 [info] > git for-each-ref --format=%(refname)%00%(upstream:short)%00%(objectname)%00%(upstream:track)%00%(upstream:remotename)%00%(upstream:remoteref) refs/heads/main refs/remotes/main [3ms]
2024-09-25 01:33:17.201 [info] > git status -z -uall [52ms]
2024-09-25 01:33:17.220 [info] > git for-each-ref --format=%(refname)%00%(upstream:short)%00%(objectname)%00%(upstream:track)%00%(upstream:remotename)%00%(upstream:remoteref) refs/heads/main refs/remotes/main [9ms]
2024-09-25 01:33:17.228 [info] > git config --local branch.main.vscode-merge-base [2ms]
2024-09-25 01:33:17.228 [warning] [Git][config] git config failed: Failed to execute git
2024-09-25 01:33:17.235 [info] > git reflog main --grep-reflog=branch: Created from *. [3ms]
2024-09-25 01:33:17.241 [info] > git symbolic-ref --short refs/remotes/origin/HEAD [2ms]
2024-09-25 01:33:17.241 [info] fatal: ref refs/remotes/origin/HEAD is not a symbolic ref
2024-09-25 01:33:22.231 [info] > git config --get commit.template [5ms]
2024-09-25 01:33:22.232 [info] > git for-each-ref --format=%(refname)%00%(upstream:short)%00%(objectname)%00%(upstream:track)%00%(upstream:remotename)%00%(upstream:remoteref) refs/heads/main refs/remotes/main [3ms]
2024-09-25 01:33:22.287 [info] > git status -z -uall [51ms]
2024-09-25 01:33:22.302 [info] > git for-each-ref --format=%(refname)%00%(upstream:short)%00%(objectname)%00%(upstream:track)%00%(upstream:remotename)%00%(upstream:remoteref) refs/heads/main refs/remotes/main [10ms]
2024-09-25 01:33:22.307 [info] > git config --local branch.main.vscode-merge-base [2ms]
2024-09-25 01:33:22.307 [warning] [Git][config] git config failed: Failed to execute git
2024-09-25 01:33:22.313 [info] > git reflog main --grep-reflog=branch: Created from *. [3ms]
2024-09-25 01:33:22.318 [info] > git symbolic-ref --short refs/remotes/origin/HEAD [2ms]
2024-09-25 01:33:22.318 [info] fatal: ref refs/remotes/origin/HEAD is not a symbolic ref
2024-09-25 01:33:27.309 [info] > git config --get commit.template [3ms]
2024-09-25 01:33:27.314 [info] > git for-each-ref --format=%(refname)%00%(upstream:short)%00%(objectname)%00%(upstream:track)%00%(upstream:remotename)%00%(upstream:remoteref) refs/heads/main refs/remotes/main [2ms]
2024-09-25 01:33:27.365 [info] > git status -z -uall [47ms]
2024-09-25 01:33:27.380 [info] > git for-each-ref --format=%(refname)%00%(upstream:short)%00%(objectname)%00%(upstream:track)%00%(upstream:remotename)%00%(upstream:remoteref) refs/heads/main refs/remotes/main [10ms]
2024-09-25 01:33:27.386 [info] > git config --local branch.main.vscode-merge-base [1ms]
2024-09-25 01:33:27.386 [warning] [Git][config] git config failed: Failed to execute git
2024-09-25 01:33:27.392 [info] > git reflog main --grep-reflog=branch: Created from *. [3ms]
2024-09-25 01:33:27.397 [info] > git symbolic-ref --short refs/remotes/origin/HEAD [2ms]
2024-09-25 01:33:27.397 [info] fatal: ref refs/remotes/origin/HEAD is not a symbolic ref
2024-09-25 01:33:32.392 [info] > git config --get commit.template [7ms]
2024-09-25 01:33:32.392 [info] > git for-each-ref --format=%(refname)%00%(upstream:short)%00%(objectname)%00%(upstream:track)%00%(upstream:remotename)%00%(upstream:remoteref) refs/heads/main refs/remotes/main [3ms]
2024-09-25 01:33:32.442 [info] > git status -z -uall [46ms]
2024-09-25 01:33:32.456 [info] > git for-each-ref --format=%(refname)%00%(upstream:short)%00%(objectname)%00%(upstream:track)%00%(upstream:remotename)%00%(upstream:remoteref) refs/heads/main refs/remotes/main [9ms]
2024-09-25 01:33:32.462 [info] > git config --local branch.main.vscode-merge-base [1ms]
2024-09-25 01:33:32.462 [warning] [Git][config] git config failed: Failed to execute git
2024-09-25 01:33:32.467 [info] > git reflog main --grep-reflog=branch: Created from *. [2ms]
2024-09-25 01:33:32.472 [info] > git symbolic-ref --short refs/remotes/origin/HEAD [2ms]
2024-09-25 01:33:32.472 [info] fatal: ref refs/remotes/origin/HEAD is not a symbolic ref
2024-09-25 01:33:37.467 [info] > git config --get commit.template [5ms]
2024-09-25 01:33:37.468 [info] > git for-each-ref --format=%(refname)%00%(upstream:short)%00%(objectname)%00%(upstream:track)%00%(upstream:remotename)%00%(upstream:remoteref) refs/heads/main refs/remotes/main [2ms]
2024-09-25 01:33:37.521 [info] > git status -z -uall [49ms]
2024-09-25 01:33:37.536 [info] > git for-each-ref --format=%(refname)%00%(upstream:short)%00%(objectname)%00%(upstream:track)%00%(upstream:remotename)%00%(upstream:remoteref) refs/heads/main refs/remotes/main [10ms]
2024-09-25 01:33:37.542 [info] > git config --local branch.main.vscode-merge-base [1ms]
2024-09-25 01:33:37.543 [warning] [Git][config] git config failed: Failed to execute git
2024-09-25 01:33:37.550 [info] > git reflog main --grep-reflog=branch: Created from *. [4ms]
2024-09-25 01:33:37.555 [info] > git symbolic-ref --short refs/remotes/origin/HEAD [1ms]
2024-09-25 01:33:37.555 [info] fatal: ref refs/remotes/origin/HEAD is not a symbolic ref
2024-09-25 01:33:42.547 [info] > git config --get commit.template [4ms]
2024-09-25 01:33:42.548 [info] > git for-each-ref --format=%(refname)%00%(upstream:short)%00%(objectname)%00%(upstream:track)%00%(upstream:remotename)%00%(upstream:remoteref) refs/heads/main refs/remotes/main [2ms]
2024-09-25 01:33:42.598 [info] > git status -z -uall [46ms]
2024-09-25 01:33:42.612 [info] > git for-each-ref --format=%(refname)%00%(upstream:short)%00%(objectname)%00%(upstream:track)%00%(upstream:remotename)%00%(upstream:remoteref) refs/heads/main refs/remotes/main [9ms]
2024-09-25 01:33:42.618 [info] > git config --local branch.main.vscode-merge-base [1ms]
2024-09-25 01:33:42.618 [warning] [Git][config] git config failed: Failed to execute git
2024-09-25 01:33:42.624 [info] > git reflog main --grep-reflog=branch: Created from *. [2ms]
2024-09-25 01:33:42.629 [info] > git symbolic-ref --short refs/remotes/origin/HEAD [2ms]
2024-09-25 01:33:42.629 [info] fatal: ref refs/remotes/origin/HEAD is not a symbolic ref
2024-09-25 01:33:47.622 [info] > git config --get commit.template [5ms]
2024-09-25 01:33:47.624 [info] > git for-each-ref --format=%(refname)%00%(upstream:short)%00%(objectname)%00%(upstream:track)%00%(upstream:remotename)%00%(upstream:remoteref) refs/heads/main refs/remotes/main [3ms]
2024-09-25 01:33:47.675 [info] > git status -z -uall [47ms]
2024-09-25 01:33:47.689 [info] > git for-each-ref --format=%(refname)%00%(upstream:short)%00%(objectname)%00%(upstream:track)%00%(upstream:remotename)%00%(upstream:remoteref) refs/heads/main refs/remotes/main [9ms]
2024-09-25 01:33:47.695 [info] > git config --local branch.main.vscode-merge-base [2ms]
2024-09-25 01:33:47.695 [warning] [Git][config] git config failed: Failed to execute git
2024-09-25 01:33:47.702 [info] > git reflog main --grep-reflog=branch: Created from *. [4ms]
2024-09-25 01:33:47.707 [info] > git symbolic-ref --short refs/remotes/origin/HEAD [2ms]
2024-09-25 01:33:47.707 [info] fatal: ref refs/remotes/origin/HEAD is not a symbolic ref
2024-09-25 01:33:53.076 [info] > git for-each-ref --format=%(refname)%00%(upstream:short)%00%(objectname)%00%(upstream:track)%00%(upstream:remotename)%00%(upstream:remoteref) refs/heads/main refs/remotes/main [1ms]
2024-09-25 01:33:53.076 [info] > git config --get commit.template [8ms]
2024-09-25 01:33:53.128 [info] > git status -z -uall [48ms]
2024-09-25 01:33:53.145 [info] > git for-each-ref --format=%(refname)%00%(upstream:short)%00%(objectname)%00%(upstream:track)%00%(upstream:remotename)%00%(upstream:remoteref) refs/heads/main refs/remotes/main [12ms]
2024-09-25 01:33:53.151 [info] > git config --local branch.main.vscode-merge-base [2ms]
2024-09-25 01:33:53.151 [warning] [Git][config] git config failed: Failed to execute git
2024-09-25 01:33:53.158 [info] > git reflog main --grep-reflog=branch: Created from *. [2ms]
2024-09-25 01:33:53.163 [info] > git symbolic-ref --short refs/remotes/origin/HEAD [1ms]
2024-09-25 01:33:53.163 [info] fatal: ref refs/remotes/origin/HEAD is not a symbolic ref
2024-09-25 01:33:58.156 [info] > git config --get commit.template [6ms]
2024-09-25 01:33:58.159 [info] > git for-each-ref --format=%(refname)%00%(upstream:short)%00%(objectname)%00%(upstream:track)%00%(upstream:remotename)%00%(upstream:remoteref) refs/heads/main refs/remotes/main [4ms]
2024-09-25 01:33:58.216 [info] > git status -z -uall [52ms]
2024-09-25 01:33:58.233 [info] > git for-each-ref --format=%(refname)%00%(upstream:short)%00%(objectname)%00%(upstream:track)%00%(upstream:remotename)%00%(upstream:remoteref) refs/heads/main refs/remotes/main [10ms]
2024-09-25 01:33:58.241 [info] > git config --local branch.main.vscode-merge-base [2ms]
2024-09-25 01:33:58.241 [warning] [Git][config] git config failed: Failed to execute git
2024-09-25 01:33:58.249 [info] > git reflog main --grep-reflog=branch: Created from *. [3ms]
2024-09-25 01:33:58.255 [info] > git symbolic-ref --short refs/remotes/origin/HEAD [2ms]
2024-09-25 01:33:58.255 [info] fatal: ref refs/remotes/origin/HEAD is not a symbolic ref
2024-09-25 01:34:03.245 [info] > git config --get commit.template [7ms]
2024-09-25 01:34:03.247 [info] > git for-each-ref --format=%(refname)%00%(upstream:short)%00%(objectname)%00%(upstream:track)%00%(upstream:remotename)%00%(upstream:remoteref) refs/heads/main refs/remotes/main [3ms]
2024-09-25 01:34:03.305 [info] > git status -z -uall [54ms]
2024-09-25 01:34:03.322 [info] > git for-each-ref --format=%(refname)%00%(upstream:short)%00%(objectname)%00%(upstream:track)%00%(upstream:remotename)%00%(upstream:remoteref) refs/heads/main refs/remotes/main [11ms]
2024-09-25 01:34:03.329 [info] > git config --local branch.main.vscode-merge-base [2ms]
2024-09-25 01:34:03.329 [warning] [Git][config] git config failed: Failed to execute git
2024-09-25 01:34:03.337 [info] > git reflog main --grep-reflog=branch: Created from *. [4ms]
2024-09-25 01:34:03.343 [info] > git symbolic-ref --short refs/remotes/origin/HEAD [2ms]
2024-09-25 01:34:03.343 [info] fatal: ref refs/remotes/origin/HEAD is not a symbolic ref
2024-09-25 01:34:08.332 [info] > git config --get commit.template [5ms]
2024-09-25 01:34:08.334 [info] > git for-each-ref --format=%(refname)%00%(upstream:short)%00%(objectname)%00%(upstream:track)%00%(upstream:remotename)%00%(upstream:remoteref) refs/heads/main refs/remotes/main [2ms]
2024-09-25 01:34:08.389 [info] > git status -z -uall [51ms]
2024-09-25 01:34:08.405 [info] > git for-each-ref --format=%(refname)%00%(upstream:short)%00%(objectname)%00%(upstream:track)%00%(upstream:remotename)%00%(upstream:remoteref) refs/heads/main refs/remotes/main [10ms]
2024-09-25 01:34:08.411 [info] > git config --local branch.main.vscode-merge-base [2ms]
2024-09-25 01:34:08.411 [warning] [Git][config] git config failed: Failed to execute git
2024-09-25 01:34:08.417 [info] > git reflog main --grep-reflog=branch: Created from *. [2ms]
2024-09-25 01:34:08.423 [info] > git symbolic-ref --short refs/remotes/origin/HEAD [1ms]
2024-09-25 01:34:08.423 [info] fatal: ref refs/remotes/origin/HEAD is not a symbolic ref
2024-09-25 01:34:13.417 [info] > git config --get commit.template [6ms]
2024-09-25 01:34:13.418 [info] > git for-each-ref --format=%(refname)%00%(upstream:short)%00%(objectname)%00%(upstream:track)%00%(upstream:remotename)%00%(upstream:remoteref) refs/heads/main refs/remotes/main [3ms]
2024-09-25 01:34:13.474 [info] > git status -z -uall [52ms]
2024-09-25 01:34:13.491 [info] > git for-each-ref --format=%(refname)%00%(upstream:short)%00%(objectname)%00%(upstream:track)%00%(upstream:remotename)%00%(upstream:remoteref) refs/heads/main refs/remotes/main [11ms]
2024-09-25 01:34:13.498 [info] > git config --local branch.main.vscode-merge-base [2ms]
2024-09-25 01:34:13.498 [warning] [Git][config] git config failed: Failed to execute git
2024-09-25 01:34:13.505 [info] > git reflog main --grep-reflog=branch: Created from *. [3ms]
2024-09-25 01:34:13.511 [info] > git symbolic-ref --short refs/remotes/origin/HEAD [2ms]
2024-09-25 01:34:13.512 [info] fatal: ref refs/remotes/origin/HEAD is not a symbolic ref
2024-09-25 01:34:18.501 [info] > git config --get commit.template [6ms]
2024-09-25 01:34:18.502 [info] > git for-each-ref --format=%(refname)%00%(upstream:short)%00%(objectname)%00%(upstream:track)%00%(upstream:remotename)%00%(upstream:remoteref) refs/heads/main refs/remotes/main [3ms]
2024-09-25 01:34:18.556 [info] > git status -z -uall [50ms]
2024-09-25 01:34:18.578 [info] > git for-each-ref --format=%(refname)%00%(upstream:short)%00%(objectname)%00%(upstream:track)%00%(upstream:remotename)%00%(upstream:remoteref) refs/heads/main refs/remotes/main [15ms]
2024-09-25 01:34:18.583 [info] > git config --local branch.main.vscode-merge-base [2ms]
2024-09-25 01:34:18.583 [warning] [Git][config] git config failed: Failed to execute git
2024-09-25 01:34:18.590 [info] > git reflog main --grep-reflog=branch: Created from *. [2ms]
2024-09-25 01:34:18.595 [info] > git symbolic-ref --short refs/remotes/origin/HEAD [2ms]
2024-09-25 01:34:18.595 [info] fatal: ref refs/remotes/origin/HEAD is not a symbolic ref
