2024-09-10 14:36:49.102 [info] Extension host with pid 214229 started
2024-09-10 14:36:49.148 [info] Lock '/home/teresayuexinzhang/.vscode-server/data/User/workspaceStorage/1edc432ddeeaa44b759379ac5b717ffb/vscode.lock': Lock acquired.
2024-09-10 14:36:49.282 [info] ExtensionService#_doActivateExtension vscode.emmet, startup: false, activationEvent: 'onLanguage'
2024-09-10 14:36:49.284 [info] ExtensionService#_doActivateExtension vscode.git-base, startup: false, activationEvent: '*', root cause: vscode.git
2024-09-10 14:36:49.450 [info] ExtensionService#_doActivateExtension vscode.git, startup: false, activationEvent: '*'
2024-09-10 14:36:49.451 [info] ExtensionService#_doActivateExtension vscode.github, startup: false, activationEvent: '*'
2024-09-10 14:36:49.868 [info] Eager extensions activated
2024-09-10 14:36:49.869 [info] ExtensionService#_doActivateExtension vscode.debug-auto-launch, startup: false, activationEvent: 'onStartupFinished'
2024-09-10 14:36:49.870 [info] ExtensionService#_doActivateExtension vscode.merge-conflict, startup: false, activationEvent: 'onStartupFinished'
2024-09-10 14:36:50.509 [warning] [Decorations] CAPPING events from decorations provider vscode.git 1370
2024-09-10 14:36:51.443 [warning] [Decorations] CAPPING events from decorations provider vscode.git 1370
2024-09-10 14:36:53.377 [warning] [Decorations] CAPPING events from decorations provider vscode.git 1370
2024-09-10 14:36:58.471 [warning] [Decorations] CAPPING events from decorations provider vscode.git 1370
2024-09-10 14:37:03.562 [warning] [Decorations] CAPPING events from decorations provider vscode.git 1370
2024-09-10 14:37:08.651 [warning] [Decorations] CAPPING events from decorations provider vscode.git 1370
2024-09-10 14:37:13.734 [warning] [Decorations] CAPPING events from decorations provider vscode.git 1370
2024-09-10 14:37:18.824 [warning] [Decorations] CAPPING events from decorations provider vscode.git 1370
2024-09-10 14:37:23.914 [warning] [Decorations] CAPPING events from decorations provider vscode.git 1370
2024-09-10 14:37:29.003 [warning] [Decorations] CAPPING events from decorations provider vscode.git 1370
2024-09-10 14:37:34.095 [warning] [Decorations] CAPPING events from decorations provider vscode.git 1370
2024-09-10 14:37:39.187 [warning] [Decorations] CAPPING events from decorations provider vscode.git 1370
2024-09-10 14:37:44.270 [warning] [Decorations] CAPPING events from decorations provider vscode.git 1370
2024-09-10 14:37:49.358 [warning] [Decorations] CAPPING events from decorations provider vscode.git 1370
2024-09-10 14:37:54.437 [warning] [Decorations] CAPPING events from decorations provider vscode.git 1370
2024-09-10 14:37:59.514 [warning] [Decorations] CAPPING events from decorations provider vscode.git 1370
2024-09-10 14:38:04.596 [warning] [Decorations] CAPPING events from decorations provider vscode.git 1370
2024-09-10 14:38:09.671 [warning] [Decorations] CAPPING events from decorations provider vscode.git 1370
2024-09-10 14:38:14.751 [warning] [Decorations] CAPPING events from decorations provider vscode.git 1370
2024-09-10 14:38:19.830 [warning] [Decorations] CAPPING events from decorations provider vscode.git 1370
2024-09-10 14:38:24.913 [warning] [Decorations] CAPPING events from decorations provider vscode.git 1370
2024-09-10 14:38:30.346 [warning] [Decorations] CAPPING events from decorations provider vscode.git 1370
2024-09-10 14:38:35.432 [warning] [Decorations] CAPPING events from decorations provider vscode.git 1370
2024-09-10 14:38:40.512 [warning] [Decorations] CAPPING events from decorations provider vscode.git 1370
2024-09-10 14:38:45.597 [warning] [Decorations] CAPPING events from decorations provider vscode.git 1370
2024-09-10 14:38:50.677 [warning] [Decorations] CAPPING events from decorations provider vscode.git 1370
2024-09-10 14:38:55.753 [warning] [Decorations] CAPPING events from decorations provider vscode.git 1370
2024-09-10 14:39:00.827 [warning] [Decorations] CAPPING events from decorations provider vscode.git 1370
2024-09-10 14:39:05.907 [warning] [Decorations] CAPPING events from decorations provider vscode.git 1370
2024-09-10 14:39:10.981 [warning] [Decorations] CAPPING events from decorations provider vscode.git 1370
2024-09-10 14:39:16.058 [warning] [Decorations] CAPPING events from decorations provider vscode.git 1370
2024-09-10 14:39:21.141 [warning] [Decorations] CAPPING events from decorations provider vscode.git 1370
2024-09-10 14:39:26.222 [warning] [Decorations] CAPPING events from decorations provider vscode.git 1370
2024-09-10 14:39:31.309 [warning] [Decorations] CAPPING events from decorations provider vscode.git 1370
2024-09-10 14:39:36.385 [warning] [Decorations] CAPPING events from decorations provider vscode.git 1370
2024-09-10 14:39:41.471 [warning] [Decorations] CAPPING events from decorations provider vscode.git 1370
2024-09-10 14:39:46.554 [warning] [Decorations] CAPPING events from decorations provider vscode.git 1370
2024-09-10 14:39:51.629 [warning] [Decorations] CAPPING events from decorations provider vscode.git 1370
2024-09-10 14:39:56.713 [warning] [Decorations] CAPPING events from decorations provider vscode.git 1370
2024-09-10 14:40:01.795 [warning] [Decorations] CAPPING events from decorations provider vscode.git 1370
2024-09-10 14:40:06.882 [warning] [Decorations] CAPPING events from decorations provider vscode.git 1370
2024-09-10 14:40:11.966 [warning] [Decorations] CAPPING events from decorations provider vscode.git 1370
2024-09-10 14:40:17.383 [warning] [Decorations] CAPPING events from decorations provider vscode.git 1370
2024-09-10 14:40:22.464 [warning] [Decorations] CAPPING events from decorations provider vscode.git 1370
2024-09-10 14:40:27.540 [warning] [Decorations] CAPPING events from decorations provider vscode.git 1370
2024-09-10 14:40:32.631 [warning] [Decorations] CAPPING events from decorations provider vscode.git 1370
2024-09-10 14:40:37.711 [warning] [Decorations] CAPPING events from decorations provider vscode.git 1370
2024-09-10 14:40:42.787 [warning] [Decorations] CAPPING events from decorations provider vscode.git 1370
2024-09-10 14:40:47.863 [warning] [Decorations] CAPPING events from decorations provider vscode.git 1370
2024-09-10 14:40:52.953 [warning] [Decorations] CAPPING events from decorations provider vscode.git 1370
2024-09-10 14:40:58.035 [warning] [Decorations] CAPPING events from decorations provider vscode.git 1370
2024-09-10 14:41:03.119 [warning] [Decorations] CAPPING events from decorations provider vscode.git 1370
2024-09-10 14:41:08.193 [warning] [Decorations] CAPPING events from decorations provider vscode.git 1370
2024-09-10 14:41:13.270 [warning] [Decorations] CAPPING events from decorations provider vscode.git 1370
2024-09-10 14:41:18.346 [warning] [Decorations] CAPPING events from decorations provider vscode.git 1370
2024-09-10 14:41:23.421 [warning] [Decorations] CAPPING events from decorations provider vscode.git 1370
2024-09-10 14:41:28.508 [warning] [Decorations] CAPPING events from decorations provider vscode.git 1370
2024-09-10 14:41:33.587 [warning] [Decorations] CAPPING events from decorations provider vscode.git 1370
2024-09-10 14:41:38.674 [warning] [Decorations] CAPPING events from decorations provider vscode.git 1370
2024-09-10 14:41:43.752 [warning] [Decorations] CAPPING events from decorations provider vscode.git 1370
2024-09-10 14:53:50.383 [warning] [Decorations] CAPPING events from decorations provider vscode.git 1370
2024-09-10 14:53:55.474 [warning] [Decorations] CAPPING events from decorations provider vscode.git 1370
2024-09-10 14:54:00.561 [warning] [Decorations] CAPPING events from decorations provider vscode.git 1370
2024-09-10 14:54:05.640 [warning] [Decorations] CAPPING events from decorations provider vscode.git 1370
2024-09-10 14:54:10.730 [warning] [Decorations] CAPPING events from decorations provider vscode.git 1370
2024-09-10 14:54:15.819 [warning] [Decorations] CAPPING events from decorations provider vscode.git 1370
2024-09-10 14:54:21.264 [warning] [Decorations] CAPPING events from decorations provider vscode.git 1370
2024-09-10 14:54:26.365 [warning] [Decorations] CAPPING events from decorations provider vscode.git 1370
2024-09-10 14:54:31.461 [warning] [Decorations] CAPPING events from decorations provider vscode.git 1370
2024-09-10 14:54:36.543 [warning] [Decorations] CAPPING events from decorations provider vscode.git 1370
2024-09-10 14:54:41.633 [warning] [Decorations] CAPPING events from decorations provider vscode.git 1370
2024-09-10 14:54:47.277 [warning] [Decorations] CAPPING events from decorations provider vscode.git 1370
2024-09-10 14:54:52.359 [warning] [Decorations] CAPPING events from decorations provider vscode.git 1370
2024-09-10 14:54:57.441 [warning] [Decorations] CAPPING events from decorations provider vscode.git 1370
2024-09-10 14:55:02.521 [warning] [Decorations] CAPPING events from decorations provider vscode.git 1370
2024-09-10 14:55:07.618 [warning] [Decorations] CAPPING events from decorations provider vscode.git 1370
2024-09-10 14:55:12.711 [warning] [Decorations] CAPPING events from decorations provider vscode.git 1370
2024-09-10 14:55:17.795 [warning] [Decorations] CAPPING events from decorations provider vscode.git 1370
2024-09-10 14:55:22.881 [warning] [Decorations] CAPPING events from decorations provider vscode.git 1370
2024-09-10 14:55:27.966 [warning] [Decorations] CAPPING events from decorations provider vscode.git 1370
2024-09-10 14:55:33.043 [warning] [Decorations] CAPPING events from decorations provider vscode.git 1370
2024-09-10 14:55:38.123 [warning] [Decorations] CAPPING events from decorations provider vscode.git 1370
2024-09-10 14:55:43.218 [warning] [Decorations] CAPPING events from decorations provider vscode.git 1370
2024-09-10 14:55:48.311 [warning] [Decorations] CAPPING events from decorations provider vscode.git 1370
2024-09-10 14:55:53.401 [warning] [Decorations] CAPPING events from decorations provider vscode.git 1370
2024-09-10 14:55:58.491 [warning] [Decorations] CAPPING events from decorations provider vscode.git 1370
2024-09-10 14:56:03.575 [warning] [Decorations] CAPPING events from decorations provider vscode.git 1370
2024-09-10 14:56:08.667 [warning] [Decorations] CAPPING events from decorations provider vscode.git 1370
2024-09-10 14:56:13.753 [warning] [Decorations] CAPPING events from decorations provider vscode.git 1370
2024-09-10 14:56:18.847 [warning] [Decorations] CAPPING events from decorations provider vscode.git 1372
2024-09-10 15:20:59.297 [warning] [Decorations] CAPPING events from decorations provider vscode.git 1372
2024-09-10 15:22:37.559 [warning] [Decorations] CAPPING events from decorations provider vscode.git 1372
2024-09-10 15:22:42.652 [warning] [Decorations] CAPPING events from decorations provider vscode.git 1373
2024-09-10 15:22:51.027 [warning] [Decorations] CAPPING events from decorations provider vscode.git 1373
2024-09-10 15:22:56.126 [warning] [Decorations] CAPPING events from decorations provider vscode.git 1374
2024-09-10 15:23:01.227 [warning] [Decorations] CAPPING events from decorations provider vscode.git 1374
2024-09-10 15:23:06.693 [warning] [Decorations] CAPPING events from decorations provider vscode.git 1374
2024-09-10 15:23:11.779 [warning] [Decorations] CAPPING events from decorations provider vscode.git 1374
2024-09-10 15:23:18.689 [warning] [Decorations] CAPPING events from decorations provider vscode.git 1374
2024-09-10 15:23:23.771 [warning] [Decorations] CAPPING events from decorations provider vscode.git 1374
2024-09-10 15:28:24.020 [warning] [Decorations] CAPPING events from decorations provider vscode.git 1374
2024-09-10 15:28:29.115 [warning] [Decorations] CAPPING events from decorations provider vscode.git 1374
2024-09-10 15:32:16.245 [warning] [Decorations] CAPPING events from decorations provider vscode.git 1374
2024-09-10 15:32:21.335 [warning] [Decorations] CAPPING events from decorations provider vscode.git 1375
2024-09-10 15:32:26.430 [warning] [Decorations] CAPPING events from decorations provider vscode.git 1375
2024-09-10 15:32:31.512 [warning] [Decorations] CAPPING events from decorations provider vscode.git 1375
2024-09-10 15:32:38.148 [warning] [Decorations] CAPPING events from decorations provider vscode.git 1375
2024-09-10 15:32:47.628 [warning] [Decorations] CAPPING events from decorations provider vscode.git 1375
2024-09-10 15:32:52.714 [warning] [Decorations] CAPPING events from decorations provider vscode.git 1375
2024-09-10 15:32:57.798 [warning] [Decorations] CAPPING events from decorations provider vscode.git 1375
2024-09-10 15:33:03.236 [warning] [Decorations] CAPPING events from decorations provider vscode.git 1375
2024-09-10 15:33:08.322 [warning] [Decorations] CAPPING events from decorations provider vscode.git 1375
2024-09-10 15:36:29.698 [warning] [Decorations] CAPPING events from decorations provider vscode.git 1375
2024-09-10 15:36:43.259 [warning] [Decorations] CAPPING events from decorations provider vscode.git 1375
2024-09-10 15:36:48.344 [warning] [Decorations] CAPPING events from decorations provider vscode.git 1375
2024-09-10 15:36:53.437 [warning] [Decorations] CAPPING events from decorations provider vscode.git 1375
2024-09-10 15:36:58.513 [warning] [Decorations] CAPPING events from decorations provider vscode.git 1376
2024-09-10 15:37:03.648 [warning] [Decorations] CAPPING events from decorations provider vscode.git 1376
2024-09-10 15:37:08.743 [warning] [Decorations] CAPPING events from decorations provider vscode.git 1376
2024-09-10 15:37:13.821 [warning] [Decorations] CAPPING events from decorations provider vscode.git 1377
2024-09-10 15:37:18.906 [warning] [Decorations] CAPPING events from decorations provider vscode.git 1377
2024-09-10 15:37:23.990 [warning] [Decorations] CAPPING events from decorations provider vscode.git 1377
2024-09-10 15:37:31.436 [warning] [Decorations] CAPPING events from decorations provider vscode.git 1377
2024-09-10 15:37:36.528 [warning] [Decorations] CAPPING events from decorations provider vscode.git 1377
2024-09-10 15:37:41.607 [warning] [Decorations] CAPPING events from decorations provider vscode.git 1377
2024-09-10 15:37:46.682 [warning] [Decorations] CAPPING events from decorations provider vscode.git 1377
2024-09-10 15:37:52.442 [warning] [Decorations] CAPPING events from decorations provider vscode.git 1378
2024-09-10 15:38:01.454 [warning] [Decorations] CAPPING events from decorations provider vscode.git 1378
2024-09-10 15:38:06.545 [warning] [Decorations] CAPPING events from decorations provider vscode.git 1378
2024-09-10 15:38:11.630 [warning] [Decorations] CAPPING events from decorations provider vscode.git 1378
2024-09-10 15:38:16.718 [warning] [Decorations] CAPPING events from decorations provider vscode.git 1378
2024-09-10 15:38:25.464 [warning] [Decorations] CAPPING events from decorations provider vscode.git 1378
2024-09-10 15:38:30.555 [warning] [Decorations] CAPPING events from decorations provider vscode.git 1378
2024-09-10 15:38:37.469 [warning] [Decorations] CAPPING events from decorations provider vscode.git 1378
2024-09-10 15:38:42.559 [warning] [Decorations] CAPPING events from decorations provider vscode.git 1378
2024-09-10 15:38:47.646 [warning] [Decorations] CAPPING events from decorations provider vscode.git 1379
2024-09-10 15:38:52.732 [warning] [Decorations] CAPPING events from decorations provider vscode.git 1379
2024-09-10 15:39:01.468 [warning] [Decorations] CAPPING events from decorations provider vscode.git 1380
2024-09-10 15:39:06.553 [warning] [Decorations] CAPPING events from decorations provider vscode.git 1380
2024-09-10 15:39:13.466 [warning] [Decorations] CAPPING events from decorations provider vscode.git 1380
2024-09-10 15:39:18.548 [warning] [Decorations] CAPPING events from decorations provider vscode.git 1380
2024-09-10 15:39:26.456 [warning] [Decorations] CAPPING events from decorations provider vscode.git 1380
2024-09-10 15:39:31.539 [warning] [Decorations] CAPPING events from decorations provider vscode.git 1380
2024-09-10 15:39:39.466 [warning] [Decorations] CAPPING events from decorations provider vscode.git 1381
2024-09-10 15:39:44.544 [warning] [Decorations] CAPPING events from decorations provider vscode.git 1381
2024-09-10 15:39:49.622 [warning] [Decorations] CAPPING events from decorations provider vscode.git 1381
2024-09-10 15:39:54.711 [warning] [Decorations] CAPPING events from decorations provider vscode.git 1381
2024-09-10 15:39:59.791 [warning] [Decorations] CAPPING events from decorations provider vscode.git 1381
2024-09-10 15:40:04.877 [warning] [Decorations] CAPPING events from decorations provider vscode.git 1381
2024-09-10 15:40:09.960 [warning] [Decorations] CAPPING events from decorations provider vscode.git 1381
2024-09-10 15:40:15.035 [warning] [Decorations] CAPPING events from decorations provider vscode.git 1381
2024-09-10 15:40:20.115 [warning] [Decorations] CAPPING events from decorations provider vscode.git 1381
2024-09-10 15:40:25.200 [warning] [Decorations] CAPPING events from decorations provider vscode.git 1381
2024-09-10 15:40:35.631 [warning] [Decorations] CAPPING events from decorations provider vscode.git 1382
2024-09-10 15:40:45.625 [warning] [Decorations] CAPPING events from decorations provider vscode.git 1382
2024-09-10 15:40:50.701 [warning] [Decorations] CAPPING events from decorations provider vscode.git 1382
2024-09-10 15:40:55.784 [warning] [Decorations] CAPPING events from decorations provider vscode.git 1382
2024-09-10 15:41:00.866 [warning] [Decorations] CAPPING events from decorations provider vscode.git 1382
2024-09-10 15:41:05.941 [warning] [Decorations] CAPPING events from decorations provider vscode.git 1382
2024-09-10 15:41:11.019 [warning] [Decorations] CAPPING events from decorations provider vscode.git 1382
2024-09-10 15:41:16.100 [warning] [Decorations] CAPPING events from decorations provider vscode.git 1382
2024-09-10 15:41:21.173 [warning] [Decorations] CAPPING events from decorations provider vscode.git 1382
2024-09-10 15:41:26.260 [warning] [Decorations] CAPPING events from decorations provider vscode.git 1382
2024-09-10 15:41:31.342 [warning] [Decorations] CAPPING events from decorations provider vscode.git 1382
2024-09-10 15:41:36.434 [warning] [Decorations] CAPPING events from decorations provider vscode.git 1382
2024-09-10 15:41:41.513 [warning] [Decorations] CAPPING events from decorations provider vscode.git 1382
2024-09-10 15:41:46.588 [warning] [Decorations] CAPPING events from decorations provider vscode.git 1382
2024-09-10 15:41:51.662 [warning] [Decorations] CAPPING events from decorations provider vscode.git 1382
2024-09-10 15:41:56.743 [warning] [Decorations] CAPPING events from decorations provider vscode.git 1382
2024-09-10 15:42:01.826 [warning] [Decorations] CAPPING events from decorations provider vscode.git 1382
2024-09-10 15:42:06.914 [warning] [Decorations] CAPPING events from decorations provider vscode.git 1382
2024-09-10 15:42:11.996 [warning] [Decorations] CAPPING events from decorations provider vscode.git 1382
2024-09-10 15:42:17.074 [warning] [Decorations] CAPPING events from decorations provider vscode.git 1383
2024-09-10 15:42:22.155 [warning] [Decorations] CAPPING events from decorations provider vscode.git 1383
2024-09-10 15:42:27.241 [warning] [Decorations] CAPPING events from decorations provider vscode.git 1383
2024-09-10 15:42:32.325 [warning] [Decorations] CAPPING events from decorations provider vscode.git 1383
2024-09-10 15:42:37.401 [warning] [Decorations] CAPPING events from decorations provider vscode.git 1383
2024-09-10 15:42:42.480 [warning] [Decorations] CAPPING events from decorations provider vscode.git 1383
2024-09-10 15:42:47.561 [warning] [Decorations] CAPPING events from decorations provider vscode.git 1383
2024-09-10 15:42:52.649 [warning] [Decorations] CAPPING events from decorations provider vscode.git 1383
2024-09-10 15:42:57.730 [warning] [Decorations] CAPPING events from decorations provider vscode.git 1383
2024-09-10 15:43:02.814 [warning] [Decorations] CAPPING events from decorations provider vscode.git 1384
2024-09-10 15:43:07.896 [warning] [Decorations] CAPPING events from decorations provider vscode.git 1384
2024-09-10 15:43:12.975 [warning] [Decorations] CAPPING events from decorations provider vscode.git 1384
2024-09-10 15:43:18.049 [warning] [Decorations] CAPPING events from decorations provider vscode.git 1384
2024-09-10 15:43:23.136 [warning] [Decorations] CAPPING events from decorations provider vscode.git 1385
2024-09-10 15:43:28.220 [warning] [Decorations] CAPPING events from decorations provider vscode.git 1385
2024-09-10 15:43:33.301 [warning] [Decorations] CAPPING events from decorations provider vscode.git 1385
2024-09-10 15:43:38.375 [warning] [Decorations] CAPPING events from decorations provider vscode.git 1385
2024-09-10 15:43:43.457 [warning] [Decorations] CAPPING events from decorations provider vscode.git 1385
2024-09-10 15:43:48.542 [warning] [Decorations] CAPPING events from decorations provider vscode.git 1385
2024-09-10 15:43:53.614 [warning] [Decorations] CAPPING events from decorations provider vscode.git 1385
2024-09-10 15:43:58.693 [warning] [Decorations] CAPPING events from decorations provider vscode.git 1385
2024-09-10 15:44:03.768 [warning] [Decorations] CAPPING events from decorations provider vscode.git 1385
2024-09-10 15:44:28.204 [warning] [Decorations] CAPPING events from decorations provider vscode.git 1386
2024-09-10 15:44:38.204 [warning] [Decorations] CAPPING events from decorations provider vscode.git 1386
2024-09-10 15:44:43.278 [warning] [Decorations] CAPPING events from decorations provider vscode.git 1386
2024-09-10 15:44:48.357 [warning] [Decorations] CAPPING events from decorations provider vscode.git 1386
2024-09-10 15:44:53.438 [warning] [Decorations] CAPPING events from decorations provider vscode.git 1386
2024-09-10 15:44:58.521 [warning] [Decorations] CAPPING events from decorations provider vscode.git 1386
2024-09-10 15:45:03.596 [warning] [Decorations] CAPPING events from decorations provider vscode.git 1386
2024-09-10 15:45:08.682 [warning] [Decorations] CAPPING events from decorations provider vscode.git 1386
2024-09-10 15:45:13.759 [warning] [Decorations] CAPPING events from decorations provider vscode.git 1386
2024-09-10 15:45:18.837 [warning] [Decorations] CAPPING events from decorations provider vscode.git 1387
2024-09-10 15:45:26.268 [warning] [Decorations] CAPPING events from decorations provider vscode.git 1387
2024-09-10 15:45:37.288 [warning] [Decorations] CAPPING events from decorations provider vscode.git 1387
2024-09-10 15:45:42.378 [warning] [Decorations] CAPPING events from decorations provider vscode.git 1387
2024-09-10 15:45:47.472 [warning] [Decorations] CAPPING events from decorations provider vscode.git 1387
2024-09-10 15:45:52.553 [warning] [Decorations] CAPPING events from decorations provider vscode.git 1387
2024-09-10 15:45:57.631 [warning] [Decorations] CAPPING events from decorations provider vscode.git 1387
2024-09-10 15:46:02.713 [warning] [Decorations] CAPPING events from decorations provider vscode.git 1387
2024-09-10 15:46:07.798 [warning] [Decorations] CAPPING events from decorations provider vscode.git 1387
2024-09-10 15:46:12.883 [warning] [Decorations] CAPPING events from decorations provider vscode.git 1387
2024-09-10 15:46:17.969 [warning] [Decorations] CAPPING events from decorations provider vscode.git 1388
2024-09-10 15:46:23.056 [warning] [Decorations] CAPPING events from decorations provider vscode.git 1388
2024-09-10 15:46:28.139 [warning] [Decorations] CAPPING events from decorations provider vscode.git 1388
2024-09-10 15:46:44.618 [warning] [Decorations] CAPPING events from decorations provider vscode.git 1389
2024-09-10 15:46:49.713 [warning] [Decorations] CAPPING events from decorations provider vscode.git 1389
2024-09-10 15:46:54.869 [warning] [Decorations] CAPPING events from decorations provider vscode.git 1389
2024-09-10 15:46:59.949 [warning] [Decorations] CAPPING events from decorations provider vscode.git 1389
2024-09-10 15:47:05.033 [warning] [Decorations] CAPPING events from decorations provider vscode.git 1389
2024-09-10 15:47:10.679 [warning] [Decorations] CAPPING events from decorations provider vscode.git 1389
2024-09-10 15:47:15.763 [warning] [Decorations] CAPPING events from decorations provider vscode.git 1389
2024-09-10 15:49:16.194 [warning] [Decorations] CAPPING events from decorations provider vscode.git 1389
2024-09-10 15:49:21.285 [warning] [Decorations] CAPPING events from decorations provider vscode.git 1389
2024-09-10 15:49:26.373 [warning] [Decorations] CAPPING events from decorations provider vscode.git 1389
2024-09-10 15:49:31.462 [warning] [Decorations] CAPPING events from decorations provider vscode.git 1389
2024-09-10 15:49:36.908 [warning] [Decorations] CAPPING events from decorations provider vscode.git 1389
2024-09-10 15:49:41.986 [warning] [Decorations] CAPPING events from decorations provider vscode.git 1389
2024-09-10 15:49:47.065 [warning] [Decorations] CAPPING events from decorations provider vscode.git 1389
2024-09-10 15:49:52.147 [warning] [Decorations] CAPPING events from decorations provider vscode.git 1389
2024-09-10 15:49:57.229 [warning] [Decorations] CAPPING events from decorations provider vscode.git 1389
2024-09-10 15:50:02.313 [warning] [Decorations] CAPPING events from decorations provider vscode.git 1389
2024-09-10 15:50:07.399 [warning] [Decorations] CAPPING events from decorations provider vscode.git 1389
2024-09-10 15:50:12.490 [warning] [Decorations] CAPPING events from decorations provider vscode.git 1389
2024-09-10 15:50:17.580 [warning] [Decorations] CAPPING events from decorations provider vscode.git 1389
2024-09-10 15:50:22.668 [warning] [Decorations] CAPPING events from decorations provider vscode.git 1389
2024-09-10 15:50:28.151 [warning] [Decorations] CAPPING events from decorations provider vscode.git 1389
2024-09-10 15:50:33.238 [warning] [Decorations] CAPPING events from decorations provider vscode.git 1389
2024-09-10 15:50:39.169 [warning] [Decorations] CAPPING events from decorations provider vscode.git 1389
2024-09-10 15:50:44.244 [warning] [Decorations] CAPPING events from decorations provider vscode.git 1389
2024-09-10 15:50:49.323 [warning] [Decorations] CAPPING events from decorations provider vscode.git 1389
2024-09-10 15:50:54.403 [warning] [Decorations] CAPPING events from decorations provider vscode.git 1389
2024-09-10 15:50:59.489 [warning] [Decorations] CAPPING events from decorations provider vscode.git 1389
2024-09-10 15:51:04.571 [warning] [Decorations] CAPPING events from decorations provider vscode.git 1389
2024-09-10 15:51:09.656 [warning] [Decorations] CAPPING events from decorations provider vscode.git 1389
2024-09-10 15:51:15.189 [warning] [Decorations] CAPPING events from decorations provider vscode.git 1389
