2024-08-28 19:37:58.617 [info] [main] Log level: Info
2024-08-28 19:37:58.617 [info] [main] Validating found git in: "git"
2024-08-28 19:37:58.617 [info] [main] Using git "2.34.1" from "git"
2024-08-28 19:37:58.617 [info] [Model][doInitialScan] Initial repository scan started
2024-08-28 19:37:58.628 [info] > git rev-parse --show-toplevel [17ms]
2024-08-28 19:37:58.696 [info] > git rev-parse --git-dir --git-common-dir [63ms]
2024-08-28 19:37:58.714 [info] [Model][openRepository] Opened repository: /home/teresayuexinzhang
2024-08-28 19:37:58.731 [info] > git config --get commit.template [7ms]
2024-08-28 19:37:58.732 [info] > git rev-parse --show-toplevel [3ms]
2024-08-28 19:37:58.744 [info] [Model][doInitialScan] Initial repository scan completed - repositories (1), closed repositories (0), parent repositories (0), unsafe repositories (0)
2024-08-28 19:37:58.762 [info] > git for-each-ref --format=%(refname)%00%(upstream:short)%00%(objectname)%00%(upstream:track)%00%(upstream:remotename)%00%(upstream:remoteref) refs/heads/main refs/remotes/main [12ms]
2024-08-28 19:37:58.910 [info] > git status -z -uall [142ms]
2024-08-28 19:37:58.990 [info] > git for-each-ref --format=%(refname)%00%(upstream:short)%00%(objectname)%00%(upstream:track)%00%(upstream:remotename)%00%(upstream:remoteref) refs/heads/main refs/remotes/main [72ms]
2024-08-28 19:37:59.008 [info] > git config --get commit.template [18ms]
2024-08-28 19:37:59.011 [info] > git config --local branch.main.vscode-merge-base [6ms]
2024-08-28 19:37:59.012 [warning] [Git][config] git config failed: Failed to execute git
2024-08-28 19:37:59.163 [info] > git reflog main --grep-reflog=branch: Created from *. [138ms]
2024-08-28 19:37:59.175 [info] > git for-each-ref --format=%(refname)%00%(upstream:short)%00%(objectname)%00%(upstream:track)%00%(upstream:remotename)%00%(upstream:remoteref) refs/heads/main refs/remotes/main [29ms]
2024-08-28 19:37:59.198 [info] > git symbolic-ref --short refs/remotes/origin/HEAD [26ms]
2024-08-28 19:37:59.198 [info] fatal: ref refs/remotes/origin/HEAD is not a symbolic ref
2024-08-28 19:37:59.403 [info] > git status -z -uall [207ms]
2024-08-28 19:37:59.404 [info] > git check-ignore -v -z --stdin [5ms]
2024-08-28 19:37:59.420 [info] > git for-each-ref --format=%(refname)%00%(upstream:short)%00%(objectname)%00%(upstream:track)%00%(upstream:remotename)%00%(upstream:remoteref) refs/heads/main refs/remotes/main [10ms]
2024-08-28 19:37:59.427 [info] > git config --local branch.main.vscode-merge-base [2ms]
2024-08-28 19:37:59.427 [warning] [Git][config] git config failed: Failed to execute git
2024-08-28 19:37:59.435 [info] > git reflog main --grep-reflog=branch: Created from *. [3ms]
2024-08-28 19:37:59.440 [info] > git symbolic-ref --short refs/remotes/origin/HEAD [2ms]
2024-08-28 19:37:59.440 [info] fatal: ref refs/remotes/origin/HEAD is not a symbolic ref
2024-08-28 19:37:59.489 [info] > git show --textconv :Lab1/buggy.cpp [38ms]
2024-08-28 19:37:59.489 [info] > git ls-files --stage -- /home/teresayuexinzhang/Lab1/buggy.cpp [33ms]
2024-08-28 19:37:59.497 [info] > git cat-file -s a72baa1099faa06cd3566ccb0f8b30bb9b343b11 [3ms]
2024-08-28 19:38:01.985 [info] > git config --get commit.template [6ms]
2024-08-28 19:38:01.985 [info] > git for-each-ref --format=%(refname)%00%(upstream:short)%00%(objectname)%00%(upstream:track)%00%(upstream:remotename)%00%(upstream:remoteref) refs/heads/main refs/remotes/main [3ms]
2024-08-28 19:38:02.011 [info] > git status -z -uall [22ms]
2024-08-28 19:38:02.020 [info] > git for-each-ref --format=%(refname)%00%(upstream:short)%00%(objectname)%00%(upstream:track)%00%(upstream:remotename)%00%(upstream:remoteref) refs/heads/main refs/remotes/main [3ms]
2024-08-28 19:38:02.025 [info] > git config --local branch.main.vscode-merge-base [2ms]
2024-08-28 19:38:02.025 [warning] [Git][config] git config failed: Failed to execute git
2024-08-28 19:38:02.031 [info] > git reflog main --grep-reflog=branch: Created from *. [2ms]
2024-08-28 19:38:02.035 [info] > git symbolic-ref --short refs/remotes/origin/HEAD [2ms]
2024-08-28 19:38:02.035 [info] fatal: ref refs/remotes/origin/HEAD is not a symbolic ref
2024-08-28 19:38:07.067 [info] > git config --get commit.template [8ms]
2024-08-28 19:38:07.072 [info] > git for-each-ref --format=%(refname)%00%(upstream:short)%00%(objectname)%00%(upstream:track)%00%(upstream:remotename)%00%(upstream:remoteref) refs/heads/main refs/remotes/main [6ms]
2024-08-28 19:38:07.108 [info] > git status -z -uall [29ms]
2024-08-28 19:38:07.122 [info] > git for-each-ref --format=%(refname)%00%(upstream:short)%00%(objectname)%00%(upstream:track)%00%(upstream:remotename)%00%(upstream:remoteref) refs/heads/main refs/remotes/main [9ms]
2024-08-28 19:38:07.130 [info] > git config --local branch.main.vscode-merge-base [2ms]
2024-08-28 19:38:07.130 [warning] [Git][config] git config failed: Failed to execute git
2024-08-28 19:38:07.137 [info] > git reflog main --grep-reflog=branch: Created from *. [3ms]
2024-08-28 19:38:07.143 [info] > git symbolic-ref --short refs/remotes/origin/HEAD [2ms]
2024-08-28 19:38:07.144 [info] fatal: ref refs/remotes/origin/HEAD is not a symbolic ref
2024-08-28 19:38:12.128 [info] > git config --get commit.template [6ms]
2024-08-28 19:38:12.130 [info] > git for-each-ref --format=%(refname)%00%(upstream:short)%00%(objectname)%00%(upstream:track)%00%(upstream:remotename)%00%(upstream:remoteref) refs/heads/main refs/remotes/main [2ms]
2024-08-28 19:38:12.155 [info] > git status -z -uall [21ms]
2024-08-28 19:38:12.164 [info] > git for-each-ref --format=%(refname)%00%(upstream:short)%00%(objectname)%00%(upstream:track)%00%(upstream:remotename)%00%(upstream:remoteref) refs/heads/main refs/remotes/main [4ms]
2024-08-28 19:38:12.171 [info] > git config --local branch.main.vscode-merge-base [3ms]
2024-08-28 19:38:12.172 [warning] [Git][config] git config failed: Failed to execute git
2024-08-28 19:38:12.179 [info] > git reflog main --grep-reflog=branch: Created from *. [2ms]
2024-08-28 19:38:12.184 [info] > git symbolic-ref --short refs/remotes/origin/HEAD [2ms]
2024-08-28 19:38:12.184 [info] fatal: ref refs/remotes/origin/HEAD is not a symbolic ref
