2024-08-28 14:35:18.087 [info] [main] Log level: Info
2024-08-28 14:35:18.087 [info] [main] Validating found git in: "git"
2024-08-28 14:35:18.088 [info] [main] Using git "2.34.1" from "git"
2024-08-28 14:35:18.088 [info] [Model][doInitialScan] Initial repository scan started
2024-08-28 14:35:18.176 [info] > git rev-parse --show-toplevel [99ms]
2024-08-28 14:35:18.193 [info] > git rev-parse --git-dir --git-common-dir [9ms]
2024-08-28 14:35:18.245 [info] [Model][openRepository] Opened repository: /home/teresayuexinzhang
2024-08-28 14:35:18.278 [info] > git config --get commit.template [17ms]
2024-08-28 14:35:18.279 [info] > git rev-parse --show-toplevel [4ms]
2024-08-28 14:35:18.297 [info] > git for-each-ref --format=%(refname)%00%(upstream:short)%00%(objectname)%00%(upstream:track)%00%(upstream:remotename)%00%(upstream:remoteref) refs/heads/main refs/remotes/main [13ms]
2024-08-28 14:35:18.304 [info] > git rev-parse --show-toplevel [14ms]
2024-08-28 14:35:18.318 [info] > git rev-parse --show-toplevel [3ms]
2024-08-28 14:35:18.329 [info] > git rev-parse --show-toplevel [3ms]
2024-08-28 14:35:18.341 [info] > git rev-parse --show-toplevel [8ms]
2024-08-28 14:35:18.349 [info] > git rev-parse --show-toplevel [4ms]
2024-08-28 14:35:18.362 [info] > git rev-parse --show-toplevel [8ms]
2024-08-28 14:35:18.374 [info] > git rev-parse --show-toplevel [6ms]
2024-08-28 14:35:18.380 [info] [Model][doInitialScan] Initial repository scan completed - repositories (1), closed repositories (0), parent repositories (0), unsafe repositories (0)
2024-08-28 14:35:18.492 [info] > git status -z -uall [189ms]
2024-08-28 14:35:18.517 [info] > git for-each-ref --format=%(refname)%00%(upstream:short)%00%(objectname)%00%(upstream:track)%00%(upstream:remotename)%00%(upstream:remoteref) refs/heads/main refs/remotes/main [20ms]
2024-08-28 14:35:18.525 [info] > git config --get commit.template [8ms]
2024-08-28 14:35:18.526 [info] > git config --local branch.main.vscode-merge-base [2ms]
2024-08-28 14:35:18.526 [warning] [Git][config] git config failed: Failed to execute git
2024-08-28 14:35:18.536 [info] > git for-each-ref --format=%(refname)%00%(upstream:short)%00%(objectname)%00%(upstream:track)%00%(upstream:remotename)%00%(upstream:remoteref) refs/heads/main refs/remotes/main [2ms]
2024-08-28 14:35:18.541 [info] > git reflog main --grep-reflog=branch: Created from *. [11ms]
2024-08-28 14:35:18.550 [info] > git symbolic-ref --short refs/remotes/origin/HEAD [5ms]
2024-08-28 14:35:18.550 [info] fatal: ref refs/remotes/origin/HEAD is not a symbolic ref
2024-08-28 14:35:18.564 [info] > git status -z -uall [24ms]
2024-08-28 14:35:18.574 [info] > git for-each-ref --format=%(refname)%00%(upstream:short)%00%(objectname)%00%(upstream:track)%00%(upstream:remotename)%00%(upstream:remoteref) refs/heads/main refs/remotes/main [5ms]
2024-08-28 14:35:18.586 [info] > git config --local branch.main.vscode-merge-base [7ms]
2024-08-28 14:35:18.587 [warning] [Git][config] git config failed: Failed to execute git
2024-08-28 14:35:18.595 [info] > git reflog main --grep-reflog=branch: Created from *. [1ms]
2024-08-28 14:35:18.601 [info] > git symbolic-ref --short refs/remotes/origin/HEAD [2ms]
2024-08-28 14:35:18.601 [info] fatal: ref refs/remotes/origin/HEAD is not a symbolic ref
2024-08-28 14:35:18.816 [info] > git show --textconv :Lab1/buggy.cpp [174ms]
2024-08-28 14:35:18.817 [info] > git ls-files --stage -- /home/teresayuexinzhang/Lab1/buggy.cpp [171ms]
2024-08-28 14:35:18.827 [info] > git cat-file -s a72baa1099faa06cd3566ccb0f8b30bb9b343b11 [7ms]
2024-08-28 14:35:18.829 [info] > git check-ignore -v -z --stdin [4ms]
2024-08-28 15:39:44.624 [info] > git config --get commit.template [5ms]
2024-08-28 15:39:44.635 [info] > git for-each-ref --format=%(refname)%00%(upstream:short)%00%(objectname)%00%(upstream:track)%00%(upstream:remotename)%00%(upstream:remoteref) refs/heads/main refs/remotes/main [2ms]
2024-08-28 15:39:44.696 [info] > git status -z -uall [55ms]
2024-08-28 15:39:44.713 [info] > git for-each-ref --format=%(refname)%00%(upstream:short)%00%(objectname)%00%(upstream:track)%00%(upstream:remotename)%00%(upstream:remoteref) refs/heads/main refs/remotes/main [9ms]
2024-08-28 15:39:44.722 [info] > git config --local branch.main.vscode-merge-base [3ms]
2024-08-28 15:39:44.722 [warning] [Git][config] git config failed: Failed to execute git
2024-08-28 15:39:44.733 [info] > git reflog main --grep-reflog=branch: Created from *. [6ms]
2024-08-28 15:39:44.741 [info] > git symbolic-ref --short refs/remotes/origin/HEAD [3ms]
2024-08-28 15:39:44.741 [info] fatal: ref refs/remotes/origin/HEAD is not a symbolic ref
2024-08-28 15:39:49.725 [info] > git config --get commit.template [7ms]
2024-08-28 15:39:49.726 [info] > git for-each-ref --format=%(refname)%00%(upstream:short)%00%(objectname)%00%(upstream:track)%00%(upstream:remotename)%00%(upstream:remoteref) refs/heads/main refs/remotes/main [2ms]
2024-08-28 15:39:49.756 [info] > git status -z -uall [24ms]
2024-08-28 15:39:49.765 [info] > git for-each-ref --format=%(refname)%00%(upstream:short)%00%(objectname)%00%(upstream:track)%00%(upstream:remotename)%00%(upstream:remoteref) refs/heads/main refs/remotes/main [3ms]
2024-08-28 15:39:49.773 [info] > git config --local branch.main.vscode-merge-base [2ms]
2024-08-28 15:39:49.773 [warning] [Git][config] git config failed: Failed to execute git
2024-08-28 15:39:49.781 [info] > git reflog main --grep-reflog=branch: Created from *. [2ms]
2024-08-28 15:39:49.788 [info] > git symbolic-ref --short refs/remotes/origin/HEAD [3ms]
2024-08-28 15:39:49.788 [info] fatal: ref refs/remotes/origin/HEAD is not a symbolic ref
2024-08-28 15:39:54.776 [info] > git config --get commit.template [6ms]
2024-08-28 15:39:54.777 [info] > git for-each-ref --format=%(refname)%00%(upstream:short)%00%(objectname)%00%(upstream:track)%00%(upstream:remotename)%00%(upstream:remoteref) refs/heads/main refs/remotes/main [2ms]
2024-08-28 15:39:54.803 [info] > git status -z -uall [23ms]
2024-08-28 15:39:54.811 [info] > git for-each-ref --format=%(refname)%00%(upstream:short)%00%(objectname)%00%(upstream:track)%00%(upstream:remotename)%00%(upstream:remoteref) refs/heads/main refs/remotes/main [3ms]
2024-08-28 15:39:54.817 [info] > git config --local branch.main.vscode-merge-base [2ms]
2024-08-28 15:39:54.817 [warning] [Git][config] git config failed: Failed to execute git
2024-08-28 15:39:54.824 [info] > git reflog main --grep-reflog=branch: Created from *. [3ms]
2024-08-28 15:39:54.829 [info] > git symbolic-ref --short refs/remotes/origin/HEAD [2ms]
2024-08-28 15:39:54.829 [info] fatal: ref refs/remotes/origin/HEAD is not a symbolic ref
