2024-08-27 19:38:43.327 [info] [main] Log level: Info
2024-08-27 19:38:43.327 [info] [main] Validating found git in: "git"
2024-08-27 19:38:43.327 [info] [main] Using git "2.34.1" from "git"
2024-08-27 19:38:43.327 [info] [Model][doInitialScan] Initial repository scan started
2024-08-27 19:38:43.327 [info] > git rev-parse --show-toplevel [18ms]
2024-08-27 19:38:43.335 [info] > git rev-parse --git-dir --git-common-dir [15ms]
2024-08-27 19:38:43.354 [info] [Model][openRepository] Opened repository: /home/teresayuexinzhang
2024-08-27 19:38:43.445 [info] > git rev-parse --show-toplevel [70ms]
2024-08-27 19:38:43.459 [info] [Model][doInitialScan] Initial repository scan completed - repositories (1), closed repositories (0), parent repositories (0), unsafe repositories (0)
2024-08-27 19:38:43.472 [info] > git config --get commit.template [102ms]
2024-08-27 19:38:43.494 [info] > git for-each-ref --format=%(refname)%00%(upstream:short)%00%(objectname)%00%(upstream:track)%00%(upstream:remotename)%00%(upstream:remoteref) refs/heads/main refs/remotes/main [12ms]
2024-08-27 19:38:43.657 [info] > git status -z -uall [154ms]
2024-08-27 19:38:43.708 [info] > git for-each-ref --format=%(refname)%00%(upstream:short)%00%(objectname)%00%(upstream:track)%00%(upstream:remotename)%00%(upstream:remoteref) refs/heads/main refs/remotes/main [33ms]
2024-08-27 19:38:43.718 [info] > git config --get commit.template [11ms]
2024-08-27 19:38:43.731 [info] > git config --local branch.main.vscode-merge-base [15ms]
2024-08-27 19:38:43.731 [warning] [Git][config] git config failed: Failed to execute git
2024-08-27 19:38:43.741 [info] > git for-each-ref --format=%(refname)%00%(upstream:short)%00%(objectname)%00%(upstream:track)%00%(upstream:remotename)%00%(upstream:remoteref) refs/heads/main refs/remotes/main [12ms]
2024-08-27 19:38:43.755 [info] > git reflog main --grep-reflog=branch: Created from *. [15ms]
2024-08-27 19:38:43.865 [info] > git status -z -uall [112ms]
2024-08-27 19:38:43.865 [info] > git show --textconv :Lab1/buggy.cpp [13ms]
2024-08-27 19:38:43.866 [info] > git symbolic-ref --short refs/remotes/origin/HEAD [101ms]
2024-08-27 19:38:43.866 [info] fatal: ref refs/remotes/origin/HEAD is not a symbolic ref
2024-08-27 19:38:43.885 [info] > git ls-files --stage -- /home/teresayuexinzhang/Lab1/buggy.cpp [22ms]
2024-08-27 19:38:43.905 [info] > git cat-file -s a72baa1099faa06cd3566ccb0f8b30bb9b343b11 [13ms]
2024-08-27 19:38:43.907 [info] > git for-each-ref --format=%(refname)%00%(upstream:short)%00%(objectname)%00%(upstream:track)%00%(upstream:remotename)%00%(upstream:remoteref) refs/heads/main refs/remotes/main [31ms]
2024-08-27 19:38:44.051 [info] > git check-ignore -v -z --stdin [151ms]
2024-08-27 19:38:44.070 [info] > git config --local branch.main.vscode-merge-base [152ms]
2024-08-27 19:38:44.071 [warning] [Git][config] git config failed: Failed to execute git
2024-08-27 19:38:44.085 [info] > git reflog main --grep-reflog=branch: Created from *. [3ms]
2024-08-27 19:38:44.094 [info] > git symbolic-ref --short refs/remotes/origin/HEAD [3ms]
2024-08-27 19:38:44.094 [info] fatal: ref refs/remotes/origin/HEAD is not a symbolic ref
2024-08-27 19:38:46.411 [info] > git config --get commit.template [7ms]
2024-08-27 19:38:46.412 [info] > git for-each-ref --format=%(refname)%00%(upstream:short)%00%(objectname)%00%(upstream:track)%00%(upstream:remotename)%00%(upstream:remoteref) refs/heads/main refs/remotes/main [3ms]
2024-08-27 19:38:46.436 [info] > git status -z -uall [21ms]
2024-08-27 19:38:46.446 [info] > git for-each-ref --format=%(refname)%00%(upstream:short)%00%(objectname)%00%(upstream:track)%00%(upstream:remotename)%00%(upstream:remoteref) refs/heads/main refs/remotes/main [5ms]
2024-08-27 19:38:46.453 [info] > git config --local branch.main.vscode-merge-base [2ms]
2024-08-27 19:38:46.453 [warning] [Git][config] git config failed: Failed to execute git
2024-08-27 19:38:46.460 [info] > git reflog main --grep-reflog=branch: Created from *. [3ms]
2024-08-27 19:38:46.466 [info] > git symbolic-ref --short refs/remotes/origin/HEAD [2ms]
2024-08-27 19:38:46.466 [info] fatal: ref refs/remotes/origin/HEAD is not a symbolic ref
2024-08-27 19:38:51.457 [info] > git config --get commit.template [5ms]
2024-08-27 19:38:51.458 [info] > git for-each-ref --format=%(refname)%00%(upstream:short)%00%(objectname)%00%(upstream:track)%00%(upstream:remotename)%00%(upstream:remoteref) refs/heads/main refs/remotes/main [2ms]
2024-08-27 19:38:51.481 [info] > git status -z -uall [20ms]
2024-08-27 19:38:51.491 [info] > git for-each-ref --format=%(refname)%00%(upstream:short)%00%(objectname)%00%(upstream:track)%00%(upstream:remotename)%00%(upstream:remoteref) refs/heads/main refs/remotes/main [4ms]
2024-08-27 19:38:51.497 [info] > git config --local branch.main.vscode-merge-base [2ms]
2024-08-27 19:38:51.497 [warning] [Git][config] git config failed: Failed to execute git
2024-08-27 19:38:51.503 [info] > git reflog main --grep-reflog=branch: Created from *. [2ms]
2024-08-27 19:38:51.508 [info] > git symbolic-ref --short refs/remotes/origin/HEAD [2ms]
2024-08-27 19:38:51.508 [info] fatal: ref refs/remotes/origin/HEAD is not a symbolic ref
2024-08-27 19:38:56.503 [info] > git config --get commit.template [5ms]
2024-08-27 19:38:56.504 [info] > git for-each-ref --format=%(refname)%00%(upstream:short)%00%(objectname)%00%(upstream:track)%00%(upstream:remotename)%00%(upstream:remoteref) refs/heads/main refs/remotes/main [3ms]
2024-08-27 19:38:56.528 [info] > git status -z -uall [20ms]
2024-08-27 19:38:56.539 [info] > git for-each-ref --format=%(refname)%00%(upstream:short)%00%(objectname)%00%(upstream:track)%00%(upstream:remotename)%00%(upstream:remoteref) refs/heads/main refs/remotes/main [4ms]
2024-08-27 19:38:56.546 [info] > git config --local branch.main.vscode-merge-base [2ms]
2024-08-27 19:38:56.546 [warning] [Git][config] git config failed: Failed to execute git
2024-08-27 19:38:56.553 [info] > git reflog main --grep-reflog=branch: Created from *. [3ms]
2024-08-27 19:38:56.558 [info] > git symbolic-ref --short refs/remotes/origin/HEAD [2ms]
2024-08-27 19:38:56.558 [info] fatal: ref refs/remotes/origin/HEAD is not a symbolic ref
2024-08-27 19:39:01.549 [info] > git config --get commit.template [7ms]
2024-08-27 19:39:01.550 [info] > git for-each-ref --format=%(refname)%00%(upstream:short)%00%(objectname)%00%(upstream:track)%00%(upstream:remotename)%00%(upstream:remoteref) refs/heads/main refs/remotes/main [2ms]
2024-08-27 19:39:01.578 [info] > git status -z -uall [22ms]
2024-08-27 19:39:01.587 [info] > git for-each-ref --format=%(refname)%00%(upstream:short)%00%(objectname)%00%(upstream:track)%00%(upstream:remotename)%00%(upstream:remoteref) refs/heads/main refs/remotes/main [3ms]
2024-08-27 19:39:01.593 [info] > git config --local branch.main.vscode-merge-base [2ms]
2024-08-27 19:39:01.593 [warning] [Git][config] git config failed: Failed to execute git
2024-08-27 19:39:01.600 [info] > git reflog main --grep-reflog=branch: Created from *. [3ms]
2024-08-27 19:39:01.607 [info] > git symbolic-ref --short refs/remotes/origin/HEAD [2ms]
2024-08-27 19:39:01.607 [info] fatal: ref refs/remotes/origin/HEAD is not a symbolic ref
2024-08-27 19:39:06.605 [info] > git config --get commit.template [9ms]
2024-08-27 19:39:06.607 [info] > git for-each-ref --format=%(refname)%00%(upstream:short)%00%(objectname)%00%(upstream:track)%00%(upstream:remotename)%00%(upstream:remoteref) refs/heads/main refs/remotes/main [4ms]
2024-08-27 19:39:06.650 [info] > git status -z -uall [34ms]
2024-08-27 19:39:06.672 [info] > git for-each-ref --format=%(refname)%00%(upstream:short)%00%(objectname)%00%(upstream:track)%00%(upstream:remotename)%00%(upstream:remoteref) refs/heads/main refs/remotes/main [7ms]
2024-08-27 19:39:06.687 [info] > git config --local branch.main.vscode-merge-base [3ms]
2024-08-27 19:39:06.687 [warning] [Git][config] git config failed: Failed to execute git
2024-08-27 19:39:06.712 [info] > git reflog main --grep-reflog=branch: Created from *. [5ms]
2024-08-27 19:39:06.722 [info] > git symbolic-ref --short refs/remotes/origin/HEAD [3ms]
2024-08-27 19:39:06.722 [info] fatal: ref refs/remotes/origin/HEAD is not a symbolic ref
