2024-09-20 19:37:50.428 [info] [main] Log level: Info
2024-09-20 19:37:50.428 [info] [main] Validating found git in: "git"
2024-09-20 19:37:50.428 [info] [main] Using git "2.34.1" from "git"
2024-09-20 19:37:50.428 [info] [Model][doInitialScan] Initial repository scan started
2024-09-20 19:37:50.491 [info] > git rev-parse --show-toplevel [82ms]
2024-09-20 19:37:50.498 [info] > git rev-parse --git-dir --git-common-dir [2ms]
2024-09-20 19:37:50.511 [info] [Model][openRepository] Opened repository: /home/teresayuexinzhang
2024-09-20 19:37:50.528 [info] > git rev-parse --show-toplevel [7ms]
2024-09-20 19:37:50.529 [info] > git config --get commit.template [11ms]
2024-09-20 19:37:50.539 [info] > git rev-parse --show-toplevel [6ms]
2024-09-20 19:37:50.545 [info] > git rev-parse --show-toplevel [2ms]
2024-09-20 19:37:50.549 [info] [Model][doInitialScan] Initial repository scan completed - repositories (1), closed repositories (0), parent repositories (0), unsafe repositories (0)
2024-09-20 19:37:50.553 [info] > git for-each-ref --format=%(refname)%00%(upstream:short)%00%(objectname)%00%(upstream:track)%00%(upstream:remotename)%00%(upstream:remoteref) refs/heads/main refs/remotes/main [16ms]
2024-09-20 19:37:50.822 [info] > git status -z -uall [263ms]
2024-09-20 19:37:50.890 [info] > git for-each-ref --format=%(refname)%00%(upstream:short)%00%(objectname)%00%(upstream:track)%00%(upstream:remotename)%00%(upstream:remoteref) refs/heads/main refs/remotes/main [54ms]
2024-09-20 19:37:50.913 [info] > git config --get commit.template [24ms]
2024-09-20 19:37:51.244 [info] > git show --textconv :CSCE313_PA1/client.cpp [236ms]
2024-09-20 19:37:51.245 [info] > git for-each-ref --format=%(refname)%00%(upstream:short)%00%(objectname)%00%(upstream:track)%00%(upstream:remotename)%00%(upstream:remoteref) refs/heads/main refs/remotes/main [316ms]
2024-09-20 19:37:51.249 [info] > git config --local branch.main.vscode-merge-base [342ms]
2024-09-20 19:37:51.249 [warning] [Git][config] git config failed: Failed to execute git
2024-09-20 19:37:51.271 [info] > git ls-files --stage -- /home/teresayuexinzhang/CSCE313_PA1/client.cpp [247ms]
2024-09-20 19:37:51.303 [info] > git check-ignore -v -z --stdin [38ms]
2024-09-20 19:37:51.305 [info] > git reflog main --grep-reflog=branch: Created from *. [51ms]
2024-09-20 19:37:51.309 [info] > git cat-file -s 5eb82bfd320f0b51aa9c922b67f3ee6ba355b83c [28ms]
2024-09-20 19:37:51.319 [info] > git symbolic-ref --short refs/remotes/origin/HEAD [9ms]
2024-09-20 19:37:51.319 [info] fatal: ref refs/remotes/origin/HEAD is not a symbolic ref
2024-09-20 19:37:51.456 [info] > git merge-base refs/heads/main refs/remotes/origin/main [127ms]
2024-09-20 19:37:51.524 [info] > git status -z -uall [207ms]
2024-09-20 19:37:51.561 [info] > git rev-list --count --left-right refs/heads/main...refs/remotes/origin/main [68ms]
2024-09-20 19:37:51.730 [info] > git for-each-ref --format=%(refname)%00%(upstream:short)%00%(objectname)%00%(upstream:track)%00%(upstream:remotename)%00%(upstream:remoteref) refs/heads/main refs/remotes/main [181ms]
2024-09-20 19:37:52.010 [info] > git config --local branch.main.vscode-merge-base [241ms]
2024-09-20 19:37:52.010 [warning] [Git][config] git config failed: Failed to execute git
2024-09-20 19:37:52.026 [info] > git diff --name-status -z --diff-filter=ADMR 0cd50804bee2e1a885c878f3d0759bb4fedcbc26...refs/remotes/origin/main [438ms]
2024-09-20 19:37:52.089 [info] > git reflog main --grep-reflog=branch: Created from *. [62ms]
2024-09-20 19:37:52.198 [info] > git symbolic-ref --short refs/remotes/origin/HEAD [62ms]
2024-09-20 19:37:52.198 [info] fatal: ref refs/remotes/origin/HEAD is not a symbolic ref
2024-09-20 19:38:23.733 [info] > git config --get commit.template [8ms]
2024-09-20 19:38:23.737 [info] > git for-each-ref --format=%(refname)%00%(upstream:short)%00%(objectname)%00%(upstream:track)%00%(upstream:remotename)%00%(upstream:remoteref) refs/heads/main refs/remotes/main [7ms]
2024-09-20 19:38:23.885 [info] > git status -z -uall [141ms]
2024-09-20 19:38:23.895 [info] > git for-each-ref --format=%(refname)%00%(upstream:short)%00%(objectname)%00%(upstream:track)%00%(upstream:remotename)%00%(upstream:remoteref) refs/heads/main refs/remotes/main [4ms]
2024-09-20 19:38:23.903 [info] > git config --local branch.main.vscode-merge-base [2ms]
2024-09-20 19:38:23.903 [warning] [Git][config] git config failed: Failed to execute git
2024-09-20 19:38:23.911 [info] > git reflog main --grep-reflog=branch: Created from *. [4ms]
2024-09-20 19:38:23.916 [info] > git symbolic-ref --short refs/remotes/origin/HEAD [2ms]
2024-09-20 19:38:23.916 [info] fatal: ref refs/remotes/origin/HEAD is not a symbolic ref
2024-09-20 19:38:28.905 [info] > git config --get commit.template [5ms]
2024-09-20 19:38:28.907 [info] > git for-each-ref --format=%(refname)%00%(upstream:short)%00%(objectname)%00%(upstream:track)%00%(upstream:remotename)%00%(upstream:remoteref) refs/heads/main refs/remotes/main [3ms]
2024-09-20 19:38:28.959 [info] > git status -z -uall [48ms]
2024-09-20 19:38:28.967 [info] > git for-each-ref --format=%(refname)%00%(upstream:short)%00%(objectname)%00%(upstream:track)%00%(upstream:remotename)%00%(upstream:remoteref) refs/heads/main refs/remotes/main [3ms]
2024-09-20 19:38:28.972 [info] > git config --local branch.main.vscode-merge-base [2ms]
2024-09-20 19:38:28.972 [warning] [Git][config] git config failed: Failed to execute git
2024-09-20 19:38:28.979 [info] > git reflog main --grep-reflog=branch: Created from *. [3ms]
2024-09-20 19:38:28.985 [info] > git symbolic-ref --short refs/remotes/origin/HEAD [3ms]
2024-09-20 19:38:28.985 [info] fatal: ref refs/remotes/origin/HEAD is not a symbolic ref
2024-09-20 20:36:55.795 [info] > git config --get commit.template [3ms]
2024-09-20 20:36:55.802 [info] > git for-each-ref --format=%(refname)%00%(upstream:short)%00%(objectname)%00%(upstream:track)%00%(upstream:remotename)%00%(upstream:remoteref) refs/heads/main refs/remotes/main [3ms]
2024-09-20 20:36:55.883 [info] > git status -z -uall [76ms]
2024-09-20 20:36:55.893 [info] > git for-each-ref --format=%(refname)%00%(upstream:short)%00%(objectname)%00%(upstream:track)%00%(upstream:remotename)%00%(upstream:remoteref) refs/heads/main refs/remotes/main [3ms]
2024-09-20 20:36:55.900 [info] > git config --local branch.main.vscode-merge-base [3ms]
2024-09-20 20:36:55.900 [warning] [Git][config] git config failed: Failed to execute git
2024-09-20 20:36:55.909 [info] > git reflog main --grep-reflog=branch: Created from *. [3ms]
2024-09-20 20:36:55.915 [info] > git symbolic-ref --short refs/remotes/origin/HEAD [2ms]
2024-09-20 20:36:55.915 [info] fatal: ref refs/remotes/origin/HEAD is not a symbolic ref
2024-09-20 20:37:00.901 [info] > git config --get commit.template [4ms]
2024-09-20 20:37:00.907 [info] > git for-each-ref --format=%(refname)%00%(upstream:short)%00%(objectname)%00%(upstream:track)%00%(upstream:remotename)%00%(upstream:remoteref) refs/heads/main refs/remotes/main [2ms]
2024-09-20 20:37:00.966 [info] > git status -z -uall [53ms]
2024-09-20 20:37:00.978 [info] > git for-each-ref --format=%(refname)%00%(upstream:short)%00%(objectname)%00%(upstream:track)%00%(upstream:remotename)%00%(upstream:remoteref) refs/heads/main refs/remotes/main [5ms]
2024-09-20 20:37:00.985 [info] > git config --local branch.main.vscode-merge-base [1ms]
2024-09-20 20:37:00.985 [warning] [Git][config] git config failed: Failed to execute git
2024-09-20 20:37:00.993 [info] > git reflog main --grep-reflog=branch: Created from *. [4ms]
2024-09-20 20:37:00.999 [info] > git symbolic-ref --short refs/remotes/origin/HEAD [2ms]
2024-09-20 20:37:00.999 [info] fatal: ref refs/remotes/origin/HEAD is not a symbolic ref
