2024-09-23 20:21:32.698 [info] Extension host with pid 393173 started
2024-09-23 20:21:32.731 [info] Lock '/home/teresayuexinzhang/.vscode-server/data/User/workspaceStorage/a8f5a6ffddfda5d20b3d1cad2ad89825/vscode.lock': Lock acquired.
2024-09-23 20:21:32.808 [info] ExtensionService#_doActivateExtension vscode.emmet, startup: false, activationEvent: 'onLanguage'
2024-09-23 20:21:32.810 [info] ExtensionService#_doActivateExtension vscode.git-base, startup: false, activationEvent: '*', root cause: vscode.git
2024-09-23 20:21:32.946 [info] ExtensionService#_doActivateExtension vscode.git, startup: false, activationEvent: '*'
2024-09-23 20:21:32.946 [info] ExtensionService#_doActivateExtension vscode.github, startup: false, activationEvent: '*'
2024-09-23 20:21:33.408 [info] Eager extensions activated
2024-09-23 20:21:33.409 [info] ExtensionService#_doActivateExtension vscode.debug-auto-launch, startup: false, activationEvent: 'onStartupFinished'
2024-09-23 20:21:33.410 [info] ExtensionService#_doActivateExtension vscode.merge-conflict, startup: false, activationEvent: 'onStartupFinished'
2024-09-23 20:21:46.452 [info] ExtensionService#_doActivateExtension vscode.npm, startup: false, activationEvent: 'onTerminalQuickFixRequest:ms-vscode.npm-command'
2024-09-23 20:37:27.146 [warning] [Decorations] CAPPING events from decorations provider vscode.git 279
2024-09-23 21:04:35.655 [warning] [Decorations] CAPPING events from decorations provider vscode.git 251
2024-09-23 21:04:55.980 [warning] [Decorations] CAPPING events from decorations provider vscode.git 251
2024-09-23 21:05:24.491 [warning] [Decorations] CAPPING events from decorations provider vscode.git 251
2024-09-23 21:05:44.827 [warning] [Decorations] CAPPING events from decorations provider vscode.git 251
2024-09-23 21:05:49.909 [warning] [Decorations] CAPPING events from decorations provider vscode.git 252
2024-09-23 21:06:04.556 [warning] [Decorations] CAPPING events from decorations provider vscode.git 253
2024-09-23 21:06:09.638 [warning] [Decorations] CAPPING events from decorations provider vscode.git 253
2024-09-23 21:06:14.712 [warning] [Decorations] CAPPING events from decorations provider vscode.git 253
2024-09-23 21:06:19.793 [warning] [Decorations] CAPPING events from decorations provider vscode.git 253
2024-09-23 21:06:24.868 [warning] [Decorations] CAPPING events from decorations provider vscode.git 253
2024-09-23 21:06:30.514 [warning] [Decorations] CAPPING events from decorations provider vscode.git 253
2024-09-23 21:06:35.590 [warning] [Decorations] CAPPING events from decorations provider vscode.git 253
2024-09-23 21:06:40.674 [warning] [Decorations] CAPPING events from decorations provider vscode.git 253
2024-09-23 21:06:45.758 [warning] [Decorations] CAPPING events from decorations provider vscode.git 253
2024-09-23 21:06:50.836 [warning] [Decorations] CAPPING events from decorations provider vscode.git 253
2024-09-23 21:06:55.912 [warning] [Decorations] CAPPING events from decorations provider vscode.git 253
2024-09-23 21:07:00.993 [warning] [Decorations] CAPPING events from decorations provider vscode.git 253
2024-09-23 21:07:06.070 [warning] [Decorations] CAPPING events from decorations provider vscode.git 253
2024-09-23 21:07:11.145 [warning] [Decorations] CAPPING events from decorations provider vscode.git 254
2024-09-23 21:07:16.250 [warning] [Decorations] CAPPING events from decorations provider vscode.git 255
2024-09-23 21:07:21.325 [warning] [Decorations] CAPPING events from decorations provider vscode.git 254
2024-09-23 21:07:26.401 [warning] [Decorations] CAPPING events from decorations provider vscode.git 253
2024-09-23 21:07:31.490 [warning] [Decorations] CAPPING events from decorations provider vscode.git 253
2024-09-23 21:07:36.573 [warning] [Decorations] CAPPING events from decorations provider vscode.git 253
2024-09-23 21:07:41.647 [warning] [Decorations] CAPPING events from decorations provider vscode.git 254
2024-09-23 21:07:46.725 [warning] [Decorations] CAPPING events from decorations provider vscode.git 254
2024-09-23 21:07:51.815 [warning] [Decorations] CAPPING events from decorations provider vscode.git 254
2024-09-23 21:07:56.900 [warning] [Decorations] CAPPING events from decorations provider vscode.git 254
2024-09-23 21:08:01.989 [warning] [Decorations] CAPPING events from decorations provider vscode.git 254
2024-09-23 21:08:07.070 [warning] [Decorations] CAPPING events from decorations provider vscode.git 254
2024-09-23 21:08:12.146 [warning] [Decorations] CAPPING events from decorations provider vscode.git 254
2024-09-23 21:08:33.112 [warning] [Decorations] CAPPING events from decorations provider vscode.git 254
2024-09-23 21:08:38.195 [warning] [Decorations] CAPPING events from decorations provider vscode.git 254
2024-09-23 21:08:43.282 [warning] [Decorations] CAPPING events from decorations provider vscode.git 254
2024-09-23 21:08:48.360 [warning] [Decorations] CAPPING events from decorations provider vscode.git 254
2024-09-23 21:10:16.730 [warning] [Decorations] CAPPING events from decorations provider vscode.git 254
2024-09-23 21:11:41.699 [warning] [Decorations] CAPPING events from decorations provider vscode.git 254
2024-09-23 21:11:46.783 [warning] [Decorations] CAPPING events from decorations provider vscode.git 254
2024-09-23 21:11:51.861 [warning] [Decorations] CAPPING events from decorations provider vscode.git 254
2024-09-23 21:11:56.945 [warning] [Decorations] CAPPING events from decorations provider vscode.git 255
2024-09-23 21:12:02.026 [warning] [Decorations] CAPPING events from decorations provider vscode.git 255
2024-09-23 21:12:07.110 [warning] [Decorations] CAPPING events from decorations provider vscode.git 255
2024-09-23 21:12:17.731 [warning] [Decorations] CAPPING events from decorations provider vscode.git 255
2024-09-23 21:33:36.237 [warning] [Decorations] CAPPING events from decorations provider vscode.git 255
2024-09-23 21:33:41.314 [warning] [Decorations] CAPPING events from decorations provider vscode.git 255
2024-09-23 21:36:04.657 [warning] [Decorations] CAPPING events from decorations provider vscode.git 255
2024-09-23 21:36:09.747 [warning] [Decorations] CAPPING events from decorations provider vscode.git 255
2024-09-23 21:36:14.838 [warning] [Decorations] CAPPING events from decorations provider vscode.git 256
2024-09-23 21:36:21.595 [warning] [Decorations] CAPPING events from decorations provider vscode.git 256
2024-09-23 21:36:26.738 [warning] [Decorations] CAPPING events from decorations provider vscode.git 256
2024-09-23 21:36:31.817 [warning] [Decorations] CAPPING events from decorations provider vscode.git 257
2024-09-23 21:36:44.671 [warning] [Decorations] CAPPING events from decorations provider vscode.git 257
2024-09-23 21:43:23.567 [warning] [Decorations] CAPPING events from decorations provider vscode.git 257
2024-09-23 21:43:28.650 [warning] [Decorations] CAPPING events from decorations provider vscode.git 257
2024-09-23 21:43:33.736 [warning] [Decorations] CAPPING events from decorations provider vscode.git 257
2024-09-23 21:47:50.898 [warning] [Decorations] CAPPING events from decorations provider vscode.git 257
2024-09-23 22:41:13.798 [warning] [Decorations] CAPPING events from decorations provider vscode.git 257
2024-09-23 22:41:18.887 [warning] [Decorations] CAPPING events from decorations provider vscode.git 257
2024-09-23 22:41:23.974 [warning] [Decorations] CAPPING events from decorations provider vscode.git 257
2024-09-23 22:41:29.057 [warning] [Decorations] CAPPING events from decorations provider vscode.git 257
2024-09-23 22:41:34.141 [warning] [Decorations] CAPPING events from decorations provider vscode.git 257
2024-09-23 22:41:39.235 [warning] [Decorations] CAPPING events from decorations provider vscode.git 257
2024-09-23 22:41:44.318 [warning] [Decorations] CAPPING events from decorations provider vscode.git 257
2024-09-23 22:41:49.391 [warning] [Decorations] CAPPING events from decorations provider vscode.git 257
2024-09-23 22:41:57.725 [warning] [Decorations] CAPPING events from decorations provider vscode.git 257
2024-09-23 22:42:02.812 [warning] [Decorations] CAPPING events from decorations provider vscode.git 257
2024-09-23 22:42:07.887 [warning] [Decorations] CAPPING events from decorations provider vscode.git 257
2024-09-23 22:42:12.962 [warning] [Decorations] CAPPING events from decorations provider vscode.git 257
2024-09-23 22:42:18.048 [warning] [Decorations] CAPPING events from decorations provider vscode.git 257
2024-09-23 22:42:23.139 [warning] [Decorations] CAPPING events from decorations provider vscode.git 257
2024-09-23 22:42:28.219 [warning] [Decorations] CAPPING events from decorations provider vscode.git 257
2024-09-23 22:42:33.298 [warning] [Decorations] CAPPING events from decorations provider vscode.git 257
2024-09-23 22:42:38.379 [warning] [Decorations] CAPPING events from decorations provider vscode.git 257
2024-09-23 22:42:43.459 [warning] [Decorations] CAPPING events from decorations provider vscode.git 257
2024-09-23 22:42:48.541 [warning] [Decorations] CAPPING events from decorations provider vscode.git 257
2024-09-23 22:42:53.618 [warning] [Decorations] CAPPING events from decorations provider vscode.git 257
2024-09-23 22:42:58.709 [warning] [Decorations] CAPPING events from decorations provider vscode.git 257
2024-09-23 22:43:03.793 [warning] [Decorations] CAPPING events from decorations provider vscode.git 257
2024-09-23 22:43:08.873 [warning] [Decorations] CAPPING events from decorations provider vscode.git 257
2024-09-23 22:43:13.949 [warning] [Decorations] CAPPING events from decorations provider vscode.git 257
2024-09-23 22:43:19.021 [warning] [Decorations] CAPPING events from decorations provider vscode.git 257
2024-09-23 22:43:24.096 [warning] [Decorations] CAPPING events from decorations provider vscode.git 257
2024-09-23 22:43:29.170 [warning] [Decorations] CAPPING events from decorations provider vscode.git 257
2024-09-23 22:43:34.253 [warning] [Decorations] CAPPING events from decorations provider vscode.git 257
2024-09-23 22:43:46.570 [warning] [Decorations] CAPPING events from decorations provider vscode.git 257
2024-09-23 22:43:51.665 [warning] [Decorations] CAPPING events from decorations provider vscode.git 257
2024-09-23 22:43:56.741 [warning] [Decorations] CAPPING events from decorations provider vscode.git 257
2024-09-23 23:02:59.991 [warning] [Decorations] CAPPING events from decorations provider vscode.git 257
2024-09-23 23:03:05.075 [warning] [Decorations] CAPPING events from decorations provider vscode.git 257
2024-09-23 23:03:17.777 [warning] [Decorations] CAPPING events from decorations provider vscode.git 258
2024-09-23 23:03:22.854 [warning] [Decorations] CAPPING events from decorations provider vscode.git 257
2024-09-23 23:03:27.965 [warning] [Decorations] CAPPING events from decorations provider vscode.git 259
2024-09-23 23:03:33.773 [warning] [Decorations] CAPPING events from decorations provider vscode.git 258
2024-09-23 23:03:38.863 [warning] [Decorations] CAPPING events from decorations provider vscode.git 257
2024-09-23 23:03:48.783 [warning] [Decorations] CAPPING events from decorations provider vscode.git 258
2024-09-23 23:03:53.860 [warning] [Decorations] CAPPING events from decorations provider vscode.git 257
2024-09-23 23:03:58.936 [warning] [Decorations] CAPPING events from decorations provider vscode.git 257
2024-09-23 23:04:05.800 [warning] [Decorations] CAPPING events from decorations provider vscode.git 257
2024-09-23 23:04:10.880 [warning] [Decorations] CAPPING events from decorations provider vscode.git 257
2024-09-23 23:04:19.804 [warning] [Decorations] CAPPING events from decorations provider vscode.git 258
2024-09-23 23:04:24.893 [warning] [Decorations] CAPPING events from decorations provider vscode.git 257
2024-09-23 23:04:29.979 [warning] [Decorations] CAPPING events from decorations provider vscode.git 257
2024-09-23 23:04:35.069 [warning] [Decorations] CAPPING events from decorations provider vscode.git 257
2024-09-23 23:04:40.147 [warning] [Decorations] CAPPING events from decorations provider vscode.git 257
2024-09-23 23:04:45.800 [warning] [Decorations] CAPPING events from decorations provider vscode.git 257
2024-09-23 23:04:50.884 [warning] [Decorations] CAPPING events from decorations provider vscode.git 257
2024-09-23 23:04:55.972 [warning] [Decorations] CAPPING events from decorations provider vscode.git 257
2024-09-23 23:05:01.060 [warning] [Decorations] CAPPING events from decorations provider vscode.git 257
2024-09-23 23:05:06.147 [warning] [Decorations] CAPPING events from decorations provider vscode.git 257
2024-09-23 23:05:11.224 [warning] [Decorations] CAPPING events from decorations provider vscode.git 257
2024-09-23 23:05:16.310 [warning] [Decorations] CAPPING events from decorations provider vscode.git 257
2024-09-23 23:05:21.387 [warning] [Decorations] CAPPING events from decorations provider vscode.git 257
2024-09-23 23:05:26.471 [warning] [Decorations] CAPPING events from decorations provider vscode.git 257
2024-09-23 23:05:31.547 [warning] [Decorations] CAPPING events from decorations provider vscode.git 257
2024-09-23 23:05:36.631 [warning] [Decorations] CAPPING events from decorations provider vscode.git 257
2024-09-23 23:05:41.711 [warning] [Decorations] CAPPING events from decorations provider vscode.git 257
2024-09-23 23:05:46.787 [warning] [Decorations] CAPPING events from decorations provider vscode.git 257
2024-09-23 23:05:51.872 [warning] [Decorations] CAPPING events from decorations provider vscode.git 257
2024-09-23 23:05:56.953 [warning] [Decorations] CAPPING events from decorations provider vscode.git 257
2024-09-23 23:06:02.037 [warning] [Decorations] CAPPING events from decorations provider vscode.git 257
2024-09-23 23:06:07.121 [warning] [Decorations] CAPPING events from decorations provider vscode.git 257
2024-09-23 23:06:12.202 [warning] [Decorations] CAPPING events from decorations provider vscode.git 257
2024-09-23 23:06:17.275 [warning] [Decorations] CAPPING events from decorations provider vscode.git 257
2024-09-23 23:06:22.353 [warning] [Decorations] CAPPING events from decorations provider vscode.git 257
2024-09-23 23:06:27.440 [warning] [Decorations] CAPPING events from decorations provider vscode.git 257
2024-09-23 23:06:32.521 [warning] [Decorations] CAPPING events from decorations provider vscode.git 257
2024-09-23 23:06:37.597 [warning] [Decorations] CAPPING events from decorations provider vscode.git 257
2024-09-23 23:06:42.672 [warning] [Decorations] CAPPING events from decorations provider vscode.git 257
2024-09-23 23:06:47.747 [warning] [Decorations] CAPPING events from decorations provider vscode.git 257
2024-09-23 23:06:52.831 [warning] [Decorations] CAPPING events from decorations provider vscode.git 257
2024-09-23 23:06:57.917 [warning] [Decorations] CAPPING events from decorations provider vscode.git 257
2024-09-23 23:07:03.000 [warning] [Decorations] CAPPING events from decorations provider vscode.git 257
2024-09-23 23:07:08.079 [warning] [Decorations] CAPPING events from decorations provider vscode.git 257
2024-09-23 23:07:13.153 [warning] [Decorations] CAPPING events from decorations provider vscode.git 257
2024-09-23 23:07:18.229 [warning] [Decorations] CAPPING events from decorations provider vscode.git 257
2024-09-23 23:07:23.310 [warning] [Decorations] CAPPING events from decorations provider vscode.git 257
2024-09-23 23:07:28.386 [warning] [Decorations] CAPPING events from decorations provider vscode.git 257
2024-09-23 23:07:33.463 [warning] [Decorations] CAPPING events from decorations provider vscode.git 257
2024-09-23 23:07:38.546 [warning] [Decorations] CAPPING events from decorations provider vscode.git 257
2024-09-23 23:07:43.626 [warning] [Decorations] CAPPING events from decorations provider vscode.git 257
2024-09-23 23:07:48.713 [warning] [Decorations] CAPPING events from decorations provider vscode.git 257
2024-09-23 23:07:53.823 [warning] [Decorations] CAPPING events from decorations provider vscode.git 257
2024-09-23 23:07:58.909 [warning] [Decorations] CAPPING events from decorations provider vscode.git 257
2024-09-23 23:08:03.989 [warning] [Decorations] CAPPING events from decorations provider vscode.git 257
2024-09-23 23:08:09.065 [warning] [Decorations] CAPPING events from decorations provider vscode.git 257
2024-09-23 23:08:14.140 [warning] [Decorations] CAPPING events from decorations provider vscode.git 257
2024-09-23 23:08:19.217 [warning] [Decorations] CAPPING events from decorations provider vscode.git 257
2024-09-23 23:08:24.291 [warning] [Decorations] CAPPING events from decorations provider vscode.git 257
2024-09-23 23:08:29.374 [warning] [Decorations] CAPPING events from decorations provider vscode.git 257
2024-09-23 23:08:34.451 [warning] [Decorations] CAPPING events from decorations provider vscode.git 257
2024-09-23 23:08:39.526 [warning] [Decorations] CAPPING events from decorations provider vscode.git 257
2024-09-23 23:08:44.618 [warning] [Decorations] CAPPING events from decorations provider vscode.git 257
2024-09-23 23:08:49.698 [warning] [Decorations] CAPPING events from decorations provider vscode.git 257
2024-09-23 23:08:54.783 [warning] [Decorations] CAPPING events from decorations provider vscode.git 257
2024-09-23 23:08:59.871 [warning] [Decorations] CAPPING events from decorations provider vscode.git 257
2024-09-23 23:09:04.954 [warning] [Decorations] CAPPING events from decorations provider vscode.git 257
2024-09-23 23:09:10.029 [warning] [Decorations] CAPPING events from decorations provider vscode.git 257
2024-09-23 23:09:15.115 [warning] [Decorations] CAPPING events from decorations provider vscode.git 257
2024-09-23 23:09:20.204 [warning] [Decorations] CAPPING events from decorations provider vscode.git 257
2024-09-23 23:09:25.290 [warning] [Decorations] CAPPING events from decorations provider vscode.git 257
2024-09-23 23:09:30.374 [warning] [Decorations] CAPPING events from decorations provider vscode.git 257
2024-09-23 23:32:37.530 [warning] [Decorations] CAPPING events from decorations provider vscode.git 257
2024-09-23 23:32:42.606 [warning] [Decorations] CAPPING events from decorations provider vscode.git 257
2024-09-23 23:32:47.690 [warning] [Decorations] CAPPING events from decorations provider vscode.git 258
2024-09-23 23:32:52.780 [warning] [Decorations] CAPPING events from decorations provider vscode.git 257
2024-09-23 23:32:57.916 [warning] [Decorations] CAPPING events from decorations provider vscode.git 257
2024-09-23 23:33:03.464 [warning] [Decorations] CAPPING events from decorations provider vscode.git 257
2024-09-23 23:33:08.543 [warning] [Decorations] CAPPING events from decorations provider vscode.git 257
2024-09-23 23:33:13.631 [warning] [Decorations] CAPPING events from decorations provider vscode.git 257
2024-09-23 23:33:18.721 [warning] [Decorations] CAPPING events from decorations provider vscode.git 257
2024-09-23 23:37:43.049 [warning] [Decorations] CAPPING events from decorations provider vscode.git 257
2024-09-23 23:37:48.133 [warning] [Decorations] CAPPING events from decorations provider vscode.git 257
2024-09-23 23:37:53.227 [warning] [Decorations] CAPPING events from decorations provider vscode.git 257
2024-09-23 23:37:58.341 [warning] [Decorations] CAPPING events from decorations provider vscode.git 259
2024-09-23 23:38:03.422 [warning] [Decorations] CAPPING events from decorations provider vscode.git 259
2024-09-23 23:38:08.507 [warning] [Decorations] CAPPING events from decorations provider vscode.git 257
2024-09-23 23:38:13.585 [warning] [Decorations] CAPPING events from decorations provider vscode.git 257
2024-09-23 23:38:18.668 [warning] [Decorations] CAPPING events from decorations provider vscode.git 257
2024-09-24 09:09:57.466 [info] Extension host terminating: renderer disconnected for too long (1)
2024-09-24 09:09:57.477 [info] Lock '/home/teresayuexinzhang/.vscode-server/data/User/workspaceStorage/a8f5a6ffddfda5d20b3d1cad2ad89825/vscode.lock': Marking the lockfile as scheduled to be released in 6000 ms.
2024-09-24 09:09:57.587 [error] Canceled: Canceled
	at new D (/home/teresayuexinzhang/.vscode-server/cli/servers/Stable-38c31bc77e0dd6ae88a4e9cc93428cc27a56ba40/server/out/vs/workbench/api/node/extensionHostProcess.js:151:35235)
	at y.U (/home/teresayuexinzhang/.vscode-server/cli/servers/Stable-38c31bc77e0dd6ae88a4e9cc93428cc27a56ba40/server/out/vs/workbench/api/node/extensionHostProcess.js:158:6005)
	at V.<computed>.F.charCodeAt.A.CharCode.DollarSign.V.<computed> (/home/teresayuexinzhang/.vscode-server/cli/servers/Stable-38c31bc77e0dd6ae88a4e9cc93428cc27a56ba40/server/out/vs/workbench/api/node/extensionHostProcess.js:158:3107)
	at h.g (/home/teresayuexinzhang/.vscode-server/cli/servers/Stable-38c31bc77e0dd6ae88a4e9cc93428cc27a56ba40/server/out/vs/workbench/api/node/extensionHostProcess.js:161:210015)
	at h.executeCommand (/home/teresayuexinzhang/.vscode-server/cli/servers/Stable-38c31bc77e0dd6ae88a4e9cc93428cc27a56ba40/server/out/vs/workbench/api/node/extensionHostProcess.js:161:209453)
	at C.registerCommand.description (/home/teresayuexinzhang/.vscode-server/cli/servers/Stable-38c31bc77e0dd6ae88a4e9cc93428cc27a56ba40/server/out/vs/workbench/api/node/extensionHostProcess.js:161:208777)
	at h (/home/teresayuexinzhang/.vscode-server/cli/servers/Stable-38c31bc77e0dd6ae88a4e9cc93428cc27a56ba40/server/out/vs/workbench/api/node/extensionHostProcess.js:161:210554)
	at h.g (/home/teresayuexinzhang/.vscode-server/cli/servers/Stable-38c31bc77e0dd6ae88a4e9cc93428cc27a56ba40/server/out/vs/workbench/api/node/extensionHostProcess.js:161:209546)
	at h.executeCommand (/home/teresayuexinzhang/.vscode-server/cli/servers/Stable-38c31bc77e0dd6ae88a4e9cc93428cc27a56ba40/server/out/vs/workbench/api/node/extensionHostProcess.js:161:209453)
	at Object.executeCommand (/home/teresayuexinzhang/.vscode-server/cli/servers/Stable-38c31bc77e0dd6ae88a4e9cc93428cc27a56ba40/server/out/vs/workbench/api/node/extensionHostProcess.js:171:30683)
	at i.O [as value] (/home/teresayuexinzhang/.vscode-server/cli/servers/Stable-38c31bc77e0dd6ae88a4e9cc93428cc27a56ba40/server/extensions/git/dist/main.js:2:952009)
	at r.B (/home/teresayuexinzhang/.vscode-server/cli/servers/Stable-38c31bc77e0dd6ae88a4e9cc93428cc27a56ba40/server/out/vs/workbench/api/node/extensionHostProcess.js:90:732)
	at r.C (/home/teresayuexinzhang/.vscode-server/cli/servers/Stable-38c31bc77e0dd6ae88a4e9cc93428cc27a56ba40/server/out/vs/workbench/api/node/extensionHostProcess.js:90:802)
	at r.fire (/home/teresayuexinzhang/.vscode-server/cli/servers/Stable-38c31bc77e0dd6ae88a4e9cc93428cc27a56ba40/server/out/vs/workbench/api/node/extensionHostProcess.js:90:1018)
	at Object.p [as dispose] (/home/teresayuexinzhang/.vscode-server/cli/servers/Stable-38c31bc77e0dd6ae88a4e9cc93428cc27a56ba40/server/extensions/git/dist/main.js:2:972587)
	at /home/teresayuexinzhang/.vscode-server/cli/servers/Stable-38c31bc77e0dd6ae88a4e9cc93428cc27a56ba40/server/extensions/git/dist/main.js:2:978709
	at Array.forEach (<anonymous>)
	at f.dispose (/home/teresayuexinzhang/.vscode-server/cli/servers/Stable-38c31bc77e0dd6ae88a4e9cc93428cc27a56ba40/server/extensions/git/dist/main.js:2:978695)
	at o.<anonymous> (/home/teresayuexinzhang/.vscode-server/cli/servers/Stable-38c31bc77e0dd6ae88a4e9cc93428cc27a56ba40/server/out/vs/workbench/api/node/extensionHostProcess.js:159:4176)
	at o.dispose (/home/teresayuexinzhang/.vscode-server/cli/servers/Stable-38c31bc77e0dd6ae88a4e9cc93428cc27a56ba40/server/out/vs/workbench/api/node/extensionHostProcess.js:159:4273)
	at o.<anonymous> (/home/teresayuexinzhang/.vscode-server/cli/servers/Stable-38c31bc77e0dd6ae88a4e9cc93428cc27a56ba40/server/extensions/git/dist/main.js:2:954307)
	at o.dispose (/home/teresayuexinzhang/.vscode-server/cli/servers/Stable-38c31bc77e0dd6ae88a4e9cc93428cc27a56ba40/server/out/vs/workbench/api/node/extensionHostProcess.js:159:4273)
	at $ (/home/teresayuexinzhang/.vscode-server/cli/servers/Stable-38c31bc77e0dd6ae88a4e9cc93428cc27a56ba40/server/out/vs/workbench/api/node/extensionHostProcess.js:30:744)
	at /home/teresayuexinzhang/.vscode-server/cli/servers/Stable-38c31bc77e0dd6ae88a4e9cc93428cc27a56ba40/server/out/vs/workbench/api/node/extensionHostProcess.js:167:13607
	at /home/teresayuexinzhang/.vscode-server/cli/servers/Stable-38c31bc77e0dd6ae88a4e9cc93428cc27a56ba40/server/out/vs/workbench/api/node/extensionHostProcess.js:30:1112
	at Object.dispose (/home/teresayuexinzhang/.vscode-server/cli/servers/Stable-38c31bc77e0dd6ae88a4e9cc93428cc27a56ba40/server/out/vs/workbench/api/node/extensionHostProcess.js:11:11463)
	at m.eb (/home/teresayuexinzhang/.vscode-server/cli/servers/Stable-38c31bc77e0dd6ae88a4e9cc93428cc27a56ba40/server/out/vs/workbench/api/node/extensionHostProcess.js:167:10282)
	at /home/teresayuexinzhang/.vscode-server/cli/servers/Stable-38c31bc77e0dd6ae88a4e9cc93428cc27a56ba40/server/out/vs/workbench/api/node/extensionHostProcess.js:167:8153
	at Array.map (<anonymous>)
	at m.$ (/home/teresayuexinzhang/.vscode-server/cli/servers/Stable-38c31bc77e0dd6ae88a4e9cc93428cc27a56ba40/server/out/vs/workbench/api/node/extensionHostProcess.js:167:8140)
	at m.terminate (/home/teresayuexinzhang/.vscode-server/cli/servers/Stable-38c31bc77e0dd6ae88a4e9cc93428cc27a56ba40/server/out/vs/workbench/api/node/extensionHostProcess.js:167:8413)
	at $.terminate (/home/teresayuexinzhang/.vscode-server/cli/servers/Stable-38c31bc77e0dd6ae88a4e9cc93428cc27a56ba40/server/out/vs/workbench/api/node/extensionHostProcess.js:171:1513)
	at n (/home/teresayuexinzhang/.vscode-server/cli/servers/Stable-38c31bc77e0dd6ae88a4e9cc93428cc27a56ba40/server/out/vs/workbench/api/node/extensionHostProcess.js:184:10613)
	at F.a (/home/teresayuexinzhang/.vscode-server/cli/servers/Stable-38c31bc77e0dd6ae88a4e9cc93428cc27a56ba40/server/out/vs/workbench/api/node/extensionHostProcess.js:184:7218)
	at F.h (/home/teresayuexinzhang/.vscode-server/cli/servers/Stable-38c31bc77e0dd6ae88a4e9cc93428cc27a56ba40/server/out/vs/workbench/api/node/extensionHostProcess.js:107:22030)
	at listOnTimeout (node:internal/timers:573:17)
	at process.processTimers (node:internal/timers:514:7) setContext undefined
2024-09-24 09:09:57.590 [error] Canceled: Canceled
	at new D (/home/teresayuexinzhang/.vscode-server/cli/servers/Stable-38c31bc77e0dd6ae88a4e9cc93428cc27a56ba40/server/out/vs/workbench/api/node/extensionHostProcess.js:151:35235)
	at y.U (/home/teresayuexinzhang/.vscode-server/cli/servers/Stable-38c31bc77e0dd6ae88a4e9cc93428cc27a56ba40/server/out/vs/workbench/api/node/extensionHostProcess.js:158:6005)
	at V.<computed>.F.charCodeAt.A.CharCode.DollarSign.V.<computed> (/home/teresayuexinzhang/.vscode-server/cli/servers/Stable-38c31bc77e0dd6ae88a4e9cc93428cc27a56ba40/server/out/vs/workbench/api/node/extensionHostProcess.js:158:3107)
	at h.g (/home/teresayuexinzhang/.vscode-server/cli/servers/Stable-38c31bc77e0dd6ae88a4e9cc93428cc27a56ba40/server/out/vs/workbench/api/node/extensionHostProcess.js:161:210015)
	at h.executeCommand (/home/teresayuexinzhang/.vscode-server/cli/servers/Stable-38c31bc77e0dd6ae88a4e9cc93428cc27a56ba40/server/out/vs/workbench/api/node/extensionHostProcess.js:161:209453)
	at C.registerCommand.description (/home/teresayuexinzhang/.vscode-server/cli/servers/Stable-38c31bc77e0dd6ae88a4e9cc93428cc27a56ba40/server/out/vs/workbench/api/node/extensionHostProcess.js:161:208777)
	at h (/home/teresayuexinzhang/.vscode-server/cli/servers/Stable-38c31bc77e0dd6ae88a4e9cc93428cc27a56ba40/server/out/vs/workbench/api/node/extensionHostProcess.js:161:210554)
	at h.g (/home/teresayuexinzhang/.vscode-server/cli/servers/Stable-38c31bc77e0dd6ae88a4e9cc93428cc27a56ba40/server/out/vs/workbench/api/node/extensionHostProcess.js:161:209546)
	at h.executeCommand (/home/teresayuexinzhang/.vscode-server/cli/servers/Stable-38c31bc77e0dd6ae88a4e9cc93428cc27a56ba40/server/out/vs/workbench/api/node/extensionHostProcess.js:161:209453)
	at Object.executeCommand (/home/teresayuexinzhang/.vscode-server/cli/servers/Stable-38c31bc77e0dd6ae88a4e9cc93428cc27a56ba40/server/out/vs/workbench/api/node/extensionHostProcess.js:171:30683)
	at set hasGitHubRepositories [as hasGitHubRepositories] (/home/teresayuexinzhang/.vscode-server/cli/servers/Stable-38c31bc77e0dd6ae88a4e9cc93428cc27a56ba40/server/extensions/github/dist/extension.js:2:322969)
	at /home/teresayuexinzhang/.vscode-server/cli/servers/Stable-38c31bc77e0dd6ae88a4e9cc93428cc27a56ba40/server/extensions/github/dist/extension.js:2:323928
	at i.value (/home/teresayuexinzhang/.vscode-server/cli/servers/Stable-38c31bc77e0dd6ae88a4e9cc93428cc27a56ba40/server/extensions/git/dist/main.js:2:1060944)
	at r.B (/home/teresayuexinzhang/.vscode-server/cli/servers/Stable-38c31bc77e0dd6ae88a4e9cc93428cc27a56ba40/server/out/vs/workbench/api/node/extensionHostProcess.js:90:732)
	at r.C (/home/teresayuexinzhang/.vscode-server/cli/servers/Stable-38c31bc77e0dd6ae88a4e9cc93428cc27a56ba40/server/out/vs/workbench/api/node/extensionHostProcess.js:90:802)
	at r.fire (/home/teresayuexinzhang/.vscode-server/cli/servers/Stable-38c31bc77e0dd6ae88a4e9cc93428cc27a56ba40/server/out/vs/workbench/api/node/extensionHostProcess.js:90:1018)
	at Object.p [as dispose] (/home/teresayuexinzhang/.vscode-server/cli/servers/Stable-38c31bc77e0dd6ae88a4e9cc93428cc27a56ba40/server/extensions/git/dist/main.js:2:972587)
	at /home/teresayuexinzhang/.vscode-server/cli/servers/Stable-38c31bc77e0dd6ae88a4e9cc93428cc27a56ba40/server/extensions/git/dist/main.js:2:978709
	at Array.forEach (<anonymous>)
	at f.dispose (/home/teresayuexinzhang/.vscode-server/cli/servers/Stable-38c31bc77e0dd6ae88a4e9cc93428cc27a56ba40/server/extensions/git/dist/main.js:2:978695)
	at o.<anonymous> (/home/teresayuexinzhang/.vscode-server/cli/servers/Stable-38c31bc77e0dd6ae88a4e9cc93428cc27a56ba40/server/out/vs/workbench/api/node/extensionHostProcess.js:159:4176)
	at o.dispose (/home/teresayuexinzhang/.vscode-server/cli/servers/Stable-38c31bc77e0dd6ae88a4e9cc93428cc27a56ba40/server/out/vs/workbench/api/node/extensionHostProcess.js:159:4273)
	at o.<anonymous> (/home/teresayuexinzhang/.vscode-server/cli/servers/Stable-38c31bc77e0dd6ae88a4e9cc93428cc27a56ba40/server/extensions/git/dist/main.js:2:954307)
	at o.dispose (/home/teresayuexinzhang/.vscode-server/cli/servers/Stable-38c31bc77e0dd6ae88a4e9cc93428cc27a56ba40/server/out/vs/workbench/api/node/extensionHostProcess.js:159:4273)
	at $ (/home/teresayuexinzhang/.vscode-server/cli/servers/Stable-38c31bc77e0dd6ae88a4e9cc93428cc27a56ba40/server/out/vs/workbench/api/node/extensionHostProcess.js:30:744)
	at /home/teresayuexinzhang/.vscode-server/cli/servers/Stable-38c31bc77e0dd6ae88a4e9cc93428cc27a56ba40/server/out/vs/workbench/api/node/extensionHostProcess.js:167:13607
	at /home/teresayuexinzhang/.vscode-server/cli/servers/Stable-38c31bc77e0dd6ae88a4e9cc93428cc27a56ba40/server/out/vs/workbench/api/node/extensionHostProcess.js:30:1112
	at Object.dispose (/home/teresayuexinzhang/.vscode-server/cli/servers/Stable-38c31bc77e0dd6ae88a4e9cc93428cc27a56ba40/server/out/vs/workbench/api/node/extensionHostProcess.js:11:11463)
	at m.eb (/home/teresayuexinzhang/.vscode-server/cli/servers/Stable-38c31bc77e0dd6ae88a4e9cc93428cc27a56ba40/server/out/vs/workbench/api/node/extensionHostProcess.js:167:10282)
	at /home/teresayuexinzhang/.vscode-server/cli/servers/Stable-38c31bc77e0dd6ae88a4e9cc93428cc27a56ba40/server/out/vs/workbench/api/node/extensionHostProcess.js:167:8153
	at Array.map (<anonymous>)
	at m.$ (/home/teresayuexinzhang/.vscode-server/cli/servers/Stable-38c31bc77e0dd6ae88a4e9cc93428cc27a56ba40/server/out/vs/workbench/api/node/extensionHostProcess.js:167:8140)
	at m.terminate (/home/teresayuexinzhang/.vscode-server/cli/servers/Stable-38c31bc77e0dd6ae88a4e9cc93428cc27a56ba40/server/out/vs/workbench/api/node/extensionHostProcess.js:167:8413)
	at $.terminate (/home/teresayuexinzhang/.vscode-server/cli/servers/Stable-38c31bc77e0dd6ae88a4e9cc93428cc27a56ba40/server/out/vs/workbench/api/node/extensionHostProcess.js:171:1513)
	at n (/home/teresayuexinzhang/.vscode-server/cli/servers/Stable-38c31bc77e0dd6ae88a4e9cc93428cc27a56ba40/server/out/vs/workbench/api/node/extensionHostProcess.js:184:10613)
	at F.a (/home/teresayuexinzhang/.vscode-server/cli/servers/Stable-38c31bc77e0dd6ae88a4e9cc93428cc27a56ba40/server/out/vs/workbench/api/node/extensionHostProcess.js:184:7218)
	at F.h (/home/teresayuexinzhang/.vscode-server/cli/servers/Stable-38c31bc77e0dd6ae88a4e9cc93428cc27a56ba40/server/out/vs/workbench/api/node/extensionHostProcess.js:107:22030)
	at listOnTimeout (node:internal/timers:573:17)
	at process.processTimers (node:internal/timers:514:7) setContext undefined
2024-09-24 09:09:57.591 [info] Extension host with pid 393173 exiting with code 0
