2024-09-05 14:55:13.452 [info] [main] Log level: Info
2024-09-05 14:55:13.452 [info] [main] Validating found git in: "git"
2024-09-05 14:55:13.452 [info] [main] Using git "2.34.1" from "git"
2024-09-05 14:55:13.452 [info] [Model][doInitialScan] Initial repository scan started
2024-09-05 14:55:13.471 [info] > git rev-parse --show-toplevel [21ms]
2024-09-05 14:55:13.477 [info] > git rev-parse --git-dir --git-common-dir [2ms]
2024-09-05 14:55:13.491 [info] [Model][openRepository] Opened repository: /home/teresayuexinzhang
2024-09-05 14:55:13.500 [info] [Model][doInitialScan] Initial repository scan completed - repositories (1), closed repositories (0), parent repositories (0), unsafe repositories (0)
2024-09-05 14:55:13.644 [info] > git for-each-ref --format=%(refname)%00%(upstream:short)%00%(objectname)%00%(upstream:track)%00%(upstream:remotename)%00%(upstream:remoteref) refs/heads/main refs/remotes/main [65ms]
2024-09-05 14:55:13.645 [info] > git config --get commit.template [80ms]
2024-09-05 14:55:13.826 [info] > git status -z -uall [167ms]
2024-09-05 14:55:13.863 [info] > git for-each-ref --format=%(refname)%00%(upstream:short)%00%(objectname)%00%(upstream:track)%00%(upstream:remotename)%00%(upstream:remoteref) refs/heads/main refs/remotes/main [24ms]
2024-09-05 14:55:13.881 [info] > git config --local branch.main.vscode-merge-base [11ms]
2024-09-05 14:55:13.881 [warning] [Git][config] git config failed: Failed to execute git
2024-09-05 14:55:13.904 [info] > git config --get commit.template [42ms]
2024-09-05 14:55:13.919 [info] > git for-each-ref --format=%(refname)%00%(upstream:short)%00%(objectname)%00%(upstream:track)%00%(upstream:remotename)%00%(upstream:remoteref) refs/heads/main refs/remotes/main [41ms]
2024-09-05 14:55:14.178 [info] > git status -z -uall [148ms]
2024-09-05 14:55:14.178 [info] > git reflog main --grep-reflog=branch: Created from *. [274ms]
2024-09-05 14:55:14.192 [info] > git symbolic-ref --short refs/remotes/origin/HEAD [10ms]
2024-09-05 14:55:14.193 [info] fatal: ref refs/remotes/origin/HEAD is not a symbolic ref
2024-09-05 14:55:14.215 [info] > git check-ignore -v -z --stdin [27ms]
2024-09-05 14:55:14.216 [info] > git for-each-ref --format=%(refname)%00%(upstream:short)%00%(objectname)%00%(upstream:track)%00%(upstream:remotename)%00%(upstream:remoteref) refs/heads/main refs/remotes/main [14ms]
2024-09-05 14:55:14.221 [info] > git merge-base refs/heads/main refs/remotes/origin/main [25ms]
2024-09-05 14:55:14.229 [info] > git config --local branch.main.vscode-merge-base [8ms]
2024-09-05 14:55:14.229 [warning] [Git][config] git config failed: Failed to execute git
2024-09-05 14:55:14.234 [info] > git rev-list --count --left-right refs/heads/main...refs/remotes/origin/main [8ms]
2024-09-05 14:55:14.239 [info] > git reflog main --grep-reflog=branch: Created from *. [7ms]
2024-09-05 14:55:14.244 [info] > git diff --name-status -z --diff-filter=ADMR 06caf4a1c3804689c3feeb0509dd53a2370af48b...refs/remotes/origin/main [6ms]
2024-09-05 14:55:14.246 [info] > git symbolic-ref --short refs/remotes/origin/HEAD [3ms]
2024-09-05 14:55:14.246 [info] fatal: ref refs/remotes/origin/HEAD is not a symbolic ref
2024-09-05 14:55:16.319 [info] > git show --textconv :Lab2/le2-tests.sh [8ms]
2024-09-05 14:55:16.321 [info] > git ls-files --stage -- /home/teresayuexinzhang/Lab2/le2-tests.sh [4ms]
2024-09-05 14:55:16.893 [info] > git config --get commit.template [35ms]
2024-09-05 14:55:16.937 [info] > git for-each-ref --format=%(refname)%00%(upstream:short)%00%(objectname)%00%(upstream:track)%00%(upstream:remotename)%00%(upstream:remoteref) refs/heads/main refs/remotes/main [28ms]
2024-09-05 14:55:16.981 [info] > git status -z -uall [35ms]
2024-09-05 14:55:16.999 [info] > git for-each-ref --format=%(refname)%00%(upstream:short)%00%(objectname)%00%(upstream:track)%00%(upstream:remotename)%00%(upstream:remoteref) refs/heads/main refs/remotes/main [8ms]
2024-09-05 14:55:17.021 [info] > git config --local branch.main.vscode-merge-base [15ms]
2024-09-05 14:55:17.022 [warning] [Git][config] git config failed: Failed to execute git
2024-09-05 14:55:17.037 [info] > git reflog main --grep-reflog=branch: Created from *. [9ms]
2024-09-05 14:55:17.048 [info] > git symbolic-ref --short refs/remotes/origin/HEAD [5ms]
2024-09-05 14:55:17.048 [info] fatal: ref refs/remotes/origin/HEAD is not a symbolic ref
2024-09-05 14:55:22.008 [info] > git config --get commit.template [7ms]
2024-09-05 14:55:22.009 [info] > git for-each-ref --format=%(refname)%00%(upstream:short)%00%(objectname)%00%(upstream:track)%00%(upstream:remotename)%00%(upstream:remoteref) refs/heads/main refs/remotes/main [3ms]
2024-09-05 14:55:22.039 [info] > git status -z -uall [24ms]
2024-09-05 14:55:22.049 [info] > git for-each-ref --format=%(refname)%00%(upstream:short)%00%(objectname)%00%(upstream:track)%00%(upstream:remotename)%00%(upstream:remoteref) refs/heads/main refs/remotes/main [4ms]
2024-09-05 14:55:22.055 [info] > git config --local branch.main.vscode-merge-base [2ms]
2024-09-05 14:55:22.056 [warning] [Git][config] git config failed: Failed to execute git
2024-09-05 14:55:22.063 [info] > git reflog main --grep-reflog=branch: Created from *. [3ms]
2024-09-05 14:55:22.068 [info] > git symbolic-ref --short refs/remotes/origin/HEAD [2ms]
2024-09-05 14:55:22.068 [info] fatal: ref refs/remotes/origin/HEAD is not a symbolic ref
2024-09-05 14:55:25.176 [info] > git show --textconv :Lab2/shell.cpp [5ms]
2024-09-05 14:55:25.180 [info] > git ls-files --stage -- /home/teresayuexinzhang/Lab2/shell.cpp [5ms]
2024-09-05 14:55:27.060 [info] > git config --get commit.template [6ms]
2024-09-05 14:55:27.062 [info] > git for-each-ref --format=%(refname)%00%(upstream:short)%00%(objectname)%00%(upstream:track)%00%(upstream:remotename)%00%(upstream:remoteref) refs/heads/main refs/remotes/main [2ms]
2024-09-05 14:55:27.092 [info] > git status -z -uall [23ms]
2024-09-05 14:55:27.103 [info] > git for-each-ref --format=%(refname)%00%(upstream:short)%00%(objectname)%00%(upstream:track)%00%(upstream:remotename)%00%(upstream:remoteref) refs/heads/main refs/remotes/main [5ms]
2024-09-05 14:55:27.110 [info] > git config --local branch.main.vscode-merge-base [2ms]
2024-09-05 14:55:27.110 [warning] [Git][config] git config failed: Failed to execute git
2024-09-05 14:55:27.118 [info] > git reflog main --grep-reflog=branch: Created from *. [4ms]
2024-09-05 14:55:27.124 [info] > git symbolic-ref --short refs/remotes/origin/HEAD [2ms]
2024-09-05 14:55:27.124 [info] fatal: ref refs/remotes/origin/HEAD is not a symbolic ref
2024-09-05 14:55:32.119 [info] > git config --get commit.template [7ms]
2024-09-05 14:55:32.120 [info] > git for-each-ref --format=%(refname)%00%(upstream:short)%00%(objectname)%00%(upstream:track)%00%(upstream:remotename)%00%(upstream:remoteref) refs/heads/main refs/remotes/main [3ms]
2024-09-05 14:55:32.150 [info] > git status -z -uall [24ms]
2024-09-05 14:55:32.160 [info] > git for-each-ref --format=%(refname)%00%(upstream:short)%00%(objectname)%00%(upstream:track)%00%(upstream:remotename)%00%(upstream:remoteref) refs/heads/main refs/remotes/main [4ms]
2024-09-05 14:55:32.167 [info] > git config --local branch.main.vscode-merge-base [2ms]
2024-09-05 14:55:32.167 [warning] [Git][config] git config failed: Failed to execute git
2024-09-05 14:55:32.175 [info] > git reflog main --grep-reflog=branch: Created from *. [2ms]
2024-09-05 14:55:32.180 [info] > git symbolic-ref --short refs/remotes/origin/HEAD [2ms]
2024-09-05 14:55:32.180 [info] fatal: ref refs/remotes/origin/HEAD is not a symbolic ref
2024-09-05 14:55:37.169 [info] > git config --get commit.template [3ms]
2024-09-05 14:55:37.176 [info] > git for-each-ref --format=%(refname)%00%(upstream:short)%00%(objectname)%00%(upstream:track)%00%(upstream:remotename)%00%(upstream:remoteref) refs/heads/main refs/remotes/main [2ms]
2024-09-05 14:55:37.202 [info] > git status -z -uall [22ms]
2024-09-05 14:55:37.215 [info] > git for-each-ref --format=%(refname)%00%(upstream:short)%00%(objectname)%00%(upstream:track)%00%(upstream:remotename)%00%(upstream:remoteref) refs/heads/main refs/remotes/main [6ms]
2024-09-05 14:55:37.222 [info] > git config --local branch.main.vscode-merge-base [2ms]
2024-09-05 14:55:37.222 [warning] [Git][config] git config failed: Failed to execute git
2024-09-05 14:55:37.230 [info] > git reflog main --grep-reflog=branch: Created from *. [4ms]
2024-09-05 14:55:37.236 [info] > git symbolic-ref --short refs/remotes/origin/HEAD [2ms]
2024-09-05 14:55:37.236 [info] fatal: ref refs/remotes/origin/HEAD is not a symbolic ref
2024-09-05 14:55:42.223 [info] > git config --get commit.template [5ms]
2024-09-05 14:55:42.224 [info] > git for-each-ref --format=%(refname)%00%(upstream:short)%00%(objectname)%00%(upstream:track)%00%(upstream:remotename)%00%(upstream:remoteref) refs/heads/main refs/remotes/main [2ms]
2024-09-05 14:55:42.249 [info] > git status -z -uall [21ms]
2024-09-05 14:55:42.258 [info] > git for-each-ref --format=%(refname)%00%(upstream:short)%00%(objectname)%00%(upstream:track)%00%(upstream:remotename)%00%(upstream:remoteref) refs/heads/main refs/remotes/main [4ms]
2024-09-05 14:55:42.264 [info] > git config --local branch.main.vscode-merge-base [2ms]
2024-09-05 14:55:42.264 [warning] [Git][config] git config failed: Failed to execute git
2024-09-05 14:55:42.270 [info] > git reflog main --grep-reflog=branch: Created from *. [3ms]
2024-09-05 14:55:42.274 [info] > git symbolic-ref --short refs/remotes/origin/HEAD [1ms]
2024-09-05 14:55:42.275 [info] fatal: ref refs/remotes/origin/HEAD is not a symbolic ref
2024-09-05 14:55:47.272 [info] > git config --get commit.template [8ms]
2024-09-05 14:55:47.273 [info] > git for-each-ref --format=%(refname)%00%(upstream:short)%00%(objectname)%00%(upstream:track)%00%(upstream:remotename)%00%(upstream:remoteref) refs/heads/main refs/remotes/main [4ms]
2024-09-05 14:55:47.299 [info] > git status -z -uall [22ms]
2024-09-05 14:55:47.310 [info] > git for-each-ref --format=%(refname)%00%(upstream:short)%00%(objectname)%00%(upstream:track)%00%(upstream:remotename)%00%(upstream:remoteref) refs/heads/main refs/remotes/main [3ms]
2024-09-05 14:55:47.316 [info] > git config --local branch.main.vscode-merge-base [2ms]
2024-09-05 14:55:47.317 [warning] [Git][config] git config failed: Failed to execute git
2024-09-05 14:55:47.324 [info] > git reflog main --grep-reflog=branch: Created from *. [3ms]
2024-09-05 14:55:47.330 [info] > git symbolic-ref --short refs/remotes/origin/HEAD [3ms]
2024-09-05 14:55:47.330 [info] fatal: ref refs/remotes/origin/HEAD is not a symbolic ref
2024-09-05 14:55:52.319 [info] > git config --get commit.template [5ms]
2024-09-05 14:55:52.320 [info] > git for-each-ref --format=%(refname)%00%(upstream:short)%00%(objectname)%00%(upstream:track)%00%(upstream:remotename)%00%(upstream:remoteref) refs/heads/main refs/remotes/main [2ms]
2024-09-05 14:55:52.346 [info] > git status -z -uall [21ms]
2024-09-05 14:55:52.355 [info] > git for-each-ref --format=%(refname)%00%(upstream:short)%00%(objectname)%00%(upstream:track)%00%(upstream:remotename)%00%(upstream:remoteref) refs/heads/main refs/remotes/main [3ms]
2024-09-05 14:55:52.361 [info] > git config --local branch.main.vscode-merge-base [1ms]
2024-09-05 14:55:52.361 [warning] [Git][config] git config failed: Failed to execute git
2024-09-05 14:55:52.370 [info] > git reflog main --grep-reflog=branch: Created from *. [4ms]
2024-09-05 14:55:52.376 [info] > git symbolic-ref --short refs/remotes/origin/HEAD [3ms]
2024-09-05 14:55:52.376 [info] fatal: ref refs/remotes/origin/HEAD is not a symbolic ref
2024-09-05 14:55:57.369 [info] > git config --get commit.template [6ms]
2024-09-05 14:55:57.370 [info] > git for-each-ref --format=%(refname)%00%(upstream:short)%00%(objectname)%00%(upstream:track)%00%(upstream:remotename)%00%(upstream:remoteref) refs/heads/main refs/remotes/main [3ms]
2024-09-05 14:55:57.396 [info] > git status -z -uall [21ms]
2024-09-05 14:55:57.406 [info] > git for-each-ref --format=%(refname)%00%(upstream:short)%00%(objectname)%00%(upstream:track)%00%(upstream:remotename)%00%(upstream:remoteref) refs/heads/main refs/remotes/main [4ms]
2024-09-05 14:55:57.413 [info] > git config --local branch.main.vscode-merge-base [2ms]
2024-09-05 14:55:57.413 [warning] [Git][config] git config failed: Failed to execute git
2024-09-05 14:55:57.421 [info] > git reflog main --grep-reflog=branch: Created from *. [3ms]
2024-09-05 14:55:57.427 [info] > git symbolic-ref --short refs/remotes/origin/HEAD [2ms]
2024-09-05 14:55:57.427 [info] fatal: ref refs/remotes/origin/HEAD is not a symbolic ref
2024-09-05 14:56:02.416 [info] > git config --get commit.template [6ms]
2024-09-05 14:56:02.418 [info] > git for-each-ref --format=%(refname)%00%(upstream:short)%00%(objectname)%00%(upstream:track)%00%(upstream:remotename)%00%(upstream:remoteref) refs/heads/main refs/remotes/main [2ms]
2024-09-05 14:56:02.442 [info] > git status -z -uall [21ms]
2024-09-05 14:56:02.452 [info] > git for-each-ref --format=%(refname)%00%(upstream:short)%00%(objectname)%00%(upstream:track)%00%(upstream:remotename)%00%(upstream:remoteref) refs/heads/main refs/remotes/main [5ms]
2024-09-05 14:56:02.459 [info] > git config --local branch.main.vscode-merge-base [2ms]
2024-09-05 14:56:02.459 [warning] [Git][config] git config failed: Failed to execute git
2024-09-05 14:56:02.465 [info] > git reflog main --grep-reflog=branch: Created from *. [3ms]
2024-09-05 14:56:02.471 [info] > git symbolic-ref --short refs/remotes/origin/HEAD [2ms]
2024-09-05 14:56:02.471 [info] fatal: ref refs/remotes/origin/HEAD is not a symbolic ref
2024-09-05 14:56:07.464 [info] > git config --get commit.template [6ms]
2024-09-05 14:56:07.466 [info] > git for-each-ref --format=%(refname)%00%(upstream:short)%00%(objectname)%00%(upstream:track)%00%(upstream:remotename)%00%(upstream:remoteref) refs/heads/main refs/remotes/main [3ms]
2024-09-05 14:56:07.492 [info] > git status -z -uall [22ms]
2024-09-05 14:56:07.503 [info] > git for-each-ref --format=%(refname)%00%(upstream:short)%00%(objectname)%00%(upstream:track)%00%(upstream:remotename)%00%(upstream:remoteref) refs/heads/main refs/remotes/main [4ms]
2024-09-05 14:56:07.510 [info] > git config --local branch.main.vscode-merge-base [3ms]
2024-09-05 14:56:07.510 [warning] [Git][config] git config failed: Failed to execute git
2024-09-05 14:56:07.517 [info] > git reflog main --grep-reflog=branch: Created from *. [3ms]
2024-09-05 14:56:07.524 [info] > git symbolic-ref --short refs/remotes/origin/HEAD [2ms]
2024-09-05 14:56:07.524 [info] fatal: ref refs/remotes/origin/HEAD is not a symbolic ref
2024-09-05 14:56:12.514 [info] > git config --get commit.template [5ms]
2024-09-05 14:56:12.515 [info] > git for-each-ref --format=%(refname)%00%(upstream:short)%00%(objectname)%00%(upstream:track)%00%(upstream:remotename)%00%(upstream:remoteref) refs/heads/main refs/remotes/main [3ms]
2024-09-05 14:56:12.544 [info] > git status -z -uall [23ms]
2024-09-05 14:56:12.552 [info] > git for-each-ref --format=%(refname)%00%(upstream:short)%00%(objectname)%00%(upstream:track)%00%(upstream:remotename)%00%(upstream:remoteref) refs/heads/main refs/remotes/main [3ms]
2024-09-05 14:56:12.559 [info] > git config --local branch.main.vscode-merge-base [3ms]
2024-09-05 14:56:12.560 [warning] [Git][config] git config failed: Failed to execute git
2024-09-05 14:56:12.568 [info] > git reflog main --grep-reflog=branch: Created from *. [0ms]
2024-09-05 14:56:12.572 [info] > git symbolic-ref --short refs/remotes/origin/HEAD [1ms]
2024-09-05 14:56:12.572 [info] fatal: ref refs/remotes/origin/HEAD is not a symbolic ref
2024-09-05 14:56:17.562 [info] > git config --get commit.template [5ms]
2024-09-05 14:56:17.564 [info] > git for-each-ref --format=%(refname)%00%(upstream:short)%00%(objectname)%00%(upstream:track)%00%(upstream:remotename)%00%(upstream:remoteref) refs/heads/main refs/remotes/main [3ms]
2024-09-05 14:56:17.588 [info] > git status -z -uall [19ms]
2024-09-05 14:56:17.597 [info] > git for-each-ref --format=%(refname)%00%(upstream:short)%00%(objectname)%00%(upstream:track)%00%(upstream:remotename)%00%(upstream:remoteref) refs/heads/main refs/remotes/main [3ms]
2024-09-05 14:56:17.603 [info] > git config --local branch.main.vscode-merge-base [2ms]
2024-09-05 14:56:17.603 [warning] [Git][config] git config failed: Failed to execute git
2024-09-05 14:56:17.609 [info] > git reflog main --grep-reflog=branch: Created from *. [3ms]
2024-09-05 14:56:17.614 [info] > git symbolic-ref --short refs/remotes/origin/HEAD [2ms]
2024-09-05 14:56:17.614 [info] fatal: ref refs/remotes/origin/HEAD is not a symbolic ref
2024-09-05 14:56:22.607 [info] > git config --get commit.template [5ms]
2024-09-05 14:56:22.609 [info] > git for-each-ref --format=%(refname)%00%(upstream:short)%00%(objectname)%00%(upstream:track)%00%(upstream:remotename)%00%(upstream:remoteref) refs/heads/main refs/remotes/main [3ms]
2024-09-05 14:56:22.633 [info] > git status -z -uall [21ms]
2024-09-05 14:56:22.642 [info] > git for-each-ref --format=%(refname)%00%(upstream:short)%00%(objectname)%00%(upstream:track)%00%(upstream:remotename)%00%(upstream:remoteref) refs/heads/main refs/remotes/main [5ms]
2024-09-05 14:56:22.648 [info] > git config --local branch.main.vscode-merge-base [2ms]
2024-09-05 14:56:22.648 [warning] [Git][config] git config failed: Failed to execute git
2024-09-05 14:56:22.654 [info] > git reflog main --grep-reflog=branch: Created from *. [3ms]
2024-09-05 14:56:22.659 [info] > git symbolic-ref --short refs/remotes/origin/HEAD [2ms]
2024-09-05 14:56:22.659 [info] fatal: ref refs/remotes/origin/HEAD is not a symbolic ref
2024-09-05 14:56:27.652 [info] > git config --get commit.template [5ms]
2024-09-05 14:56:27.654 [info] > git for-each-ref --format=%(refname)%00%(upstream:short)%00%(objectname)%00%(upstream:track)%00%(upstream:remotename)%00%(upstream:remoteref) refs/heads/main refs/remotes/main [4ms]
2024-09-05 14:56:27.682 [info] > git status -z -uall [22ms]
2024-09-05 14:56:27.690 [info] > git for-each-ref --format=%(refname)%00%(upstream:short)%00%(objectname)%00%(upstream:track)%00%(upstream:remotename)%00%(upstream:remoteref) refs/heads/main refs/remotes/main [3ms]
2024-09-05 14:56:27.697 [info] > git config --local branch.main.vscode-merge-base [2ms]
2024-09-05 14:56:27.697 [warning] [Git][config] git config failed: Failed to execute git
2024-09-05 14:56:27.707 [info] > git reflog main --grep-reflog=branch: Created from *. [5ms]
2024-09-05 14:56:27.714 [info] > git symbolic-ref --short refs/remotes/origin/HEAD [3ms]
2024-09-05 14:56:27.715 [info] fatal: ref refs/remotes/origin/HEAD is not a symbolic ref
2024-09-05 14:56:32.702 [info] > git config --get commit.template [6ms]
2024-09-05 14:56:32.704 [info] > git for-each-ref --format=%(refname)%00%(upstream:short)%00%(objectname)%00%(upstream:track)%00%(upstream:remotename)%00%(upstream:remoteref) refs/heads/main refs/remotes/main [4ms]
2024-09-05 14:56:32.729 [info] > git status -z -uall [22ms]
2024-09-05 14:56:32.737 [info] > git for-each-ref --format=%(refname)%00%(upstream:short)%00%(objectname)%00%(upstream:track)%00%(upstream:remotename)%00%(upstream:remoteref) refs/heads/main refs/remotes/main [3ms]
2024-09-05 14:56:32.743 [info] > git config --local branch.main.vscode-merge-base [2ms]
2024-09-05 14:56:32.743 [warning] [Git][config] git config failed: Failed to execute git
2024-09-05 14:56:32.749 [info] > git reflog main --grep-reflog=branch: Created from *. [2ms]
2024-09-05 14:56:32.755 [info] > git symbolic-ref --short refs/remotes/origin/HEAD [2ms]
2024-09-05 14:56:32.755 [info] fatal: ref refs/remotes/origin/HEAD is not a symbolic ref
2024-09-05 14:56:37.746 [info] > git config --get commit.template [5ms]
2024-09-05 14:56:37.748 [info] > git for-each-ref --format=%(refname)%00%(upstream:short)%00%(objectname)%00%(upstream:track)%00%(upstream:remotename)%00%(upstream:remoteref) refs/heads/main refs/remotes/main [3ms]
2024-09-05 14:56:37.772 [info] > git status -z -uall [20ms]
2024-09-05 14:56:37.780 [info] > git for-each-ref --format=%(refname)%00%(upstream:short)%00%(objectname)%00%(upstream:track)%00%(upstream:remotename)%00%(upstream:remoteref) refs/heads/main refs/remotes/main [3ms]
2024-09-05 14:56:37.786 [info] > git config --local branch.main.vscode-merge-base [2ms]
2024-09-05 14:56:37.786 [warning] [Git][config] git config failed: Failed to execute git
2024-09-05 14:56:37.792 [info] > git reflog main --grep-reflog=branch: Created from *. [1ms]
2024-09-05 14:56:37.797 [info] > git symbolic-ref --short refs/remotes/origin/HEAD [2ms]
2024-09-05 14:56:37.797 [info] fatal: ref refs/remotes/origin/HEAD is not a symbolic ref
2024-09-05 14:56:42.791 [info] > git config --get commit.template [6ms]
2024-09-05 14:56:42.793 [info] > git for-each-ref --format=%(refname)%00%(upstream:short)%00%(objectname)%00%(upstream:track)%00%(upstream:remotename)%00%(upstream:remoteref) refs/heads/main refs/remotes/main [3ms]
2024-09-05 14:56:42.822 [info] > git status -z -uall [23ms]
2024-09-05 14:56:42.832 [info] > git for-each-ref --format=%(refname)%00%(upstream:short)%00%(objectname)%00%(upstream:track)%00%(upstream:remotename)%00%(upstream:remoteref) refs/heads/main refs/remotes/main [5ms]
2024-09-05 14:56:42.839 [info] > git config --local branch.main.vscode-merge-base [1ms]
2024-09-05 14:56:42.839 [warning] [Git][config] git config failed: Failed to execute git
2024-09-05 14:56:42.847 [info] > git reflog main --grep-reflog=branch: Created from *. [3ms]
2024-09-05 14:56:42.854 [info] > git symbolic-ref --short refs/remotes/origin/HEAD [1ms]
2024-09-05 14:56:42.854 [info] fatal: ref refs/remotes/origin/HEAD is not a symbolic ref
2024-09-05 14:56:47.846 [info] > git config --get commit.template [8ms]
2024-09-05 14:56:47.850 [info] > git for-each-ref --format=%(refname)%00%(upstream:short)%00%(objectname)%00%(upstream:track)%00%(upstream:remotename)%00%(upstream:remoteref) refs/heads/main refs/remotes/main [5ms]
2024-09-05 14:56:47.884 [info] > git status -z -uall [25ms]
2024-09-05 14:56:47.892 [info] > git for-each-ref --format=%(refname)%00%(upstream:short)%00%(objectname)%00%(upstream:track)%00%(upstream:remotename)%00%(upstream:remoteref) refs/heads/main refs/remotes/main [3ms]
2024-09-05 14:56:47.897 [info] > git config --local branch.main.vscode-merge-base [1ms]
2024-09-05 14:56:47.898 [warning] [Git][config] git config failed: Failed to execute git
2024-09-05 14:56:47.904 [info] > git reflog main --grep-reflog=branch: Created from *. [2ms]
2024-09-05 14:56:47.909 [info] > git symbolic-ref --short refs/remotes/origin/HEAD [1ms]
2024-09-05 14:56:47.909 [info] fatal: ref refs/remotes/origin/HEAD is not a symbolic ref
2024-09-05 14:56:52.901 [info] > git config --get commit.template [3ms]
2024-09-05 14:56:52.907 [info] > git for-each-ref --format=%(refname)%00%(upstream:short)%00%(objectname)%00%(upstream:track)%00%(upstream:remotename)%00%(upstream:remoteref) refs/heads/main refs/remotes/main [3ms]
2024-09-05 14:56:52.933 [info] > git status -z -uall [21ms]
2024-09-05 14:56:52.942 [info] > git for-each-ref --format=%(refname)%00%(upstream:short)%00%(objectname)%00%(upstream:track)%00%(upstream:remotename)%00%(upstream:remoteref) refs/heads/main refs/remotes/main [3ms]
2024-09-05 14:56:52.949 [info] > git config --local branch.main.vscode-merge-base [3ms]
2024-09-05 14:56:52.949 [warning] [Git][config] git config failed: Failed to execute git
2024-09-05 14:56:52.957 [info] > git reflog main --grep-reflog=branch: Created from *. [3ms]
2024-09-05 14:56:52.962 [info] > git symbolic-ref --short refs/remotes/origin/HEAD [2ms]
2024-09-05 14:56:52.962 [info] fatal: ref refs/remotes/origin/HEAD is not a symbolic ref
2024-09-05 14:56:57.954 [info] > git config --get commit.template [6ms]
2024-09-05 14:56:57.955 [info] > git for-each-ref --format=%(refname)%00%(upstream:short)%00%(objectname)%00%(upstream:track)%00%(upstream:remotename)%00%(upstream:remoteref) refs/heads/main refs/remotes/main [2ms]
2024-09-05 14:56:57.982 [info] > git status -z -uall [22ms]
2024-09-05 14:56:57.991 [info] > git for-each-ref --format=%(refname)%00%(upstream:short)%00%(objectname)%00%(upstream:track)%00%(upstream:remotename)%00%(upstream:remoteref) refs/heads/main refs/remotes/main [3ms]
2024-09-05 14:56:57.997 [info] > git config --local branch.main.vscode-merge-base [2ms]
2024-09-05 14:56:57.997 [warning] [Git][config] git config failed: Failed to execute git
2024-09-05 14:56:58.006 [info] > git reflog main --grep-reflog=branch: Created from *. [4ms]
2024-09-05 14:56:58.012 [info] > git symbolic-ref --short refs/remotes/origin/HEAD [2ms]
2024-09-05 14:56:58.012 [info] fatal: ref refs/remotes/origin/HEAD is not a symbolic ref
2024-09-05 14:57:03.002 [info] > git config --get commit.template [6ms]
2024-09-05 14:57:03.003 [info] > git for-each-ref --format=%(refname)%00%(upstream:short)%00%(objectname)%00%(upstream:track)%00%(upstream:remotename)%00%(upstream:remoteref) refs/heads/main refs/remotes/main [2ms]
2024-09-05 14:57:03.032 [info] > git status -z -uall [21ms]
2024-09-05 14:57:03.044 [info] > git for-each-ref --format=%(refname)%00%(upstream:short)%00%(objectname)%00%(upstream:track)%00%(upstream:remotename)%00%(upstream:remoteref) refs/heads/main refs/remotes/main [6ms]
2024-09-05 14:57:03.051 [info] > git config --local branch.main.vscode-merge-base [2ms]
2024-09-05 14:57:03.051 [warning] [Git][config] git config failed: Failed to execute git
2024-09-05 14:57:03.057 [info] > git reflog main --grep-reflog=branch: Created from *. [3ms]
2024-09-05 14:57:03.062 [info] > git symbolic-ref --short refs/remotes/origin/HEAD [2ms]
2024-09-05 14:57:03.062 [info] fatal: ref refs/remotes/origin/HEAD is not a symbolic ref
2024-09-05 14:57:08.050 [info] > git config --get commit.template [5ms]
2024-09-05 14:57:08.052 [info] > git for-each-ref --format=%(refname)%00%(upstream:short)%00%(objectname)%00%(upstream:track)%00%(upstream:remotename)%00%(upstream:remoteref) refs/heads/main refs/remotes/main [3ms]
2024-09-05 14:57:08.076 [info] > git status -z -uall [21ms]
2024-09-05 14:57:08.084 [info] > git for-each-ref --format=%(refname)%00%(upstream:short)%00%(objectname)%00%(upstream:track)%00%(upstream:remotename)%00%(upstream:remoteref) refs/heads/main refs/remotes/main [4ms]
2024-09-05 14:57:08.089 [info] > git config --local branch.main.vscode-merge-base [2ms]
2024-09-05 14:57:08.089 [warning] [Git][config] git config failed: Failed to execute git
2024-09-05 14:57:08.096 [info] > git reflog main --grep-reflog=branch: Created from *. [3ms]
2024-09-05 14:57:08.101 [info] > git symbolic-ref --short refs/remotes/origin/HEAD [2ms]
2024-09-05 14:57:08.101 [info] fatal: ref refs/remotes/origin/HEAD is not a symbolic ref
2024-09-05 14:57:13.093 [info] > git config --get commit.template [5ms]
2024-09-05 14:57:13.094 [info] > git for-each-ref --format=%(refname)%00%(upstream:short)%00%(objectname)%00%(upstream:track)%00%(upstream:remotename)%00%(upstream:remoteref) refs/heads/main refs/remotes/main [2ms]
2024-09-05 14:57:13.118 [info] > git status -z -uall [20ms]
2024-09-05 14:57:13.127 [info] > git for-each-ref --format=%(refname)%00%(upstream:short)%00%(objectname)%00%(upstream:track)%00%(upstream:remotename)%00%(upstream:remoteref) refs/heads/main refs/remotes/main [4ms]
2024-09-05 14:57:13.135 [info] > git config --local branch.main.vscode-merge-base [2ms]
2024-09-05 14:57:13.135 [warning] [Git][config] git config failed: Failed to execute git
2024-09-05 14:57:13.144 [info] > git reflog main --grep-reflog=branch: Created from *. [3ms]
2024-09-05 14:57:13.149 [info] > git symbolic-ref --short refs/remotes/origin/HEAD [2ms]
2024-09-05 14:57:13.149 [info] fatal: ref refs/remotes/origin/HEAD is not a symbolic ref
2024-09-05 14:57:18.139 [info] > git config --get commit.template [7ms]
2024-09-05 14:57:18.141 [info] > git for-each-ref --format=%(refname)%00%(upstream:short)%00%(objectname)%00%(upstream:track)%00%(upstream:remotename)%00%(upstream:remoteref) refs/heads/main refs/remotes/main [2ms]
2024-09-05 14:57:18.168 [info] > git status -z -uall [22ms]
2024-09-05 14:57:18.177 [info] > git for-each-ref --format=%(refname)%00%(upstream:short)%00%(objectname)%00%(upstream:track)%00%(upstream:remotename)%00%(upstream:remoteref) refs/heads/main refs/remotes/main [3ms]
2024-09-05 14:57:18.184 [info] > git config --local branch.main.vscode-merge-base [2ms]
2024-09-05 14:57:18.184 [warning] [Git][config] git config failed: Failed to execute git
2024-09-05 14:57:18.193 [info] > git reflog main --grep-reflog=branch: Created from *. [3ms]
2024-09-05 14:57:18.198 [info] > git symbolic-ref --short refs/remotes/origin/HEAD [2ms]
2024-09-05 14:57:18.198 [info] fatal: ref refs/remotes/origin/HEAD is not a symbolic ref
2024-09-05 14:57:23.190 [info] > git config --get commit.template [6ms]
2024-09-05 14:57:23.191 [info] > git for-each-ref --format=%(refname)%00%(upstream:short)%00%(objectname)%00%(upstream:track)%00%(upstream:remotename)%00%(upstream:remoteref) refs/heads/main refs/remotes/main [3ms]
2024-09-05 14:57:23.218 [info] > git status -z -uall [22ms]
2024-09-05 14:57:23.228 [info] > git for-each-ref --format=%(refname)%00%(upstream:short)%00%(objectname)%00%(upstream:track)%00%(upstream:remotename)%00%(upstream:remoteref) refs/heads/main refs/remotes/main [5ms]
2024-09-05 14:57:23.236 [info] > git config --local branch.main.vscode-merge-base [2ms]
2024-09-05 14:57:23.236 [warning] [Git][config] git config failed: Failed to execute git
2024-09-05 14:57:23.244 [info] > git reflog main --grep-reflog=branch: Created from *. [3ms]
2024-09-05 14:57:23.250 [info] > git symbolic-ref --short refs/remotes/origin/HEAD [2ms]
2024-09-05 14:57:23.250 [info] fatal: ref refs/remotes/origin/HEAD is not a symbolic ref
2024-09-05 14:57:28.236 [info] > git config --get commit.template [1ms]
2024-09-05 14:57:28.245 [info] > git for-each-ref --format=%(refname)%00%(upstream:short)%00%(objectname)%00%(upstream:track)%00%(upstream:remotename)%00%(upstream:remoteref) refs/heads/main refs/remotes/main [3ms]
2024-09-05 14:57:28.270 [info] > git status -z -uall [21ms]
2024-09-05 14:57:28.280 [info] > git for-each-ref --format=%(refname)%00%(upstream:short)%00%(objectname)%00%(upstream:track)%00%(upstream:remotename)%00%(upstream:remoteref) refs/heads/main refs/remotes/main [4ms]
2024-09-05 14:57:28.285 [info] > git config --local branch.main.vscode-merge-base [1ms]
2024-09-05 14:57:28.285 [warning] [Git][config] git config failed: Failed to execute git
2024-09-05 14:57:28.291 [info] > git reflog main --grep-reflog=branch: Created from *. [2ms]
2024-09-05 14:57:28.296 [info] > git symbolic-ref --short refs/remotes/origin/HEAD [2ms]
2024-09-05 14:57:28.296 [info] fatal: ref refs/remotes/origin/HEAD is not a symbolic ref
2024-09-05 14:57:33.287 [info] > git config --get commit.template [3ms]
2024-09-05 14:57:33.292 [info] > git for-each-ref --format=%(refname)%00%(upstream:short)%00%(objectname)%00%(upstream:track)%00%(upstream:remotename)%00%(upstream:remoteref) refs/heads/main refs/remotes/main [2ms]
2024-09-05 14:57:33.316 [info] > git status -z -uall [20ms]
2024-09-05 14:57:33.324 [info] > git for-each-ref --format=%(refname)%00%(upstream:short)%00%(objectname)%00%(upstream:track)%00%(upstream:remotename)%00%(upstream:remoteref) refs/heads/main refs/remotes/main [4ms]
2024-09-05 14:57:33.329 [info] > git config --local branch.main.vscode-merge-base [2ms]
2024-09-05 14:57:33.329 [warning] [Git][config] git config failed: Failed to execute git
2024-09-05 14:57:33.335 [info] > git reflog main --grep-reflog=branch: Created from *. [2ms]
2024-09-05 14:57:33.341 [info] > git symbolic-ref --short refs/remotes/origin/HEAD [2ms]
2024-09-05 14:57:33.341 [info] fatal: ref refs/remotes/origin/HEAD is not a symbolic ref
2024-09-05 14:57:38.332 [info] > git config --get commit.template [5ms]
2024-09-05 14:57:38.334 [info] > git for-each-ref --format=%(refname)%00%(upstream:short)%00%(objectname)%00%(upstream:track)%00%(upstream:remotename)%00%(upstream:remoteref) refs/heads/main refs/remotes/main [2ms]
2024-09-05 14:57:38.357 [info] > git status -z -uall [20ms]
2024-09-05 14:57:38.373 [info] > git for-each-ref --format=%(refname)%00%(upstream:short)%00%(objectname)%00%(upstream:track)%00%(upstream:remotename)%00%(upstream:remoteref) refs/heads/main refs/remotes/main [10ms]
2024-09-05 14:57:38.380 [info] > git config --local branch.main.vscode-merge-base [1ms]
2024-09-05 14:57:38.380 [warning] [Git][config] git config failed: Failed to execute git
2024-09-05 14:57:38.386 [info] > git reflog main --grep-reflog=branch: Created from *. [3ms]
2024-09-05 14:57:38.391 [info] > git symbolic-ref --short refs/remotes/origin/HEAD [2ms]
2024-09-05 14:57:38.391 [info] fatal: ref refs/remotes/origin/HEAD is not a symbolic ref
2024-09-05 14:57:43.384 [info] > git config --get commit.template [6ms]
2024-09-05 14:57:43.386 [info] > git for-each-ref --format=%(refname)%00%(upstream:short)%00%(objectname)%00%(upstream:track)%00%(upstream:remotename)%00%(upstream:remoteref) refs/heads/main refs/remotes/main [3ms]
2024-09-05 14:57:43.415 [info] > git status -z -uall [23ms]
2024-09-05 14:57:43.424 [info] > git for-each-ref --format=%(refname)%00%(upstream:short)%00%(objectname)%00%(upstream:track)%00%(upstream:remotename)%00%(upstream:remoteref) refs/heads/main refs/remotes/main [4ms]
2024-09-05 14:57:43.432 [info] > git config --local branch.main.vscode-merge-base [3ms]
2024-09-05 14:57:43.432 [warning] [Git][config] git config failed: Failed to execute git
2024-09-05 14:57:43.440 [info] > git reflog main --grep-reflog=branch: Created from *. [3ms]
2024-09-05 14:57:43.447 [info] > git symbolic-ref --short refs/remotes/origin/HEAD [3ms]
2024-09-05 14:57:43.447 [info] fatal: ref refs/remotes/origin/HEAD is not a symbolic ref
2024-09-05 14:57:48.435 [info] > git config --get commit.template [6ms]
2024-09-05 14:57:48.437 [info] > git for-each-ref --format=%(refname)%00%(upstream:short)%00%(objectname)%00%(upstream:track)%00%(upstream:remotename)%00%(upstream:remoteref) refs/heads/main refs/remotes/main [3ms]
2024-09-05 14:57:48.465 [info] > git status -z -uall [23ms]
2024-09-05 14:57:48.474 [info] > git for-each-ref --format=%(refname)%00%(upstream:short)%00%(objectname)%00%(upstream:track)%00%(upstream:remotename)%00%(upstream:remoteref) refs/heads/main refs/remotes/main [4ms]
2024-09-05 14:57:48.481 [info] > git config --local branch.main.vscode-merge-base [3ms]
2024-09-05 14:57:48.482 [warning] [Git][config] git config failed: Failed to execute git
2024-09-05 14:57:48.491 [info] > git reflog main --grep-reflog=branch: Created from *. [1ms]
2024-09-05 14:57:48.497 [info] > git symbolic-ref --short refs/remotes/origin/HEAD [2ms]
2024-09-05 14:57:48.497 [info] fatal: ref refs/remotes/origin/HEAD is not a symbolic ref
2024-09-05 14:57:53.486 [info] > git config --get commit.template [6ms]
2024-09-05 14:57:53.489 [info] > git for-each-ref --format=%(refname)%00%(upstream:short)%00%(objectname)%00%(upstream:track)%00%(upstream:remotename)%00%(upstream:remoteref) refs/heads/main refs/remotes/main [4ms]
2024-09-05 14:57:53.516 [info] > git status -z -uall [23ms]
2024-09-05 14:57:53.525 [info] > git for-each-ref --format=%(refname)%00%(upstream:short)%00%(objectname)%00%(upstream:track)%00%(upstream:remotename)%00%(upstream:remoteref) refs/heads/main refs/remotes/main [3ms]
2024-09-05 14:57:53.531 [info] > git config --local branch.main.vscode-merge-base [2ms]
2024-09-05 14:57:53.531 [warning] [Git][config] git config failed: Failed to execute git
2024-09-05 14:57:53.539 [info] > git reflog main --grep-reflog=branch: Created from *. [3ms]
2024-09-05 14:57:53.545 [info] > git symbolic-ref --short refs/remotes/origin/HEAD [3ms]
2024-09-05 14:57:53.545 [info] fatal: ref refs/remotes/origin/HEAD is not a symbolic ref
2024-09-05 14:57:58.536 [info] > git config --get commit.template [6ms]
2024-09-05 14:57:58.538 [info] > git for-each-ref --format=%(refname)%00%(upstream:short)%00%(objectname)%00%(upstream:track)%00%(upstream:remotename)%00%(upstream:remoteref) refs/heads/main refs/remotes/main [3ms]
2024-09-05 14:57:58.566 [info] > git status -z -uall [22ms]
2024-09-05 14:57:58.575 [info] > git for-each-ref --format=%(refname)%00%(upstream:short)%00%(objectname)%00%(upstream:track)%00%(upstream:remotename)%00%(upstream:remoteref) refs/heads/main refs/remotes/main [4ms]
2024-09-05 14:57:58.583 [info] > git config --local branch.main.vscode-merge-base [3ms]
2024-09-05 14:57:58.583 [warning] [Git][config] git config failed: Failed to execute git
2024-09-05 14:57:58.591 [info] > git reflog main --grep-reflog=branch: Created from *. [4ms]
2024-09-05 14:57:58.598 [info] > git symbolic-ref --short refs/remotes/origin/HEAD [2ms]
2024-09-05 14:57:58.598 [info] fatal: ref refs/remotes/origin/HEAD is not a symbolic ref
2024-09-05 14:58:03.583 [info] > git config --get commit.template [3ms]
2024-09-05 14:58:03.593 [info] > git for-each-ref --format=%(refname)%00%(upstream:short)%00%(objectname)%00%(upstream:track)%00%(upstream:remotename)%00%(upstream:remoteref) refs/heads/main refs/remotes/main [1ms]
2024-09-05 14:58:03.621 [info] > git status -z -uall [22ms]
2024-09-05 14:58:03.630 [info] > git for-each-ref --format=%(refname)%00%(upstream:short)%00%(objectname)%00%(upstream:track)%00%(upstream:remotename)%00%(upstream:remoteref) refs/heads/main refs/remotes/main [4ms]
2024-09-05 14:58:03.639 [info] > git config --local branch.main.vscode-merge-base [2ms]
2024-09-05 14:58:03.639 [warning] [Git][config] git config failed: Failed to execute git
2024-09-05 14:58:03.646 [info] > git reflog main --grep-reflog=branch: Created from *. [3ms]
2024-09-05 14:58:03.652 [info] > git symbolic-ref --short refs/remotes/origin/HEAD [2ms]
2024-09-05 14:58:03.653 [info] fatal: ref refs/remotes/origin/HEAD is not a symbolic ref
2024-09-05 14:58:08.641 [info] > git config --get commit.template [5ms]
2024-09-05 14:58:08.643 [info] > git for-each-ref --format=%(refname)%00%(upstream:short)%00%(objectname)%00%(upstream:track)%00%(upstream:remotename)%00%(upstream:remoteref) refs/heads/main refs/remotes/main [2ms]
2024-09-05 14:58:08.668 [info] > git status -z -uall [22ms]
2024-09-05 14:58:08.677 [info] > git for-each-ref --format=%(refname)%00%(upstream:short)%00%(objectname)%00%(upstream:track)%00%(upstream:remotename)%00%(upstream:remoteref) refs/heads/main refs/remotes/main [5ms]
2024-09-05 14:58:08.682 [info] > git config --local branch.main.vscode-merge-base [2ms]
2024-09-05 14:58:08.683 [warning] [Git][config] git config failed: Failed to execute git
2024-09-05 14:58:08.689 [info] > git reflog main --grep-reflog=branch: Created from *. [3ms]
2024-09-05 14:58:08.694 [info] > git symbolic-ref --short refs/remotes/origin/HEAD [2ms]
2024-09-05 14:58:08.694 [info] fatal: ref refs/remotes/origin/HEAD is not a symbolic ref
2024-09-05 14:58:13.689 [info] > git config --get commit.template [6ms]
2024-09-05 14:58:13.691 [info] > git for-each-ref --format=%(refname)%00%(upstream:short)%00%(objectname)%00%(upstream:track)%00%(upstream:remotename)%00%(upstream:remoteref) refs/heads/main refs/remotes/main [2ms]
2024-09-05 14:58:13.717 [info] > git status -z -uall [22ms]
2024-09-05 14:58:13.727 [info] > git for-each-ref --format=%(refname)%00%(upstream:short)%00%(objectname)%00%(upstream:track)%00%(upstream:remotename)%00%(upstream:remoteref) refs/heads/main refs/remotes/main [3ms]
2024-09-05 14:58:13.734 [info] > git config --local branch.main.vscode-merge-base [2ms]
2024-09-05 14:58:13.734 [warning] [Git][config] git config failed: Failed to execute git
2024-09-05 14:58:13.741 [info] > git reflog main --grep-reflog=branch: Created from *. [3ms]
2024-09-05 14:58:13.747 [info] > git symbolic-ref --short refs/remotes/origin/HEAD [2ms]
2024-09-05 14:58:13.747 [info] fatal: ref refs/remotes/origin/HEAD is not a symbolic ref
2024-09-05 14:58:18.737 [info] > git config --get commit.template [5ms]
2024-09-05 14:58:18.739 [info] > git for-each-ref --format=%(refname)%00%(upstream:short)%00%(objectname)%00%(upstream:track)%00%(upstream:remotename)%00%(upstream:remoteref) refs/heads/main refs/remotes/main [3ms]
2024-09-05 14:58:18.764 [info] > git status -z -uall [22ms]
2024-09-05 14:58:18.775 [info] > git for-each-ref --format=%(refname)%00%(upstream:short)%00%(objectname)%00%(upstream:track)%00%(upstream:remotename)%00%(upstream:remoteref) refs/heads/main refs/remotes/main [6ms]
2024-09-05 14:58:18.783 [info] > git config --local branch.main.vscode-merge-base [3ms]
2024-09-05 14:58:18.783 [warning] [Git][config] git config failed: Failed to execute git
2024-09-05 14:58:18.794 [info] > git reflog main --grep-reflog=branch: Created from *. [5ms]
2024-09-05 14:58:18.799 [info] > git symbolic-ref --short refs/remotes/origin/HEAD [2ms]
2024-09-05 14:58:18.799 [info] fatal: ref refs/remotes/origin/HEAD is not a symbolic ref
2024-09-05 14:58:23.781 [info] > git config --get commit.template [5ms]
2024-09-05 14:58:23.783 [info] > git for-each-ref --format=%(refname)%00%(upstream:short)%00%(objectname)%00%(upstream:track)%00%(upstream:remotename)%00%(upstream:remoteref) refs/heads/main refs/remotes/main [3ms]
2024-09-05 14:58:23.807 [info] > git status -z -uall [21ms]
2024-09-05 14:58:23.819 [info] > git for-each-ref --format=%(refname)%00%(upstream:short)%00%(objectname)%00%(upstream:track)%00%(upstream:remotename)%00%(upstream:remoteref) refs/heads/main refs/remotes/main [4ms]
2024-09-05 14:58:23.826 [info] > git config --local branch.main.vscode-merge-base [1ms]
2024-09-05 14:58:23.826 [warning] [Git][config] git config failed: Failed to execute git
2024-09-05 14:58:23.832 [info] > git reflog main --grep-reflog=branch: Created from *. [3ms]
2024-09-05 14:58:23.838 [info] > git symbolic-ref --short refs/remotes/origin/HEAD [2ms]
2024-09-05 14:58:23.838 [info] fatal: ref refs/remotes/origin/HEAD is not a symbolic ref
2024-09-05 14:58:28.830 [info] > git config --get commit.template [6ms]
2024-09-05 14:58:28.830 [info] > git for-each-ref --format=%(refname)%00%(upstream:short)%00%(objectname)%00%(upstream:track)%00%(upstream:remotename)%00%(upstream:remoteref) refs/heads/main refs/remotes/main [3ms]
2024-09-05 14:58:28.855 [info] > git status -z -uall [21ms]
2024-09-05 14:58:28.862 [info] > git for-each-ref --format=%(refname)%00%(upstream:short)%00%(objectname)%00%(upstream:track)%00%(upstream:remotename)%00%(upstream:remoteref) refs/heads/main refs/remotes/main [3ms]
2024-09-05 14:58:28.868 [info] > git config --local branch.main.vscode-merge-base [2ms]
2024-09-05 14:58:28.868 [warning] [Git][config] git config failed: Failed to execute git
2024-09-05 14:58:28.875 [info] > git reflog main --grep-reflog=branch: Created from *. [3ms]
2024-09-05 14:58:28.880 [info] > git symbolic-ref --short refs/remotes/origin/HEAD [2ms]
2024-09-05 14:58:28.880 [info] fatal: ref refs/remotes/origin/HEAD is not a symbolic ref
2024-09-05 14:58:33.873 [info] > git config --get commit.template [5ms]
2024-09-05 14:58:33.874 [info] > git for-each-ref --format=%(refname)%00%(upstream:short)%00%(objectname)%00%(upstream:track)%00%(upstream:remotename)%00%(upstream:remoteref) refs/heads/main refs/remotes/main [3ms]
2024-09-05 14:58:33.899 [info] > git status -z -uall [21ms]
2024-09-05 14:58:33.907 [info] > git for-each-ref --format=%(refname)%00%(upstream:short)%00%(objectname)%00%(upstream:track)%00%(upstream:remotename)%00%(upstream:remoteref) refs/heads/main refs/remotes/main [3ms]
2024-09-05 14:58:33.914 [info] > git config --local branch.main.vscode-merge-base [2ms]
2024-09-05 14:58:33.914 [warning] [Git][config] git config failed: Failed to execute git
2024-09-05 14:58:33.920 [info] > git reflog main --grep-reflog=branch: Created from *. [3ms]
2024-09-05 14:58:33.926 [info] > git symbolic-ref --short refs/remotes/origin/HEAD [2ms]
2024-09-05 14:58:33.926 [info] fatal: ref refs/remotes/origin/HEAD is not a symbolic ref
2024-09-05 14:58:38.916 [info] > git config --get commit.template [5ms]
2024-09-05 14:58:38.918 [info] > git for-each-ref --format=%(refname)%00%(upstream:short)%00%(objectname)%00%(upstream:track)%00%(upstream:remotename)%00%(upstream:remoteref) refs/heads/main refs/remotes/main [3ms]
2024-09-05 14:58:38.942 [info] > git status -z -uall [20ms]
2024-09-05 14:58:38.950 [info] > git for-each-ref --format=%(refname)%00%(upstream:short)%00%(objectname)%00%(upstream:track)%00%(upstream:remotename)%00%(upstream:remoteref) refs/heads/main refs/remotes/main [4ms]
2024-09-05 14:58:38.955 [info] > git config --local branch.main.vscode-merge-base [2ms]
2024-09-05 14:58:38.955 [warning] [Git][config] git config failed: Failed to execute git
2024-09-05 14:58:38.961 [info] > git reflog main --grep-reflog=branch: Created from *. [3ms]
2024-09-05 14:58:38.966 [info] > git symbolic-ref --short refs/remotes/origin/HEAD [2ms]
2024-09-05 14:58:38.966 [info] fatal: ref refs/remotes/origin/HEAD is not a symbolic ref
2024-09-05 14:58:43.960 [info] > git config --get commit.template [5ms]
2024-09-05 14:58:43.962 [info] > git for-each-ref --format=%(refname)%00%(upstream:short)%00%(objectname)%00%(upstream:track)%00%(upstream:remotename)%00%(upstream:remoteref) refs/heads/main refs/remotes/main [2ms]
2024-09-05 14:58:43.986 [info] > git status -z -uall [21ms]
2024-09-05 14:58:43.993 [info] > git for-each-ref --format=%(refname)%00%(upstream:short)%00%(objectname)%00%(upstream:track)%00%(upstream:remotename)%00%(upstream:remoteref) refs/heads/main refs/remotes/main [3ms]
2024-09-05 14:58:43.999 [info] > git config --local branch.main.vscode-merge-base [2ms]
2024-09-05 14:58:43.999 [warning] [Git][config] git config failed: Failed to execute git
2024-09-05 14:58:44.005 [info] > git reflog main --grep-reflog=branch: Created from *. [3ms]
2024-09-05 14:58:44.010 [info] > git symbolic-ref --short refs/remotes/origin/HEAD [2ms]
2024-09-05 14:58:44.010 [info] fatal: ref refs/remotes/origin/HEAD is not a symbolic ref
2024-09-05 14:58:49.010 [info] > git config --get commit.template [10ms]
2024-09-05 14:58:49.013 [info] > git for-each-ref --format=%(refname)%00%(upstream:short)%00%(objectname)%00%(upstream:track)%00%(upstream:remotename)%00%(upstream:remoteref) refs/heads/main refs/remotes/main [6ms]
2024-09-05 14:58:49.041 [info] > git status -z -uall [22ms]
2024-09-05 14:58:49.049 [info] > git for-each-ref --format=%(refname)%00%(upstream:short)%00%(objectname)%00%(upstream:track)%00%(upstream:remotename)%00%(upstream:remoteref) refs/heads/main refs/remotes/main [3ms]
2024-09-05 14:58:49.055 [info] > git config --local branch.main.vscode-merge-base [2ms]
2024-09-05 14:58:49.055 [warning] [Git][config] git config failed: Failed to execute git
2024-09-05 14:58:49.063 [info] > git reflog main --grep-reflog=branch: Created from *. [2ms]
2024-09-05 14:58:49.068 [info] > git symbolic-ref --short refs/remotes/origin/HEAD [1ms]
2024-09-05 14:58:49.068 [info] fatal: ref refs/remotes/origin/HEAD is not a symbolic ref
2024-09-05 14:58:54.058 [info] > git config --get commit.template [5ms]
2024-09-05 14:58:54.060 [info] > git for-each-ref --format=%(refname)%00%(upstream:short)%00%(objectname)%00%(upstream:track)%00%(upstream:remotename)%00%(upstream:remoteref) refs/heads/main refs/remotes/main [2ms]
2024-09-05 14:58:54.084 [info] > git status -z -uall [21ms]
2024-09-05 14:58:54.097 [info] > git for-each-ref --format=%(refname)%00%(upstream:short)%00%(objectname)%00%(upstream:track)%00%(upstream:remotename)%00%(upstream:remoteref) refs/heads/main refs/remotes/main [8ms]
2024-09-05 14:58:54.102 [info] > git config --local branch.main.vscode-merge-base [2ms]
2024-09-05 14:58:54.103 [warning] [Git][config] git config failed: Failed to execute git
2024-09-05 14:58:54.110 [info] > git reflog main --grep-reflog=branch: Created from *. [3ms]
2024-09-05 14:58:54.115 [info] > git symbolic-ref --short refs/remotes/origin/HEAD [2ms]
2024-09-05 14:58:54.115 [info] fatal: ref refs/remotes/origin/HEAD is not a symbolic ref
2024-09-05 14:58:59.109 [info] > git config --get commit.template [5ms]
2024-09-05 14:58:59.110 [info] > git for-each-ref --format=%(refname)%00%(upstream:short)%00%(objectname)%00%(upstream:track)%00%(upstream:remotename)%00%(upstream:remoteref) refs/heads/main refs/remotes/main [3ms]
2024-09-05 14:58:59.137 [info] > git status -z -uall [23ms]
2024-09-05 14:58:59.147 [info] > git for-each-ref --format=%(refname)%00%(upstream:short)%00%(objectname)%00%(upstream:track)%00%(upstream:remotename)%00%(upstream:remoteref) refs/heads/main refs/remotes/main [4ms]
2024-09-05 14:58:59.154 [info] > git config --local branch.main.vscode-merge-base [1ms]
2024-09-05 14:58:59.154 [warning] [Git][config] git config failed: Failed to execute git
2024-09-05 14:58:59.161 [info] > git reflog main --grep-reflog=branch: Created from *. [3ms]
2024-09-05 14:58:59.168 [info] > git symbolic-ref --short refs/remotes/origin/HEAD [1ms]
2024-09-05 14:58:59.168 [info] fatal: ref refs/remotes/origin/HEAD is not a symbolic ref
2024-09-05 14:59:04.157 [info] > git config --get commit.template [6ms]
2024-09-05 14:59:04.159 [info] > git for-each-ref --format=%(refname)%00%(upstream:short)%00%(objectname)%00%(upstream:track)%00%(upstream:remotename)%00%(upstream:remoteref) refs/heads/main refs/remotes/main [3ms]
2024-09-05 14:59:04.186 [info] > git status -z -uall [23ms]
2024-09-05 14:59:04.195 [info] > git for-each-ref --format=%(refname)%00%(upstream:short)%00%(objectname)%00%(upstream:track)%00%(upstream:remotename)%00%(upstream:remoteref) refs/heads/main refs/remotes/main [3ms]
2024-09-05 14:59:04.201 [info] > git config --local branch.main.vscode-merge-base [2ms]
2024-09-05 14:59:04.201 [warning] [Git][config] git config failed: Failed to execute git
2024-09-05 14:59:04.208 [info] > git reflog main --grep-reflog=branch: Created from *. [3ms]
2024-09-05 14:59:04.214 [info] > git symbolic-ref --short refs/remotes/origin/HEAD [1ms]
2024-09-05 14:59:04.214 [info] fatal: ref refs/remotes/origin/HEAD is not a symbolic ref
2024-09-05 14:59:09.206 [info] > git config --get commit.template [6ms]
2024-09-05 14:59:09.208 [info] > git for-each-ref --format=%(refname)%00%(upstream:short)%00%(objectname)%00%(upstream:track)%00%(upstream:remotename)%00%(upstream:remoteref) refs/heads/main refs/remotes/main [3ms]
2024-09-05 14:59:09.236 [info] > git status -z -uall [23ms]
2024-09-05 14:59:09.248 [info] > git for-each-ref --format=%(refname)%00%(upstream:short)%00%(objectname)%00%(upstream:track)%00%(upstream:remotename)%00%(upstream:remoteref) refs/heads/main refs/remotes/main [6ms]
2024-09-05 14:59:09.260 [info] > git config --local branch.main.vscode-merge-base [4ms]
2024-09-05 14:59:09.260 [warning] [Git][config] git config failed: Failed to execute git
2024-09-05 14:59:09.268 [info] > git reflog main --grep-reflog=branch: Created from *. [3ms]
2024-09-05 14:59:09.274 [info] > git symbolic-ref --short refs/remotes/origin/HEAD [2ms]
2024-09-05 14:59:09.274 [info] fatal: ref refs/remotes/origin/HEAD is not a symbolic ref
2024-09-05 14:59:14.256 [info] > git config --get commit.template [1ms]
2024-09-05 14:59:14.262 [info] > git for-each-ref --format=%(refname)%00%(upstream:short)%00%(objectname)%00%(upstream:track)%00%(upstream:remotename)%00%(upstream:remoteref) refs/heads/main refs/remotes/main [2ms]
2024-09-05 14:59:14.288 [info] > git status -z -uall [22ms]
2024-09-05 14:59:14.296 [info] > git for-each-ref --format=%(refname)%00%(upstream:short)%00%(objectname)%00%(upstream:track)%00%(upstream:remotename)%00%(upstream:remoteref) refs/heads/main refs/remotes/main [4ms]
2024-09-05 14:59:14.301 [info] > git config --local branch.main.vscode-merge-base [2ms]
2024-09-05 14:59:14.301 [warning] [Git][config] git config failed: Failed to execute git
2024-09-05 14:59:14.309 [info] > git reflog main --grep-reflog=branch: Created from *. [3ms]
2024-09-05 14:59:14.314 [info] > git symbolic-ref --short refs/remotes/origin/HEAD [2ms]
2024-09-05 14:59:14.314 [info] fatal: ref refs/remotes/origin/HEAD is not a symbolic ref
2024-09-05 14:59:20.231 [info] > git config --get commit.template [4ms]
2024-09-05 14:59:20.233 [info] > git for-each-ref --format=%(refname)%00%(upstream:short)%00%(objectname)%00%(upstream:track)%00%(upstream:remotename)%00%(upstream:remoteref) refs/heads/main refs/remotes/main [3ms]
2024-09-05 14:59:20.257 [info] > git status -z -uall [20ms]
2024-09-05 14:59:20.265 [info] > git for-each-ref --format=%(refname)%00%(upstream:short)%00%(objectname)%00%(upstream:track)%00%(upstream:remotename)%00%(upstream:remoteref) refs/heads/main refs/remotes/main [4ms]
2024-09-05 14:59:20.271 [info] > git config --local branch.main.vscode-merge-base [1ms]
2024-09-05 14:59:20.271 [warning] [Git][config] git config failed: Failed to execute git
2024-09-05 14:59:20.277 [info] > git reflog main --grep-reflog=branch: Created from *. [3ms]
2024-09-05 14:59:20.282 [info] > git symbolic-ref --short refs/remotes/origin/HEAD [2ms]
2024-09-05 14:59:20.282 [info] fatal: ref refs/remotes/origin/HEAD is not a symbolic ref
